    Time(yr)   SMco2_tot(kg)   AQco2_tot(kg)
  0.0000E+00      0.0000E+00      0.0000E+00
  0.1054E-01      0.0000E+00      0.1860E+07
  0.6431E-01      0.0000E+00      0.1075E+08
  0.2768E+00      0.0000E+00      0.4578E+08
  0.6469E+00      0.0000E+00      0.9503E+08
  0.1727E+01      0.0000E+00      0.2429E+09
  0.2338E+01      0.0000E+00      0.3135E+09
  0.3275E+01      0.0000E+00      0.4120E+09
  0.3904E+01      0.0000E+00      0.4742E+09
  0.4596E+01      0.0000E+00      0.5477E+09
  0.5438E+01      0.0000E+00      0.6320E+09
  0.5990E+01      0.0000E+00      0.6925E+09
  0.6679E+01      0.0000E+00      0.7657E+09
  0.7394E+01      0.0000E+00      0.8289E+09
  0.8227E+01      0.0000E+00      0.9055E+09
  0.8617E+01      0.0000E+00      0.9554E+09
  0.9276E+01      0.0000E+00      0.1008E+10
  0.9845E+01      0.0000E+00      0.1073E+10
  0.1072E+02      0.0000E+00      0.1165E+10
  0.1141E+02      0.0000E+00      0.1225E+10
  0.1209E+02      0.0000E+00      0.1311E+10
  0.1252E+02      0.0000E+00      0.1322E+10
  0.1312E+02      0.0000E+00      0.1405E+10
  0.1379E+02      0.0000E+00      0.1477E+10
  0.1471E+02      0.0000E+00      0.1530E+10
  0.1539E+02      0.0000E+00      0.1637E+10
  0.1580E+02      0.0000E+00      0.1644E+10
  0.1649E+02      0.0000E+00      0.1758E+10
  0.1737E+02      0.0000E+00      0.1801E+10
  0.1778E+02      0.0000E+00      0.1867E+10
  0.1842E+02      0.0000E+00      0.1910E+10
  0.1941E+02      0.0000E+00      0.2067E+10
  0.2010E+02      0.0000E+00      0.2088E+10
  0.2054E+02      0.0000E+00      0.2099E+10
  0.2099E+02      0.0000E+00      0.2241E+10
  0.2150E+02      0.0000E+00      0.2273E+10
  0.2162E+02      0.0000E+00      0.2281E+10
  0.2234E+02      0.0000E+00      0.2302E+10
  0.2314E+02      0.0000E+00      0.2402E+10
  0.2383E+02      0.0000E+00      0.2459E+10
  0.2437E+02      0.0000E+00      0.2487E+10
  0.2505E+02      0.0000E+00      0.2557E+10
  0.2565E+02      0.0000E+00      0.2697E+10
  0.2619E+02      0.0000E+00      0.2709E+10
  0.2698E+02      0.0000E+00      0.2720E+10
  0.2754E+02      0.0000E+00      0.2929E+10
  0.2782E+02      0.0000E+00      0.2944E+10
  0.2838E+02      0.0000E+00      0.2979E+10
  0.2975E+02      0.0000E+00      0.3038E+10
  0.3062E+02      0.0000E+00      0.3160E+10
  0.3123E+02      0.0000E+00      0.3218E+10
  0.3172E+02      0.0000E+00      0.3233E+10
  0.3280E+02      0.0000E+00      0.3276E+10
  0.3323E+02      0.0000E+00      0.3372E+10
  0.3406E+02      0.0000E+00      0.3570E+10
  0.3473E+02      0.0000E+00      0.3585E+10
  0.3516E+02      0.0000E+00      0.3592E+10
  0.3522E+02      0.0000E+00      0.3593E+10
  0.3547E+02      0.0000E+00      0.3597E+10
  0.3675E+02      0.0000E+00      0.3769E+10
  0.3721E+02      0.0000E+00      0.3929E+10
  0.3759E+02      0.0000E+00      0.3959E+10
  0.3767E+02      0.0000E+00      0.3961E+10
  0.3817E+02      0.0000E+00      0.3992E+10
  0.3928E+02      0.0000E+00      0.4024E+10
  0.4005E+02      0.0000E+00      0.4063E+10
  0.4109E+02      0.0000E+00      0.4227E+10
  0.4143E+02      0.0000E+00      0.4233E+10
  0.4153E+02      0.0000E+00      0.4234E+10
  0.4226E+02      0.0000E+00      0.4315E+10
  0.4340E+02      0.0000E+00      0.4391E+10
  0.4399E+02      0.0000E+00      0.4406E+10
  0.4463E+02      0.0000E+00      0.4534E+10
  0.4493E+02      0.0000E+00      0.4540E+10
  0.4548E+02      0.0000E+00      0.4556E+10
  0.4667E+02      0.0000E+00      0.4828E+10
  0.4696E+02      0.0000E+00      0.4834E+10
  0.4766E+02      0.0000E+00      0.4851E+10
  0.4779E+02      0.0000E+00      0.4853E+10
  0.4877E+02      0.0000E+00      0.4961E+10
  0.4997E+02      0.0000E+00      0.5116E+10
  0.5013E+02      0.0000E+00      0.5321E+10
  0.5107E+02      0.0000E+00      0.5392E+10
  0.5199E+02      0.0000E+00      0.5430E+10
  0.5276E+02      0.0000E+00      0.5451E+10
  0.5327E+02      0.0000E+00      0.5460E+10
  0.5335E+02      0.0000E+00      0.5461E+10
  0.5348E+02      0.0000E+00      0.5463E+10
  0.5357E+02      0.0000E+00      0.5465E+10
  0.5460E+02      0.0000E+00      0.5521E+10
  0.5597E+02      0.0000E+00      0.5762E+10
  0.5712E+02      0.0000E+00      0.5883E+10
  0.5748E+02      0.0000E+00      0.5890E+10
  0.5754E+02      0.0000E+00      0.5891E+10
  0.5775E+02      0.0000E+00      0.5895E+10
  0.5781E+02      0.0000E+00      0.5896E+10
  0.5856E+02      0.0000E+00      0.5926E+10
  0.5868E+02      0.0000E+00      0.5927E+10
  0.5900E+02      0.0000E+00      0.5938E+10
  0.5981E+02      0.0000E+00      0.6017E+10
  0.6021E+02      0.0000E+00      0.6022E+10
  0.6055E+02      0.0000E+00      0.6025E+10
  0.6152E+02      0.0000E+00      0.6218E+10
  0.6170E+02      0.0000E+00      0.6221E+10
  0.6305E+02      0.0000E+00      0.6258E+10
  0.6380E+02      0.0000E+00      0.6628E+10
  0.6466E+02      0.0000E+00      0.6648E+10
  0.6587E+02      0.0000E+00      0.6689E+10
  0.6655E+02      0.0000E+00      0.6726E+10
  0.6702E+02      0.0000E+00      0.6820E+10
  0.6780E+02      0.0000E+00      0.6848E+10
  0.6917E+02      0.0000E+00      0.7101E+10
  0.6954E+02      0.0000E+00      0.7404E+10
  0.6962E+02      0.0000E+00      0.7406E+10
  0.6972E+02      0.0000E+00      0.7420E+10
  0.7086E+02      0.0000E+00      0.7459E+10
  0.7223E+02      0.0000E+00      0.7517E+10
  0.7360E+02      0.0000E+00      0.7553E+10
  0.7399E+02      0.0000E+00      0.7615E+10
  0.7407E+02      0.0000E+00      0.7617E+10
  0.7489E+02      0.0000E+00      0.7635E+10
  0.7626E+02      0.0000E+00      0.7940E+10
  0.7659E+02      0.0000E+00      0.7972E+10
  0.7705E+02      0.0000E+00      0.7983E+10
  0.7718E+02      0.0000E+00      0.7986E+10
  0.7745E+02      0.0000E+00      0.7991E+10
  0.7798E+02      0.0000E+00      0.8001E+10
  0.7828E+02      0.0000E+00      0.8006E+10
  0.7944E+02      0.0000E+00      0.8176E+10
  0.7954E+02      0.0000E+00      0.8178E+10
  0.8010E+02      0.0000E+00      0.8188E+10
  0.8015E+02      0.0000E+00      0.8189E+10
  0.8020E+02      0.0000E+00      0.8190E+10
  0.8071E+02      0.0000E+00      0.8223E+10
  0.8208E+02      0.0000E+00      0.8345E+10
  0.8345E+02      0.0000E+00      0.8366E+10
  0.8482E+02      0.0000E+00      0.8637E+10
  0.8515E+02      0.0000E+00      0.8644E+10
  0.8547E+02      0.0000E+00      0.8651E+10
  0.8584E+02      0.0000E+00      0.8665E+10
  0.8721E+02      0.0000E+00      0.8712E+10
  0.8746E+02      0.0000E+00      0.8715E+10
  0.8813E+02      0.0000E+00      0.8725E+10
  0.8950E+02      0.0000E+00      0.9281E+10
  0.9056E+02      0.0000E+00      0.9360E+10
  0.9101E+02      0.0000E+00      0.9371E+10
  0.9237E+02      0.0000E+00      0.9400E+10
  0.9371E+02      0.0000E+00      0.9554E+10
  0.9384E+02      0.0000E+00      0.9556E+10
  0.9510E+02      0.0000E+00      0.9904E+10
  0.9532E+02      0.0000E+00      0.9911E+10
  0.9586E+02      0.0000E+00      0.9925E+10
  0.9682E+02      0.0000E+00      0.9989E+10
  0.9688E+02      0.0000E+00      0.9990E+10
  0.9731E+02      0.0000E+00      0.1042E+11
  0.9789E+02      0.0000E+00      0.1045E+11
  0.9854E+02      0.0000E+00      0.1047E+11
  0.9991E+02      0.0000E+00      0.1051E+11
  0.9993E+02      0.0000E+00      0.1051E+11
  0.1013E+03      0.0000E+00      0.1049E+11
  0.1026E+03      0.0000E+00      0.1053E+11
  0.1037E+03      0.0000E+00      0.1054E+11
  0.1042E+03      0.0000E+00      0.1054E+11
  0.1048E+03      0.0000E+00      0.1055E+11
  0.1054E+03      0.0000E+00      0.1056E+11
  0.1060E+03      0.0000E+00      0.1056E+11
  0.1066E+03      0.0000E+00      0.1057E+11
  0.1073E+03      0.0000E+00      0.1058E+11
  0.1079E+03      0.0000E+00      0.1059E+11
  0.1086E+03      0.0000E+00      0.1059E+11
  0.1092E+03      0.0000E+00      0.1060E+11
  0.1097E+03      0.0000E+00      0.1060E+11
  0.1101E+03      0.0000E+00      0.1061E+11
  0.1104E+03      0.0000E+00      0.1061E+11
  0.1107E+03      0.0000E+00      0.1061E+11
  0.1110E+03      0.0000E+00      0.1062E+11
  0.1114E+03      0.0000E+00      0.1062E+11
  0.1117E+03      0.0000E+00      0.1063E+11
  0.1120E+03      0.0000E+00      0.1063E+11
  0.1124E+03      0.0000E+00      0.1063E+11
  0.1128E+03      0.0000E+00      0.1064E+11
  0.1130E+03      0.0000E+00      0.1064E+11
  0.1134E+03      0.0000E+00      0.1064E+11
  0.1137E+03      0.0000E+00      0.1064E+11
  0.1139E+03      0.0000E+00      0.1065E+11
  0.1143E+03      0.0000E+00      0.1065E+11
  0.1146E+03      0.0000E+00      0.1065E+11
  0.1150E+03      0.0000E+00      0.1065E+11
  0.1154E+03      0.0000E+00      0.1066E+11
  0.1158E+03      0.0000E+00      0.1103E+11
  0.1161E+03      0.0000E+00      0.1103E+11
  0.1164E+03      0.0000E+00      0.1104E+11
  0.1167E+03      0.0000E+00      0.1104E+11
  0.1170E+03      0.0000E+00      0.1105E+11
  0.1171E+03      0.0000E+00      0.1105E+11
  0.1171E+03      0.0000E+00      0.1105E+11
  0.1172E+03      0.0000E+00      0.1105E+11
  0.1172E+03      0.0000E+00      0.1105E+11
  0.1174E+03      0.0000E+00      0.1105E+11
  0.1176E+03      0.0000E+00      0.1105E+11
  0.1178E+03      0.0000E+00      0.1106E+11
  0.1180E+03      0.0000E+00      0.1106E+11
  0.1182E+03      0.0000E+00      0.1106E+11
  0.1185E+03      0.0000E+00      0.1106E+11
  0.1186E+03      0.0000E+00      0.1107E+11
  0.1187E+03      0.0000E+00      0.1107E+11
  0.1189E+03      0.0000E+00      0.1107E+11
  0.1191E+03      0.0000E+00      0.1107E+11
  0.1193E+03      0.0000E+00      0.1108E+11
  0.1197E+03      0.0000E+00      0.1108E+11
  0.1200E+03      0.0000E+00      0.1108E+11
  0.1203E+03      0.0000E+00      0.1109E+11
  0.1205E+03      0.0000E+00      0.1109E+11
  0.1206E+03      0.0000E+00      0.1109E+11
  0.1209E+03      0.0000E+00      0.1109E+11
  0.1211E+03      0.0000E+00      0.1110E+11
  0.1211E+03      0.0000E+00      0.1110E+11
  0.1213E+03      0.0000E+00      0.1110E+11
  0.1214E+03      0.0000E+00      0.1110E+11
  0.1216E+03      0.0000E+00      0.1110E+11
  0.1217E+03      0.0000E+00      0.1110E+11
  0.1217E+03      0.0000E+00      0.1110E+11
  0.1217E+03      0.0000E+00      0.1110E+11
  0.1218E+03      0.0000E+00      0.1110E+11
  0.1219E+03      0.0000E+00      0.1111E+11
  0.1223E+03      0.0000E+00      0.1111E+11
  0.1225E+03      0.0000E+00      0.1111E+11
  0.1226E+03      0.0000E+00      0.1111E+11
  0.1228E+03      0.0000E+00      0.1112E+11
  0.1231E+03      0.0000E+00      0.1112E+11
  0.1231E+03      0.0000E+00      0.1112E+11
  0.1232E+03      0.0000E+00      0.1112E+11
  0.1236E+03      0.0000E+00      0.1113E+11
  0.1249E+03      0.0000E+00      0.1114E+11
  0.1263E+03      0.0000E+00      0.1116E+11
  0.1274E+03      0.0000E+00      0.1120E+11
  0.1288E+03      0.0000E+00      0.1121E+11
  0.1300E+03      0.0000E+00      0.1122E+11
  0.1306E+03      0.0000E+00      0.1123E+11
  0.1318E+03      0.0000E+00      0.1124E+11
  0.1332E+03      0.0000E+00      0.1126E+11
  0.1343E+03      0.0000E+00      0.1128E+11
  0.1357E+03      0.0000E+00      0.1129E+11
  0.1367E+03      0.0000E+00      0.1130E+11
  0.1373E+03      0.0000E+00      0.1131E+11
  0.1379E+03      0.0000E+00      0.1131E+11
  0.1385E+03      0.0000E+00      0.1132E+11
  0.1386E+03      0.0000E+00      0.1132E+11
  0.1387E+03      0.0000E+00      0.1132E+11
  0.1393E+03      0.0000E+00      0.1133E+11
  0.1398E+03      0.0000E+00      0.1133E+11
  0.1404E+03      0.0000E+00      0.1134E+11
  0.1410E+03      0.0000E+00      0.1134E+11
  0.1416E+03      0.0000E+00      0.1135E+11
  0.1422E+03      0.0000E+00      0.1136E+11
  0.1428E+03      0.0000E+00      0.1136E+11
  0.1435E+03      0.0000E+00      0.1137E+11
  0.1442E+03      0.0000E+00      0.1137E+11
  0.1450E+03      0.0000E+00      0.1138E+11
  0.1457E+03      0.0000E+00      0.1138E+11
  0.1464E+03      0.0000E+00      0.1139E+11
  0.1472E+03      0.0000E+00      0.1140E+11
  0.1473E+03      0.0000E+00      0.1140E+11
  0.1475E+03      0.0000E+00      0.1140E+11
  0.1483E+03      0.0000E+00      0.1141E+11
  0.1491E+03      0.0000E+00      0.1141E+11
  0.1499E+03      0.0000E+00      0.1142E+11
  0.1507E+03      0.0000E+00      0.1144E+11
  0.1517E+03      0.0000E+00      0.1145E+11
  0.1525E+03      0.0000E+00      0.1145E+11
  0.1535E+03      0.0000E+00      0.1146E+11
  0.1543E+03      0.0000E+00      0.1147E+11
  0.1543E+03      0.0000E+00      0.1147E+11
  0.1546E+03      0.0000E+00      0.1147E+11
  0.1554E+03      0.0000E+00      0.1147E+11
  0.1564E+03      0.0000E+00      0.1148E+11
  0.1574E+03      0.0000E+00      0.1195E+11
  0.1584E+03      0.0000E+00      0.1196E+11
  0.1594E+03      0.0000E+00      0.1197E+11
  0.1604E+03      0.0000E+00      0.1199E+11
  0.1614E+03      0.0000E+00      0.1200E+11
  0.1623E+03      0.0000E+00      0.1201E+11
  0.1633E+03      0.0000E+00      0.1202E+11
  0.1643E+03      0.0000E+00      0.1203E+11
  0.1653E+03      0.0000E+00      0.1204E+11
  0.1663E+03      0.0000E+00      0.1204E+11
  0.1673E+03      0.0000E+00      0.1205E+11
  0.1682E+03      0.0000E+00      0.1275E+11
  0.1691E+03      0.0000E+00      0.1277E+11
  0.1700E+03      0.0000E+00      0.1278E+11
  0.1710E+03      0.0000E+00      0.1280E+11
  0.1718E+03      0.0000E+00      0.1281E+11
  0.1727E+03      0.0000E+00      0.1283E+11
  0.1735E+03      0.0000E+00      0.1284E+11
  0.1744E+03      0.0000E+00      0.1285E+11
  0.1751E+03      0.0000E+00      0.1286E+11
  0.1759E+03      0.0000E+00      0.1287E+11
  0.1767E+03      0.0000E+00      0.1289E+11
  0.1774E+03      0.0000E+00      0.1290E+11
  0.1781E+03      0.0000E+00      0.1292E+11
  0.1782E+03      0.0000E+00      0.1292E+11
  0.1783E+03      0.0000E+00      0.1292E+11
  0.1790E+03      0.0000E+00      0.1293E+11
  0.1796E+03      0.0000E+00      0.1294E+11
  0.1802E+03      0.0000E+00      0.1295E+11
  0.1808E+03      0.0000E+00      0.1296E+11
  0.1814E+03      0.0000E+00      0.1296E+11
  0.1819E+03      0.0000E+00      0.1297E+11
  0.1825E+03      0.0000E+00      0.1298E+11
  0.1831E+03      0.0000E+00      0.1299E+11
  0.1837E+03      0.0000E+00      0.1300E+11
  0.1843E+03      0.0000E+00      0.1300E+11
  0.1849E+03      0.0000E+00      0.1301E+11
  0.1855E+03      0.0000E+00      0.1305E+11
  0.1861E+03      0.0000E+00      0.1306E+11
  0.1867E+03      0.0000E+00      0.1307E+11
  0.1874E+03      0.0000E+00      0.1308E+11
  0.1880E+03      0.0000E+00      0.1309E+11
  0.1886E+03      0.0000E+00      0.1309E+11
  0.1891E+03      0.0000E+00      0.1310E+11
  0.1897E+03      0.0000E+00      0.1311E+11
  0.1903E+03      0.0000E+00      0.1312E+11
  0.1909E+03      0.0000E+00      0.1312E+11
  0.1910E+03      0.0000E+00      0.1313E+11
  0.1911E+03      0.0000E+00      0.1313E+11
  0.1913E+03      0.0000E+00      0.1313E+11
  0.1918E+03      0.0000E+00      0.1314E+11
  0.1924E+03      0.0000E+00      0.1314E+11
  0.1929E+03      0.0000E+00      0.1315E+11
  0.1935E+03      0.0000E+00      0.1316E+11
  0.1940E+03      0.0000E+00      0.1316E+11
  0.1946E+03      0.0000E+00      0.1317E+11
  0.1951E+03      0.0000E+00      0.1318E+11
  0.1957E+03      0.0000E+00      0.1319E+11
  0.1963E+03      0.0000E+00      0.1319E+11
  0.1968E+03      0.0000E+00      0.1320E+11
  0.1973E+03      0.0000E+00      0.1321E+11
  0.1976E+03      0.0000E+00      0.1321E+11
  0.1978E+03      0.0000E+00      0.1321E+11
  0.1981E+03      0.0000E+00      0.1321E+11
  0.1983E+03      0.0000E+00      0.1322E+11
  0.1983E+03      0.0000E+00      0.1322E+11
  0.1984E+03      0.0000E+00      0.1322E+11
  0.1986E+03      0.0000E+00      0.1322E+11
  0.1987E+03      0.0000E+00      0.1322E+11
  0.1990E+03      0.0000E+00      0.1323E+11
  0.1992E+03      0.0000E+00      0.1323E+11
  0.1993E+03      0.0000E+00      0.1323E+11
  0.1996E+03      0.0000E+00      0.1326E+11
  0.1997E+03      0.0000E+00      0.1326E+11
  0.1998E+03      0.0000E+00      0.1326E+11
  0.1999E+03      0.0000E+00      0.1326E+11
  0.2000E+03      0.0000E+00      0.1326E+11
  0.2002E+03      0.0000E+00      0.1326E+11
  0.2003E+03      0.0000E+00      0.1326E+11
  0.2004E+03      0.0000E+00      0.1326E+11
  0.2005E+03      0.0000E+00      0.1327E+11
  0.2006E+03      0.0000E+00      0.1327E+11
  0.2007E+03      0.0000E+00      0.1327E+11
  0.2008E+03      0.0000E+00      0.1327E+11
  0.2009E+03      0.0000E+00      0.1327E+11
  0.2009E+03      0.0000E+00      0.1327E+11
  0.2010E+03      0.0000E+00      0.1327E+11
  0.2010E+03      0.0000E+00      0.1327E+11
  0.2012E+03      0.0000E+00      0.1327E+11
  0.2017E+03      0.0000E+00      0.1328E+11
  0.2023E+03      0.0000E+00      0.1329E+11
  0.2029E+03      0.0000E+00      0.1329E+11
  0.2035E+03      0.0000E+00      0.1330E+11
  0.2040E+03      0.0000E+00      0.1330E+11
  0.2046E+03      0.0000E+00      0.1331E+11
  0.2051E+03      0.0000E+00      0.1332E+11
  0.2052E+03      0.0000E+00      0.1332E+11
  0.2053E+03      0.0000E+00      0.1332E+11
  0.2054E+03      0.0000E+00      0.1332E+11
  0.2059E+03      0.0000E+00      0.1332E+11
  0.2065E+03      0.0000E+00      0.1333E+11
  0.2070E+03      0.0000E+00      0.1333E+11
  0.2076E+03      0.0000E+00      0.1334E+11
  0.2081E+03      0.0000E+00      0.1335E+11
  0.2087E+03      0.0000E+00      0.1335E+11
  0.2092E+03      0.0000E+00      0.1336E+11
  0.2098E+03      0.0000E+00      0.1336E+11
  0.2103E+03      0.0000E+00      0.1337E+11
  0.2108E+03      0.0000E+00      0.1337E+11
  0.2113E+03      0.0000E+00      0.1338E+11
  0.2119E+03      0.0000E+00      0.1338E+11
  0.2124E+03      0.0000E+00      0.1339E+11
  0.2130E+03      0.0000E+00      0.1339E+11
  0.2135E+03      0.0000E+00      0.1393E+11
  0.2140E+03      0.0000E+00      0.1394E+11
  0.2146E+03      0.0000E+00      0.1395E+11
  0.2151E+03      0.0000E+00      0.1396E+11
  0.2156E+03      0.0000E+00      0.1396E+11
  0.2161E+03      0.0000E+00      0.1397E+11
  0.2167E+03      0.0000E+00      0.1398E+11
  0.2172E+03      0.0000E+00      0.1398E+11
  0.2178E+03      0.0000E+00      0.1399E+11
  0.2183E+03      0.0000E+00      0.1400E+11
  0.2189E+03      0.0000E+00      0.1400E+11
  0.2192E+03      0.0000E+00      0.1401E+11
  0.2199E+03      0.0000E+00      0.1402E+11
  0.2205E+03      0.0000E+00      0.1402E+11
  0.2211E+03      0.0000E+00      0.1403E+11
  0.2217E+03      0.0000E+00      0.1404E+11
  0.2223E+03      0.0000E+00      0.1404E+11
  0.2229E+03      0.0000E+00      0.1405E+11
  0.2235E+03      0.0000E+00      0.1406E+11
  0.2241E+03      0.0000E+00      0.1407E+11
  0.2247E+03      0.0000E+00      0.1407E+11
  0.2253E+03      0.0000E+00      0.1408E+11
  0.2259E+03      0.0000E+00      0.1409E+11
  0.2264E+03      0.0000E+00      0.1409E+11
  0.2270E+03      0.0000E+00      0.1410E+11
  0.2273E+03      0.0000E+00      0.1414E+11
  0.2274E+03      0.0000E+00      0.1414E+11
  0.2275E+03      0.0000E+00      0.1414E+11
  0.2277E+03      0.0000E+00      0.1414E+11
  0.2278E+03      0.0000E+00      0.1414E+11
  0.2281E+03      0.0000E+00      0.1415E+11
  0.2284E+03      0.0000E+00      0.1415E+11
  0.2287E+03      0.0000E+00      0.1415E+11
  0.2288E+03      0.0000E+00      0.1416E+11
  0.2289E+03      0.0000E+00      0.1416E+11
  0.2292E+03      0.0000E+00      0.1416E+11
  0.2294E+03      0.0000E+00      0.1416E+11
  0.2296E+03      0.0000E+00      0.1416E+11
  0.2298E+03      0.0000E+00      0.1417E+11
  0.2299E+03      0.0000E+00      0.1417E+11
  0.2301E+03      0.0000E+00      0.1417E+11
  0.2303E+03      0.0000E+00      0.1417E+11
  0.2305E+03      0.0000E+00      0.1417E+11
  0.2307E+03      0.0000E+00      0.1418E+11
  0.2308E+03      0.0000E+00      0.1418E+11
  0.2312E+03      0.0000E+00      0.1418E+11
  0.2314E+03      0.0000E+00      0.1418E+11
  0.2316E+03      0.0000E+00      0.1419E+11
  0.2317E+03      0.0000E+00      0.1419E+11
  0.2318E+03      0.0000E+00      0.1419E+11
  0.2319E+03      0.0000E+00      0.1419E+11
  0.2320E+03      0.0000E+00      0.1419E+11
  0.2321E+03      0.0000E+00      0.1419E+11
  0.2322E+03      0.0000E+00      0.1419E+11
  0.2324E+03      0.0000E+00      0.1420E+11
  0.2326E+03      0.0000E+00      0.1420E+11
  0.2326E+03      0.0000E+00      0.1420E+11
  0.2327E+03      0.0000E+00      0.1420E+11
  0.2328E+03      0.0000E+00      0.1420E+11
  0.2331E+03      0.0000E+00      0.1420E+11
  0.2337E+03      0.0000E+00      0.1421E+11
  0.2342E+03      0.0000E+00      0.1422E+11
  0.2348E+03      0.0000E+00      0.1422E+11
  0.2353E+03      0.0000E+00      0.1423E+11
  0.2359E+03      0.0000E+00      0.1423E+11
  0.2364E+03      0.0000E+00      0.1424E+11
  0.2370E+03      0.0000E+00      0.1425E+11
  0.2375E+03      0.0000E+00      0.1425E+11
  0.2381E+03      0.0000E+00      0.1426E+11
  0.2386E+03      0.0000E+00      0.1426E+11
  0.2392E+03      0.0000E+00      0.1427E+11
  0.2397E+03      0.0000E+00      0.1427E+11
  0.2402E+03      0.0000E+00      0.1428E+11
  0.2407E+03      0.0000E+00      0.1429E+11
  0.2413E+03      0.0000E+00      0.1429E+11
  0.2418E+03      0.0000E+00      0.1430E+11
  0.2423E+03      0.0000E+00      0.1430E+11
  0.2428E+03      0.0000E+00      0.1431E+11
  0.2434E+03      0.0000E+00      0.1431E+11
  0.2439E+03      0.0000E+00      0.1432E+11
  0.2443E+03      0.0000E+00      0.1432E+11
  0.2448E+03      0.0000E+00      0.1433E+11
  0.2454E+03      0.6317E+00      0.1433E+11
  0.2459E+03      0.6377E+00      0.1434E+11
  0.2464E+03      0.6433E+00      0.1434E+11
  0.2469E+03      0.6490E+00      0.1435E+11
  0.2474E+03      0.6548E+00      0.1435E+11
  0.2479E+03      0.6601E+00      0.1436E+11
  0.2484E+03      0.6652E+00      0.1436E+11
  0.2490E+03      0.6708E+00      0.1437E+11
  0.2494E+03      0.6756E+00      0.1437E+11
  0.2499E+03      0.6805E+00      0.1438E+11
  0.2503E+03      0.6842E+00      0.1438E+11
  0.2507E+03      0.6881E+00      0.1440E+11
  0.2512E+03      0.6921E+00      0.1440E+11
  0.2514E+03      0.6946E+00      0.1441E+11
  0.2517E+03      0.6970E+00      0.1441E+11
  0.2521E+03      0.7001E+00      0.1441E+11
  0.2525E+03      0.7039E+00      0.1442E+11
  0.2528E+03      0.7066E+00      0.1442E+11
  0.2532E+03      0.1351E+01      0.1442E+11
  0.2536E+03      0.1380E+01      0.1443E+11
  0.2540E+03      0.1403E+01      0.1443E+11
  0.2543E+03      0.1423E+01      0.1443E+11
  0.2547E+03      0.1447E+01      0.1444E+11
  0.2551E+03      0.1472E+01      0.1444E+11
  0.2555E+03      0.1493E+01      0.1444E+11
  0.2559E+03      0.1516E+01      0.1445E+11
  0.2563E+03      0.1540E+01      0.1445E+11
  0.2566E+03      0.1560E+01      0.1445E+11
  0.2570E+03      0.1579E+01      0.1446E+11
  0.2572E+03      0.1593E+01      0.1446E+11
  0.2576E+03      0.1612E+01      0.1447E+11
  0.2579E+03      0.1629E+01      0.1447E+11
  0.2583E+03      0.1648E+01      0.1447E+11
  0.2586E+03      0.1666E+01      0.1448E+11
  0.2590E+03      0.1687E+01      0.1448E+11
  0.2593E+03      0.1702E+01      0.1448E+11
  0.2597E+03      0.1719E+01      0.1449E+11
  0.2601E+03      0.1740E+01      0.1449E+11
  0.2605E+03      0.1758E+01      0.1449E+11
  0.2608E+03      0.1771E+01      0.1450E+11
  0.2611E+03      0.1786E+01      0.1450E+11
  0.2614E+03      0.1801E+01      0.1450E+11
  0.2618E+03      0.1817E+01      0.1450E+11
  0.2621E+03      0.1830E+01      0.1451E+11
  0.2621E+03      0.1832E+01      0.1451E+11
  0.2622E+03      0.1834E+01      0.1451E+11
  0.2623E+03      0.1839E+01      0.1451E+11
  0.2625E+03      0.1847E+01      0.1451E+11
  0.2629E+03      0.1862E+01      0.1451E+11
  0.2632E+03      0.1876E+01      0.1452E+11
  0.2636E+03      0.1892E+01      0.1452E+11
  0.2639E+03      0.1905E+01      0.1452E+11
  0.2642E+03      0.1918E+01      0.1453E+11
  0.2646E+03      0.1930E+01      0.1453E+11
  0.2649E+03      0.1942E+01      0.1453E+11
  0.2652E+03      0.1955E+01      0.1453E+11
  0.2655E+03      0.1964E+01      0.1454E+11
  0.2656E+03      0.1968E+01      0.1454E+11
  0.2658E+03      0.1975E+01      0.1454E+11
  0.2660E+03      0.4451E+01      0.1454E+11
  0.2664E+03      0.4493E+01      0.1454E+11
  0.2667E+03      0.4529E+01      0.1455E+11
  0.2670E+03      0.4562E+01      0.1455E+11
  0.2673E+03      0.4595E+01      0.1455E+11
  0.2677E+03      0.4632E+01      0.1455E+11
  0.2679E+03      0.4654E+01      0.1455E+11
  0.2681E+03      0.4680E+01      0.1456E+11
  0.2684E+03      0.4712E+01      0.1456E+11
  0.2687E+03      0.4740E+01      0.1456E+11
  0.2689E+03      0.4762E+01      0.1456E+11
  0.2691E+03      0.4783E+01      0.1460E+11
  0.2694E+03      0.4807E+01      0.1460E+11
  0.2696E+03      0.4832E+01      0.1460E+11
  0.2698E+03      0.4845E+01      0.1460E+11
  0.2700E+03      0.4867E+01      0.1461E+11
  0.2703E+03      0.4893E+01      0.1461E+11
  0.2705E+03      0.4911E+01      0.1461E+11
  0.2709E+03      0.4948E+01      0.1461E+11
  0.2711E+03      0.4970E+01      0.1461E+11
  0.2713E+03      0.4986E+01      0.1462E+11
  0.2714E+03      0.4995E+01      0.1462E+11
  0.2715E+03      0.5006E+01      0.1462E+11
  0.2718E+03      0.5030E+01      0.1462E+11
  0.2720E+03      0.5049E+01      0.1462E+11
  0.2721E+03      0.5061E+01      0.1462E+11
  0.2722E+03      0.5065E+01      0.1462E+11
  0.2722E+03      0.5069E+01      0.1462E+11
  0.2723E+03      0.5078E+01      0.1462E+11
  0.2727E+03      0.5113E+01      0.1463E+11
  0.2738E+03      0.5206E+01      0.1464E+11
  0.2748E+03      0.5294E+01      0.1487E+11
  0.2757E+03      0.5366E+01      0.1488E+11
  0.2768E+03      0.6099E+01      0.1489E+11
  0.2776E+03      0.6225E+01      0.1489E+11
  0.2783E+03      0.6343E+01      0.1490E+11
  0.2791E+03      0.6470E+01      0.1491E+11
  0.2795E+03      0.6527E+01      0.1491E+11
  0.2800E+03      0.6604E+01      0.1492E+11
  0.2807E+03      0.6716E+01      0.1492E+11
  0.2814E+03      0.6821E+01      0.1493E+11
  0.2821E+03      0.6924E+01      0.1493E+11
  0.2827E+03      0.7010E+01      0.1494E+11
  0.2834E+03      0.7104E+01      0.1494E+11
  0.2841E+03      0.7202E+01      0.1497E+11
  0.2848E+03      0.9803E+01      0.1498E+11
  0.2854E+03      0.1002E+02      0.1498E+11
  0.2860E+03      0.1022E+02      0.1499E+11
  0.2866E+03      0.1046E+02      0.1544E+11
  0.2872E+03      0.1066E+02      0.1544E+11
  0.2877E+03      0.1085E+02      0.1545E+11
  0.2883E+03      0.1107E+02      0.1546E+11
  0.2887E+03      0.1119E+02      0.1546E+11
  0.2888E+03      0.1122E+02      0.1546E+11
  0.2888E+03      0.1124E+02      0.1546E+11
  0.2889E+03      0.1126E+02      0.1546E+11
  0.2889E+03      0.1128E+02      0.1546E+11
  0.2892E+03      0.1135E+02      0.1547E+11
  0.2900E+03      0.1164E+02      0.1548E+11
  0.2911E+03      0.1198E+02      0.1549E+11
  0.2920E+03      0.1227E+02      0.1550E+11
  0.2929E+03      0.1255E+02      0.1551E+11
  0.2937E+03      0.1280E+02      0.1552E+11
  0.2946E+03      0.1307E+02      0.1552E+11
  0.2954E+03      0.1329E+02      0.1553E+11
  0.2962E+03      0.1351E+02      0.1554E+11
  0.2970E+03      0.1374E+02      0.1555E+11
  0.2977E+03      0.1395E+02      0.1556E+11
  0.2986E+03      0.1417E+02      0.1557E+11
  0.2991E+03      0.1432E+02      0.1557E+11
  0.2998E+03      0.1449E+02      0.1558E+11
  0.2999E+03      0.1452E+02      0.1558E+11
  0.3006E+03      0.1470E+02      0.1559E+11
  0.3015E+03      0.2050E+02      0.1560E+11
  0.3022E+03      0.2088E+02      0.1561E+11
  0.3030E+03      0.2125E+02      0.1562E+11
  0.3038E+03      0.2158E+02      0.1563E+11
  0.3045E+03      0.2193E+02      0.1564E+11
  0.3052E+03      0.2222E+02      0.1564E+11
  0.3060E+03      0.2257E+02      0.1565E+11
  0.3067E+03      0.2284E+02      0.1566E+11
  0.3069E+03      0.2294E+02      0.1566E+11
  0.3070E+03      0.2297E+02      0.1566E+11
  0.3071E+03      0.2302E+02      0.1566E+11
  0.3073E+03      0.2311E+02      0.1566E+11
  0.3077E+03      0.2328E+02      0.1567E+11
  0.3083E+03      0.2351E+02      0.1567E+11
  0.3090E+03      0.2375E+02      0.1568E+11
  0.3097E+03      0.2402E+02      0.1569E+11
  0.3104E+03      0.2428E+02      0.1569E+11
  0.3106E+03      0.2435E+02      0.1569E+11
  0.3106E+03      0.2436E+02      0.1570E+11
  0.3107E+03      0.2439E+02      0.1570E+11
  0.3109E+03      0.2446E+02      0.1570E+11
  0.3118E+03      0.2478E+02      0.1571E+11
  0.3130E+03      0.2517E+02      0.1572E+11
  0.3141E+03      0.2553E+02      0.1573E+11
  0.3154E+03      0.2666E+02      0.1574E+11
  0.3167E+03      0.2713E+02      0.1575E+11
  0.3180E+03      0.2764E+02      0.1576E+11
  0.3191E+03      0.2800E+02      0.1577E+11
  0.3203E+03      0.2842E+02      0.1579E+11
  0.3217E+03      0.3156E+02      0.1580E+11
  0.3228E+03      0.3226E+02      0.1581E+11
  0.3238E+03      0.3287E+02      0.1582E+11
  0.3249E+03      0.3349E+02      0.1586E+11
  0.3258E+03      0.3400E+02      0.1587E+11
  0.3268E+03      0.3460E+02      0.1588E+11
  0.3278E+03      0.3516E+02      0.1589E+11
  0.3288E+03      0.3573E+02      0.1589E+11
  0.3297E+03      0.3623E+02      0.1591E+11
  0.3307E+03      0.4249E+02      0.1592E+11
  0.3316E+03      0.4350E+02      0.1593E+11
  0.3326E+03      0.4456E+02      0.1594E+11
  0.3336E+03      0.4565E+02      0.1595E+11
  0.3340E+03      0.4608E+02      0.1595E+11
  0.3349E+03      0.4709E+02      0.1596E+11
  0.3358E+03      0.4811E+02      0.1597E+11
  0.3366E+03      0.4900E+02      0.1597E+11
  0.3373E+03      0.4976E+02      0.1598E+11
  0.3380E+03      0.5052E+02      0.1598E+11
  0.3387E+03      0.5131E+02      0.1599E+11
  0.3394E+03      0.5206E+02      0.1600E+11
  0.3401E+03      0.5277E+02      0.1600E+11
  0.3407E+03      0.5346E+02      0.1601E+11
  0.3409E+03      0.5366E+02      0.1601E+11
  0.3416E+03      0.6501E+02      0.1601E+11
  0.3423E+03      0.6629E+02      0.1602E+11
  0.3429E+03      0.6748E+02      0.1602E+11
  0.3436E+03      0.6879E+02      0.1603E+11
  0.3441E+03      0.6976E+02      0.1604E+11
  0.3449E+03      0.7111E+02      0.1604E+11
  0.3455E+03      0.7225E+02      0.1605E+11
  0.3461E+03      0.7329E+02      0.1605E+11
  0.3467E+03      0.7444E+02      0.1606E+11
  0.3474E+03      0.7563E+02      0.1606E+11
  0.3480E+03      0.7670E+02      0.1607E+11
  0.3488E+03      0.7800E+02      0.1607E+11
  0.3495E+03      0.7922E+02      0.1608E+11
  0.3500E+03      0.8011E+02      0.1608E+11
  0.3507E+03      0.8110E+02      0.1609E+11
  0.3513E+03      0.8212E+02      0.1609E+11
  0.3519E+03      0.8300E+02      0.1610E+11
  0.3524E+03      0.8386E+02      0.1610E+11
  0.3531E+03      0.8486E+02      0.1611E+11
  0.3537E+03      0.8576E+02      0.1611E+11
  0.3543E+03      0.8663E+02      0.1612E+11
  0.3549E+03      0.8743E+02      0.1612E+11
  0.3555E+03      0.8825E+02      0.1613E+11
  0.3562E+03      0.8909E+02      0.1613E+11
  0.3567E+03      0.8977E+02      0.1613E+11
  0.3574E+03      0.9063E+02      0.1614E+11
  0.3580E+03      0.9137E+02      0.1614E+11
  0.3586E+03      0.9207E+02      0.1615E+11
  0.3592E+03      0.9281E+02      0.1615E+11
  0.3598E+03      0.9344E+02      0.1616E+11
  0.3604E+03      0.9410E+02      0.1616E+11
  0.3610E+03      0.9470E+02      0.1617E+11
  0.3616E+03      0.9531E+02      0.1617E+11
  0.3621E+03      0.9585E+02      0.1617E+11
  0.3627E+03      0.9640E+02      0.1618E+11
  0.3633E+03      0.9693E+02      0.1618E+11
  0.3637E+03      0.9734E+02      0.1619E+11
  0.3642E+03      0.9776E+02      0.1619E+11
  0.3647E+03      0.9821E+02      0.1619E+11
  0.3652E+03      0.9864E+02      0.1620E+11
  0.3657E+03      0.9902E+02      0.1620E+11
  0.3661E+03      0.9941E+02      0.1620E+11
  0.3666E+03      0.9978E+02      0.1621E+11
  0.3671E+03      0.1002E+03      0.1621E+11
  0.3675E+03      0.1011E+03      0.1621E+11
  0.3679E+03      0.1015E+03      0.1622E+11
  0.3683E+03      0.1018E+03      0.1622E+11
  0.3688E+03      0.1022E+03      0.1622E+11
  0.3692E+03      0.1025E+03      0.1623E+11
  0.3697E+03      0.1029E+03      0.1623E+11
  0.3702E+03      0.1033E+03      0.1623E+11
  0.3705E+03      0.1036E+03      0.1624E+11
  0.3710E+03      0.1039E+03      0.1624E+11
  0.3714E+03      0.1042E+03      0.1624E+11
  0.3717E+03      0.1045E+03      0.1624E+11
  0.3720E+03      0.1047E+03      0.1625E+11
  0.3723E+03      0.1049E+03      0.1625E+11
  0.3728E+03      0.1053E+03      0.1625E+11
  0.3733E+03      0.1056E+03      0.1625E+11
  0.3736E+03      0.1083E+03      0.1626E+11
  0.3741E+03      0.1088E+03      0.1626E+11
  0.3746E+03      0.1092E+03      0.1626E+11
  0.3750E+03      0.1096E+03      0.1627E+11
  0.3754E+03      0.1100E+03      0.1627E+11
  0.3758E+03      0.1104E+03      0.1627E+11
  0.3762E+03      0.1107E+03      0.1627E+11
  0.3766E+03      0.1111E+03      0.1628E+11
  0.3770E+03      0.1114E+03      0.1628E+11
  0.3774E+03      0.1118E+03      0.1628E+11
  0.3778E+03      0.1303E+03      0.1629E+11
  0.3782E+03      0.1307E+03      0.1629E+11
  0.3786E+03      0.1312E+03      0.1629E+11
  0.3790E+03      0.1317E+03      0.1629E+11
  0.3794E+03      0.1322E+03      0.1630E+11
  0.3799E+03      0.1327E+03      0.1630E+11
  0.3800E+03      0.1329E+03      0.1630E+11
  0.3802E+03      0.1331E+03      0.1630E+11
  0.3807E+03      0.1336E+03      0.1631E+11
  0.3811E+03      0.1342E+03      0.1631E+11
  0.3816E+03      0.1347E+03      0.1631E+11
  0.3820E+03      0.1353E+03      0.1631E+11
  0.3825E+03      0.1358E+03      0.1632E+11
  0.3830E+03      0.1420E+03      0.1632E+11
  0.3834E+03      0.1428E+03      0.1632E+11
  0.3839E+03      0.1436E+03      0.1633E+11
  0.3843E+03      0.1443E+03      0.1633E+11
  0.3848E+03      0.1451E+03      0.1633E+11
  0.3851E+03      0.1456E+03      0.1633E+11
  0.3854E+03      0.1462E+03      0.1634E+11
  0.3858E+03      0.1468E+03      0.1634E+11
  0.3862E+03      0.1476E+03      0.1634E+11
  0.3867E+03      0.1485E+03      0.1635E+11
  0.3872E+03      0.1492E+03      0.1635E+11
  0.3876E+03      0.1500E+03      0.1635E+11
  0.3881E+03      0.1508E+03      0.1638E+11
  0.3885E+03      0.1516E+03      0.1638E+11
  0.3890E+03      0.1524E+03      0.1638E+11
  0.3894E+03      0.1531E+03      0.1639E+11
  0.3894E+03      0.1532E+03      0.1639E+11
  0.3895E+03      0.1533E+03      0.1639E+11
  0.3901E+03      0.1544E+03      0.1643E+11
  0.3915E+03      0.1568E+03      0.1643E+11
  0.3929E+03      0.1707E+03      0.1644E+11
  0.3942E+03      0.1744E+03      0.1647E+11
  0.3956E+03      0.1782E+03      0.1648E+11
  0.3970E+03      0.1820E+03      0.1649E+11
  0.3983E+03      0.1857E+03      0.1649E+11
  0.3997E+03      0.1895E+03      0.1650E+11
  0.3997E+03      0.1896E+03      0.1650E+11
  0.4008E+03      0.1926E+03      0.1651E+11
  0.4020E+03      0.1959E+03      0.1652E+11
  0.4030E+03      0.1987E+03      0.1760E+11
  0.4042E+03      0.2020E+03      0.1766E+11
  0.4054E+03      0.2244E+03      0.1768E+11
  0.4065E+03      0.2388E+03      0.1770E+11
  0.4074E+03      0.2420E+03      0.1771E+11
  0.4086E+03      0.2463E+03      0.1772E+11
  0.4097E+03      0.2502E+03      0.1774E+11
  0.4109E+03      0.2540E+03      0.1775E+11
  0.4121E+03      0.2579E+03      0.1777E+11
  0.4132E+03      0.2614E+03      0.1783E+11
  0.4143E+03      0.2649E+03      0.1785E+11
  0.4154E+03      0.2682E+03      0.1786E+11
  0.4165E+03      0.2713E+03      0.1787E+11
  0.4176E+03      0.2743E+03      0.1789E+11
  0.4187E+03      0.2771E+03      0.1790E+11
  0.4198E+03      0.2800E+03      0.1791E+11
  0.4209E+03      0.2827E+03      0.1793E+11
  0.4212E+03      0.2834E+03      0.1793E+11
  0.4214E+03      0.2837E+03      0.1793E+11
  0.4214E+03      0.2839E+03      0.1793E+11
  0.4215E+03      0.2840E+03      0.1793E+11
  0.4215E+03      0.2841E+03      0.1794E+11
  0.4216E+03      0.2842E+03      0.1794E+11
  0.4216E+03      0.2844E+03      0.1794E+11
  0.4217E+03      0.2845E+03      0.1794E+11
  0.4217E+03      0.2846E+03      0.1794E+11
  0.4218E+03      0.2847E+03      0.1794E+11
  0.4218E+03      0.2848E+03      0.1794E+11
  0.4219E+03      0.2850E+03      0.1794E+11
  0.4220E+03      0.2852E+03      0.1794E+11
  0.4222E+03      0.2855E+03      0.1794E+11
  0.4224E+03      0.2859E+03      0.1795E+11
  0.4227E+03      0.2867E+03      0.1795E+11
  0.4233E+03      0.2880E+03      0.1796E+11
  0.4245E+03      0.2906E+03      0.1797E+11
  0.4258E+03      0.2935E+03      0.1799E+11
  0.4272E+03      0.2962E+03      0.1800E+11
  0.4285E+03      0.2987E+03      0.1802E+11
  0.4297E+03      0.3010E+03      0.1803E+11
  0.4308E+03      0.3030E+03      0.1804E+11
  0.4320E+03      0.3051E+03      0.1806E+11
  0.4332E+03      0.3072E+03      0.1807E+11
  0.4343E+03      0.3091E+03      0.1808E+11
  0.4355E+03      0.3109E+03      0.1810E+11
  0.4366E+03      0.3128E+03      0.1811E+11
  0.4378E+03      0.3147E+03      0.1812E+11
  0.4389E+03      0.3165E+03      0.1813E+11
  0.4400E+03      0.3182E+03      0.1815E+11
  0.4411E+03      0.3200E+03      0.1816E+11
  0.4417E+03      0.3211E+03      0.1817E+11
  0.4418E+03      0.3212E+03      0.1817E+11
  0.4421E+03      0.3216E+03      0.1817E+11
  0.4431E+03      0.3232E+03      0.1852E+11
  0.4442E+03      0.3250E+03      0.1853E+11
  0.4449E+03      0.3262E+03      0.1854E+11
  0.4463E+03      0.3285E+03      0.1861E+11
  0.4474E+03      0.3309E+03      0.1863E+11
  0.4486E+03      0.3330E+03      0.1864E+11
  0.4496E+03      0.3348E+03      0.1865E+11
  0.4507E+03      0.3369E+03      0.1867E+11
  0.4519E+03      0.3390E+03      0.1868E+11
  0.4531E+03      0.3411E+03      0.1870E+11
  0.4542E+03      0.3431E+03      0.1871E+11
  0.4553E+03      0.3451E+03      0.1872E+11
  0.4562E+03      0.3468E+03      0.1873E+11
  0.4573E+03      0.3514E+03      0.1875E+11
  0.4584E+03      0.3536E+03      0.1876E+11
  0.4595E+03      0.3557E+03      0.1877E+11
  0.4606E+03      0.3579E+03      0.1878E+11
  0.4614E+03      0.3595E+03      0.1880E+11
  0.4628E+03      0.3622E+03      0.1881E+11
  0.4642E+03      0.3648E+03      0.1883E+11
  0.4646E+03      0.3657E+03      0.1884E+11
  0.4652E+03      0.3667E+03      0.1884E+11
  0.4665E+03      0.3693E+03      0.1886E+11
  0.4679E+03      0.3774E+03      0.1887E+11
  0.4691E+03      0.3800E+03      0.1889E+11
  0.4702E+03      0.3825E+03      0.1890E+11
  0.4716E+03      0.4153E+03      0.1891E+11
  0.4727E+03      0.4182E+03      0.1893E+11
  0.4740E+03      0.4214E+03      0.1894E+11
  0.4754E+03      0.4247E+03      0.1896E+11
  0.4766E+03      0.4275E+03      0.1900E+11
  0.4780E+03      0.4306E+03      0.1902E+11
  0.4793E+03      0.4336E+03      0.1903E+11
  0.4807E+03      0.4474E+03      0.1905E+11
  0.4821E+03      0.4513E+03      0.1906E+11
  0.4832E+03      0.4546E+03      0.1907E+11
  0.4846E+03      0.4584E+03      0.1909E+11
  0.4858E+03      0.4616E+03      0.1910E+11
  0.4863E+03      0.4629E+03      0.1910E+11
  0.4876E+03      0.4665E+03      0.1912E+11
  0.4890E+03      0.4701E+03      0.1913E+11
  0.4904E+03      0.4736E+03      0.1914E+11
  0.4918E+03      0.4770E+03      0.1917E+11
  0.4931E+03      0.4804E+03      0.1918E+11
  0.4945E+03      0.4837E+03      0.1919E+11
  0.4959E+03      0.4869E+03      0.1921E+11
  0.4969E+03      0.4893E+03      0.1922E+11
  0.4971E+03      0.4898E+03      0.1922E+11
  0.4973E+03      0.4901E+03      0.1922E+11
  0.4974E+03      0.4903E+03      0.1922E+11
  0.4975E+03      0.4905E+03      0.1922E+11
  0.4975E+03      0.4906E+03      0.1922E+11
  0.4976E+03      0.4907E+03      0.1922E+11
  0.4976E+03      0.4908E+03      0.1923E+11
  0.4976E+03      0.4909E+03      0.1923E+11
  0.4977E+03      0.4910E+03      0.1923E+11
  0.4977E+03      0.4911E+03      0.1923E+11
  0.4978E+03      0.4913E+03      0.1923E+11
  0.4979E+03      0.4914E+03      0.1923E+11
  0.4980E+03      0.4917E+03      0.1923E+11
  0.4981E+03      0.4920E+03      0.1923E+11
  0.4983E+03      0.4924E+03      0.1923E+11
  0.4986E+03      0.4931E+03      0.1923E+11
  0.4992E+03      0.4943E+03      0.1924E+11
  0.4997E+03      0.4953E+03      0.1929E+11
  0.5000E+03      0.5141E+03      0.1930E+11
