  INITIAL WATER NUMBER:    1
  TIME t = 0
  SPECIATION TEMPERATURE (C):     55.000    PRESSURE (bar):      1.000
  CHEM.ITERATIONS:    18
  IONIC STRENGTH:  0.9308E+00          STOIC. IONIC STRENGTH:  0.1053E+01

                                                                                                                                                 input
      species              molality         gamma    log activ.  tot.aqueous  tot.aqueous  tot.solid    tot.gas      tot.sorbed   aq.kinetics  tot.system  tot.balance  aq.balance
                         (water in kg) (H2O activity)              molality      moles       moles       moles          moles        moles        moles
     ------------------------------------------------------------------------------------------------------------------------------------------------------------------------------
   1 h2o                  0.99922E+00    0.96844E+00    -0.014   0.55552E+02  0.55509E+02  0.00000E+00  0.00000E+00  0.00000E+00  0.00000E+00  0.55509E+02  0.39188E-07 -0.12221E-11
   2 h+                   0.76699E-07    0.64109E+00    -7.308   0.43234E-01  0.43200E-01  0.00000E+00  0.00000E+00  0.00000E+00  0.00000E+00  0.43200E-01  0.39317E-07 -0.25098E-13
   3 ca+2                 0.44948E-02    0.15658E+00    -3.153   0.47407E-02  0.47370E-02  0.00000E+00  0.00000E+00  0.00000E+00  0.00000E+00  0.47370E-02  0.15726E-09 -0.14244E-09
   4 mg+2                 0.23581E-04    0.16121E+00    -5.420   0.26711E-04  0.26690E-04  0.00000E+00  0.00000E+00  0.00000E+00  0.00000E+00  0.26690E-04  0.13736E-11 -0.11436E-11
   5 na+                  0.91253E+00    0.65364E+00    -0.224   0.99127E+00  0.99050E+00  0.00000E+00  0.00000E+00  0.00000E+00  0.00000E+00  0.99050E+00  0.24675E-07 -0.21047E-07
   6 k+                   0.58556E-02    0.64451E+00    -2.423   0.59847E-02  0.59800E-02  0.00000E+00  0.00000E+00  0.00000E+00  0.00000E+00  0.59800E-02  0.46888E-10 -0.42988E-10
   7 fe+2                 0.26228E-06    0.15980E+00    -7.378   0.30244E-06  0.30220E-06  0.00000E+00  0.00000E+00  0.00000E+00  0.00000E+00  0.30220E-06  0.18965E-13 -0.15453E-13
   8 sio2(aq)             0.93768E-03    0.10000E+01    -3.028   0.10348E-02  0.10340E-02  0.00000E+00  0.00000E+00  0.00000E+00  0.00000E+00  0.10340E-02 -0.28744E-11 -0.23229E-10
   9 hco3-                0.17169E-02    0.65272E+00    -2.951   0.45656E-01  0.45620E-01  0.00000E+00  0.00000E+00  0.00000E+00  0.00000E+00  0.45620E-01  0.39516E-07 -0.16452E-09
  10 so4-2                0.12623E-15    0.15987E+00   -16.695   0.13250E-08  0.13240E-08  0.00000E+00  0.00000E+00  0.00000E+00  0.00000E+00  0.13240E-08  0.12140E-14 -0.37844E-22
  11 alo2-                0.10831E-07    0.66312E+00    -8.144   0.13621E-07  0.13610E-07  0.00000E+00  0.00000E+00  0.00000E+00  0.00000E+00  0.13610E-07  0.11823E-14 -0.51642E-15
  12 cl-                  0.92327E+00    0.66312E+00    -0.213   0.10018E+01  0.10010E+01  0.00000E+00  0.00000E+00  0.00000E+00  0.00000E+00  0.10010E+01  0.24724E-07 -0.21114E-07
  13 o2(aq)               0.26571E-69    0.10000E+01   -69.576  -0.86527E-01 -0.86460E-01  0.00000E+00  0.00000E+00  0.00000E+00  0.00000E+00 -0.86460E-01 -0.78502E-07  0.19290E-14
  14 oh-                  0.20249E-05    0.69418E+00    -5.852
  15 al+3                 0.26390E-15    0.16964E-01   -17.349
  16 halo2(aq)            0.29193E-09    0.10000E+01    -9.535
  17 naalo2(aq)           0.11897E-08    0.10000E+01    -8.925
  18 aloh+2               0.36757E-13    0.15732E+00   -14.238
  19 al(oh)2+             0.60694E-11    0.64390E+00   -11.408
  20 al(oh)3(aq)          0.13019E-08    0.10000E+01    -8.885
  21 cacl+                0.16425E-03    0.64390E+00    -3.976
  22 cacl2(aq)            0.60016E-04    0.10000E+01    -4.222
  23 caso4(aq)            0.24759E-17    0.10000E+01   -17.606
  24 nacl(aq)             0.78094E-01    0.10000E+01    -1.107
  25 fecl+                0.34731E-07    0.64390E+00    -7.650
  26 fehco3+              0.40345E-08    0.64390E+00    -8.585
  27 feco3(aq)            0.52153E-09    0.10000E+01    -9.283
  28 fecl4-2              0.86510E-09    0.16092E+00    -9.856
  29 nahco3(aq)           0.55503E-03    0.10000E+01    -3.256
  30 cahco3+              0.16726E-04    0.64390E+00    -4.968
  31 mghco3+              0.90729E-07    0.64390E+00    -7.233
  32 co2(aq)              0.86380E-04    0.12177E+01    -3.978
  33 co3-2                0.99400E-05    0.16290E+00    -5.791
  34 caco3(aq)            0.48462E-05    0.10000E+01    -5.315
  35 kcl(aq)              0.12910E-03    0.10000E+01    -3.889
  36 mgcl+                0.30388E-05    0.64390E+00    -5.708
  37 mgso4(aq)            0.46373E-19    0.10000E+01   -19.334
  38 naso4-               0.14380E-15    0.66312E+00   -16.021
  39 kso4-                0.10742E-17    0.66312E+00   -18.147
  40 nahsio3(aq)          0.89041E-04    0.10000E+01    -4.050
  41 caoh+                0.32894E-07    0.64390E+00    -7.674
  42 naoh(aq)             0.55593E-06    0.10000E+01    -6.255
  43 naco3-               0.19278E-05    0.66312E+00    -5.893
  44 h3sio4-              0.80856E-05    0.66312E+00    -5.271
  45 fe+3                 0.40496E-23    0.16760E-01   -25.168
  46 hs-                  0.11738E-08    0.66173E+00    -9.110
  47 h2s(aq)              0.15118E-09    0.12177E+01    -9.735
  48 ch4(aq)              0.43264E-01    0.12177E+01    -1.278
  49 h2(aq)               0.11051E-06    0.12177E+01    -6.871
  50 acetic~acid(aq)      0.54100E-09    0.10000E+01    -9.267
  51 so2(aq)              0.49968E-29    0.12177E+01   -29.216
  52 hso3-                0.11642E-23    0.66312E+00   -24.112

     Solution charge imbalance = 0.2590E-02 equiv  (0.1398E+00%)

     kin.minerals            moles         log(Q/K)   v.frac solid rate(mol/sec)
     ---------------------------------------------------------------------------
   1 calcite              0.00000E+00       -0.19849
   2 quartz               0.00000E+00        0.37192
   3 k-feldspar           0.00000E+00        1.26590
   4 smectite-ca          0.00000E+00        1.27200
   5 muscovite            0.00000E+00       -0.05138
   6 siderite-2           0.00000E+00       -2.28358
   7 albite~low           0.00000E+00        1.14598
   8 kaolinite            0.00000E+00       -0.18362
   9 dolomite-2           0.00000E+00       -4.29183
  10 chlorite             0.00000E+00       -0.72161
  11 dawsonite            0.00000E+00       -1.75428
  12 oligoclase           0.00000E+00       -5.13857
  13 illite               0.00000E+00        2.61915
  14 hematite             0.00000E+00       -4.53144
  15 ankerite-2           0.00000E+00       -2.30322
  16 magnesite            0.00000E+00       -2.61499
  17 chalcedony           0.00000E+00        0.25495

      gases                  moles      log(Q/K/fuga)    log(fuga)   phi    
     ------------------------------------------------------------------------
   1 co2(g)               0.00000E+00        0.00000       -2.22493   0.99542



 
 
 
 
      --- Write chemical speciation like the format in chemical.inp -- 

                    T= "0.100000E+02 yr



  Grid block:  A1 10
   1    55.000    133.1057
# component  flag    guess      ctotal    fix log(Q/K)
'h2o        ' 1   0.1000E+01  0.1000E+01  '*'   0.0 
'h+         ' 1   0.5374E-07  0.4317E-01  '*'   0.0 
'ca+2       ' 1   0.4597E-02  0.4853E-02  '*'   0.0 
'mg+2       ' 1   0.5977E-06  0.6773E-06  '*'   0.0 
'na+        ' 1   0.9125E+00  0.9913E+00  '*'   0.0 
'k+         ' 1   0.5855E-02  0.5984E-02  '*'   0.0 
'fe+2       ' 1   0.3263E-04  0.3770E-04  '*'   0.0 
'sio2(aq)   ' 1   0.9084E-03  0.1043E-02  '*'   0.0 
'hco3-      ' 1   0.1858E-02  0.4584E-01  '*'   0.0 
'so4-2      ' 1   0.1414E-15  0.1325E-08  '*'   0.0 
'alo2-      ' 1   0.4601E-08  0.5582E-08  '*'   0.0 
'cl-        ' 1   0.9233E+00  0.1002E+01  '*'   0.0 
'o2(aq)     ' 1   0.2313E-69 -0.8653E-01  '*'   0.0 
'*'

  Grid block:  A7 51
   2    55.000    134.3197
# component  flag    guess      ctotal    fix log(Q/K)
'h2o        ' 1   0.1000E+01  0.1000E+01  '*'   0.0 
'h+         ' 1   0.5374E-07  0.4317E-01  '*'   0.0 
'ca+2       ' 1   0.4597E-02  0.4853E-02  '*'   0.0 
'mg+2       ' 1   0.5977E-06  0.6772E-06  '*'   0.0 
'na+        ' 1   0.9125E+00  0.9913E+00  '*'   0.0 
'k+         ' 1   0.5855E-02  0.5984E-02  '*'   0.0 
'fe+2       ' 1   0.3263E-04  0.3770E-04  '*'   0.0 
'sio2(aq)   ' 1   0.9084E-03  0.1043E-02  '*'   0.0 
'hco3-      ' 1   0.1858E-02  0.4583E-01  '*'   0.0 
'so4-2      ' 1   0.1414E-15  0.1325E-08  '*'   0.0 
'alo2-      ' 1   0.4601E-08  0.5583E-08  '*'   0.0 
'cl-        ' 1   0.9233E+00  0.1002E+01  '*'   0.0 
'o2(aq)     ' 1   0.2313E-69 -0.8653E-01  '*'   0.0 
'*'
