

          ---- Modelling Progress and Iteration Messages ----


 Description of column-headers and variables:
   ITERFL  = Iterations to solve flow
   ITERSQ  = Sequential transport-chemistry iterations
   MAXITCH = Maximum iterations to solve chemistry
   AVGITCH = Average iterations to solve chemistry
   DELTA-T = Current time step (days)
   Dt limit = Criterion limiting timestep
   Maxitch ID = Grid block: maximum chemical iterations

     STEP   Time(yr)   ITERFL ITERSQ MAXITCH AVGITCH Delta-t(day)  Dt limit       Maxitch ID
 ----------------------------------------------------------------------------------------------------------
        0  0.000000E+00     0     0     18   18.000  0.00000E+00  Flo_Delta_t            
        1  0.316888E-07     1     1      7    7.000  0.11574E-04  Flo_Delta_t       A1  1
        2  0.950664E-07     1     1      7    7.000  0.23148E-04  Flo_Delta_t       A1  1
        3  0.221822E-06     1     1      6    6.000  0.46296E-04  Flo_Delta_t       A1  1
        4  0.475332E-06     1     1      6    6.000  0.92593E-04  Flo_Delta_t       A1  1
        5  0.982353E-06     2     1      6    6.000  0.18519E-03  Flo_Delta_t       A1  1
        6  0.199639E-05     2     1      6    6.000  0.37037E-03  Flo_Delta_t       A1  1
        7  0.402448E-05     2     1      5    5.000  0.74074E-03  Flo_Delta_t       A1  1
        8  0.808064E-05     2     1      5    5.000  0.14815E-02  Flo_Delta_t       A1  1
        9  0.161930E-04     2     1      5    5.000  0.29630E-02  Flo_Delta_t       A1  1
       10  0.324176E-04     2     1      6    6.000  0.59259E-02  Flo_Delta_t       A1  1
       11  0.648670E-04     2     1      6    6.000  0.11852E-01  Flo_Delta_t       A1  1
       12  0.129766E-03     1     1      5    5.000  0.23704E-01  Flo_Delta_t       A1  1
       13  0.259563E-03     1     1      5    5.000  0.47407E-01  Flo_Delta_t       A1  1
       14  0.519157E-03     1     1      5    5.000  0.94815E-01  Flo_Delta_t       A1  1
       15  0.103835E-02     2     1      6    6.000  0.18963E+00  Flo_Delta_t       A1  1
       16  0.207672E-02     1     1      6    6.000  0.37926E+00  Flo_Delta_t       A1  1
       17  0.415348E-02     1     1      6    6.000  0.75852E+00  Flo_Delta_t       A1  1
       18  0.830699E-02     2     1      6    6.000  0.15170E+01  Flo_Delta_t       A1  1
       19  0.166140E-01     2     1      6    6.000  0.30341E+01  Flo_Delta_t       A1  1
       20  0.303036E-01     2     1      7    7.000  0.50000E+01  Max_Delta_t       A1  1
       30  0.167199E+00     1     1      8    8.000  0.50000E+01  Max_Delta_t       A1  1
       40  0.304095E+00     1     1      8    8.000  0.50000E+01  Max_Delta_t       A1  1
       50  0.440990E+00     1     1      8    8.000  0.50000E+01  Max_Delta_t       A1  1
       60  0.577886E+00     1     1      8    8.000  0.50000E+01  Max_Delta_t       A1  1
       70  0.714781E+00     1     1      8    8.000  0.50000E+01  Max_Delta_t       A1  1
       80  0.851677E+00     1     1      8    8.000  0.50000E+01  Max_Delta_t       A1  1
       90  0.988573E+00     1     1      8    8.000  0.50000E+01  Max_Delta_t       A1  1
       91  0.100000E+01     1     1      8    8.000  0.41738E+01  Max_Delta_t       A1  1
      100  0.112321E+01     1     1      8    8.000  0.50000E+01  Max_Delta_t       A1  1
      110  0.126010E+01     1     1      8    8.000  0.50000E+01  Max_Delta_t       A1  1
      120  0.139700E+01     1     1      8    8.000  0.50000E+01  Max_Delta_t       A1  1
      130  0.153389E+01     1     1      8    8.000  0.50000E+01  Max_Delta_t       A1  1
      140  0.167079E+01     1     1      8    8.000  0.50000E+01  Max_Delta_t       A1  1
      150  0.180768E+01     1     1      8    8.000  0.50000E+01  Max_Delta_t       A1  1
      160  0.194458E+01     1     1      8    8.000  0.50000E+01  Max_Delta_t       A1  1
      170  0.208148E+01     1     1      8    8.000  0.50000E+01  Max_Delta_t       A1  1
      180  0.221837E+01     1     1      8    8.000  0.50000E+01  Max_Delta_t       A1  1
      190  0.235527E+01     1     1      8    8.000  0.50000E+01  Max_Delta_t       A1  1
      200  0.249216E+01     1     1      8    8.000  0.50000E+01  Max_Delta_t       A1  1
      210  0.262906E+01     1     1      8    8.000  0.50000E+01  Max_Delta_t       A1  1
      220  0.276595E+01     1     1      8    8.000  0.50000E+01  Max_Delta_t       A1  1
      230  0.290285E+01     1     1      8    8.000  0.50000E+01  Max_Delta_t       A1  1
      240  0.303974E+01     1     1      8    8.000  0.50000E+01  Max_Delta_t       A1  1
      250  0.317664E+01     1     1      8    8.000  0.50000E+01  Max_Delta_t       A1  1
      260  0.331354E+01     1     1      8    8.000  0.50000E+01  Max_Delta_t       A1  1
      270  0.345043E+01     1     1      8    8.000  0.50000E+01  Max_Delta_t       A1  1
      280  0.358733E+01     1     1      8    8.000  0.50000E+01  Max_Delta_t       A1  1
      290  0.372422E+01     1     1      8    8.000  0.50000E+01  Max_Delta_t       A1  1
      300  0.386112E+01     1     1      8    8.000  0.50000E+01  Max_Delta_t       A1  1
      310  0.399801E+01     1     1      8    8.000  0.50000E+01  Max_Delta_t       A1  1
      320  0.413491E+01     1     1      8    8.000  0.50000E+01  Max_Delta_t       A1  1
      330  0.427180E+01     1     1      8    8.000  0.50000E+01  Max_Delta_t       A1  1
      340  0.440870E+01     1     1      8    8.000  0.50000E+01  Max_Delta_t       A1  1
      350  0.454560E+01     1     1      8    8.000  0.50000E+01  Max_Delta_t       A1  1
      360  0.468249E+01     1     1      8    8.000  0.50000E+01  Max_Delta_t       A1  1
      370  0.481939E+01     1     1      8    8.000  0.50000E+01  Max_Delta_t       A1  1
      380  0.495628E+01     1     1      8    8.000  0.50000E+01  Max_Delta_t       A1  1
      390  0.509318E+01     1     1      8    8.000  0.50000E+01  Max_Delta_t       A1  1
      400  0.523007E+01     1     1      8    8.000  0.50000E+01  Max_Delta_t       A1  1
      410  0.536697E+01     1     1      8    8.000  0.50000E+01  Max_Delta_t       A1  1
      420  0.550386E+01     1     1      8    8.000  0.50000E+01  Max_Delta_t       A1  1
      430  0.564076E+01     1     1      8    8.000  0.50000E+01  Max_Delta_t       A1  1
      440  0.577766E+01     1     1      8    8.000  0.50000E+01  Max_Delta_t       A1  1
      450  0.591455E+01     1     1      8    8.000  0.50000E+01  Max_Delta_t       A1  1
      460  0.605145E+01     1     1      8    8.000  0.50000E+01  Max_Delta_t       A1  1
      470  0.618834E+01     1     1      8    8.000  0.50000E+01  Max_Delta_t       A1  1
      480  0.632524E+01     1     1      8    8.000  0.50000E+01  Max_Delta_t       A1  1
      490  0.646213E+01     1     1      8    8.000  0.50000E+01  Max_Delta_t       A1  1
      500  0.659903E+01     1     1      8    8.000  0.50000E+01  Max_Delta_t       A1  1
      510  0.673592E+01     1     1      8    8.000  0.50000E+01  Max_Delta_t       A1  1
      520  0.687282E+01     1     1      8    8.000  0.50000E+01  Max_Delta_t       A1  1
      530  0.700972E+01     1     1      8    8.000  0.50000E+01  Max_Delta_t       A1  1
      540  0.714661E+01     1     1      8    8.000  0.50000E+01  Max_Delta_t       A1  1
      550  0.728351E+01     1     1      8    8.000  0.50000E+01  Max_Delta_t       A1  1
      560  0.742040E+01     1     1      8    8.000  0.50000E+01  Max_Delta_t       A1  1
      570  0.755730E+01     1     1      8    8.000  0.50000E+01  Max_Delta_t       A1  1
      580  0.769419E+01     1     1      8    8.000  0.50000E+01  Max_Delta_t       A1  1
      590  0.783109E+01     1     1      8    8.000  0.50000E+01  Max_Delta_t       A1  1
      600  0.796798E+01     1     1      8    8.000  0.50000E+01  Max_Delta_t       A1  1
      610  0.810488E+01     1     1      8    8.000  0.50000E+01  Max_Delta_t       A1  1
      620  0.824178E+01     1     1      8    8.000  0.50000E+01  Max_Delta_t       A1  1
      630  0.837867E+01     1     1      8    8.000  0.50000E+01  Max_Delta_t       A1  1
      640  0.851557E+01     1     1      8    8.000  0.50000E+01  Max_Delta_t       A1  1
      650  0.865246E+01     1     1      8    8.000  0.50000E+01  Max_Delta_t       A1  1
      660  0.878936E+01     1     1      8    8.000  0.50000E+01  Max_Delta_t       A1  1
      670  0.892625E+01     1     1      8    8.000  0.50000E+01  Max_Delta_t       A1  1
      680  0.906315E+01     1     1      8    8.000  0.50000E+01  Max_Delta_t       A1  1
      690  0.920004E+01     1     1      8    8.000  0.50000E+01  Max_Delta_t       A1  1
      700  0.933694E+01     1     1      8    8.000  0.50000E+01  Max_Delta_t       A1  1
      710  0.947384E+01     1     1      8    8.000  0.50000E+01  Max_Delta_t       A1  1
      720  0.961073E+01     1     1      8    8.000  0.50000E+01  Max_Delta_t       A1  1
      730  0.974763E+01     1     1      8    8.000  0.50000E+01  Max_Delta_t       A1  1
      740  0.988452E+01     1     1      8    8.000  0.50000E+01  Max_Delta_t       A1  1
      749  0.100000E+02     1     1      8    8.000  0.21771E+01  Max_Delta_t       A1  1

  ...done!   simulation finished

