    Time(yr)   SMco2_tot(kg)   AQco2_tot(kg)
  0.0000E+00      0.0000E+00      0.0000E+00
  0.2374E-01      0.0000E+00      0.3976E+07
  0.1004E+00      0.0000E+00      0.1676E+08
  0.3363E+00      0.0000E+00      0.5234E+08
  0.8266E+00      0.0000E+00      0.1309E+09
  0.1518E+01      0.0000E+00      0.2194E+09
  0.2354E+01      0.0000E+00      0.3214E+09
  0.3173E+01      0.0000E+00      0.4078E+09
  0.3776E+01      0.0000E+00      0.4687E+09
  0.4653E+01      0.0000E+00      0.5623E+09
  0.5424E+01      0.0000E+00      0.6387E+09
  0.6009E+01      0.0000E+00      0.6961E+09
  0.6907E+01      0.0000E+00      0.7852E+09
  0.7834E+01      0.0000E+00      0.8753E+09
  0.8756E+01      0.0000E+00      0.9810E+09
  0.9588E+01      0.0000E+00      0.1067E+10
  0.1016E+02      0.0000E+00      0.1112E+10
  0.1101E+02      0.0000E+00      0.1209E+10
  0.1201E+02      0.0000E+00      0.1312E+10
  0.1307E+02      0.0000E+00      0.1381E+10
  0.1376E+02      0.0000E+00      0.1493E+10
  0.1464E+02      0.0000E+00      0.1546E+10
  0.1562E+02      0.0000E+00      0.1664E+10
  0.1662E+02      0.0000E+00      0.1730E+10
  0.1755E+02      0.0000E+00      0.1890E+10
  0.1843E+02      0.0000E+00      0.1936E+10
  0.1904E+02      0.0000E+00      0.2036E+10
  0.1988E+02      0.0000E+00      0.2101E+10
  0.2012E+02      0.0000E+00      0.2127E+10
  0.2087E+02      0.0000E+00      0.2206E+10
  0.2126E+02      0.0000E+00      0.2211E+10
  0.2213E+02      0.0000E+00      0.2237E+10
  0.2322E+02      0.0000E+00      0.2479E+10
  0.2402E+02      0.0000E+00      0.2508E+10
  0.2522E+02      0.0000E+00      0.2659E+10
  0.2618E+02      0.0000E+00      0.2744E+10
  0.2681E+02      0.0000E+00      0.2783E+10
  0.2781E+02      0.0000E+00      0.2891E+10
  0.2892E+02      0.0000E+00      0.2930E+10
  0.2983E+02      0.0000E+00      0.2986E+10
  0.3037E+02      0.0000E+00      0.3236E+10
  0.3072E+02      0.0000E+00      0.3258E+10
  0.3165E+02      0.0000E+00      0.3312E+10
  0.3224E+02      0.0000E+00      0.3321E+10
  0.3326E+02      0.0000E+00      0.3528E+10
  0.3427E+02      0.0000E+00      0.3620E+10
  0.3506E+02      0.0000E+00      0.3653E+10
  0.3525E+02      0.0000E+00      0.3656E+10
  0.3590E+02      0.0000E+00      0.3709E+10
  0.3691E+02      0.0000E+00      0.3857E+10
  0.3760E+02      0.0000E+00      0.3880E+10
  0.3838E+02      0.0000E+00      0.3899E+10
  0.3845E+02      0.0000E+00      0.3900E+10
  0.3894E+02      0.0000E+00      0.3918E+10
  0.3996E+02      0.0000E+00      0.3995E+10
  0.4070E+02      0.0000E+00      0.4113E+10
  0.4076E+02      0.0000E+00      0.4114E+10
  0.4160E+02      0.0000E+00      0.4402E+10
  0.4270E+02      0.0000E+00      0.4461E+10
  0.4398E+02      0.0000E+00      0.4502E+10
  0.4478E+02      0.0000E+00      0.4568E+10
  0.4538E+02      0.0000E+00      0.4784E+10
  0.4660E+02      0.0000E+00      0.4907E+10
  0.4751E+02      0.0000E+00      0.4950E+10
  0.4813E+02      0.0000E+00      0.4959E+10
  0.4926E+02      0.0000E+00      0.5044E+10
  0.4997E+02      0.0000E+00      0.5247E+10
  0.5049E+02      0.0000E+00      0.5262E+10
  0.5096E+02      0.0000E+00      0.5277E+10
  0.5101E+02      0.0000E+00      0.5278E+10
  0.5128E+02      0.0000E+00      0.5282E+10
  0.5135E+02      0.0000E+00      0.5283E+10
  0.5234E+02      0.0000E+00      0.5313E+10
  0.5371E+02      0.0000E+00      0.5347E+10
  0.5466E+02      0.0000E+00      0.5447E+10
  0.5562E+02      0.0000E+00      0.5646E+10
  0.5668E+02      0.0000E+00      0.6007E+10
  0.5763E+02      0.0000E+00      0.6089E+10
  0.5853E+02      0.0000E+00      0.6123E+10
  0.5990E+02      0.0000E+00      0.6170E+10
  0.6053E+02      0.0000E+00      0.6180E+10
  0.6181E+02      0.0000E+00      0.6285E+10
  0.6279E+02      0.0000E+00      0.6592E+10
  0.6363E+02      0.0000E+00      0.6752E+10
  0.6439E+02      0.0000E+00      0.6777E+10
  0.6473E+02      0.0000E+00      0.6823E+10
  0.6481E+02      0.0000E+00      0.6824E+10
  0.6497E+02      0.0000E+00      0.6827E+10
  0.6585E+02      0.0000E+00      0.6845E+10
  0.6641E+02      0.0000E+00      0.6939E+10
  0.6750E+02      0.0000E+00      0.6964E+10
  0.6858E+02      0.0000E+00      0.6981E+10
  0.6932E+02      0.0000E+00      0.7276E+10
  0.6936E+02      0.0000E+00      0.7277E+10
  0.6956E+02      0.0000E+00      0.7281E+10
  0.7035E+02      0.0000E+00      0.7312E+10
  0.7128E+02      0.0000E+00      0.7327E+10
  0.7249E+02      0.0000E+00      0.7361E+10
  0.7386E+02      0.0000E+00      0.7409E+10
  0.7451E+02      0.0000E+00      0.7416E+10
  0.7543E+02      0.0000E+00      0.7564E+10
  0.7614E+02      0.0000E+00      0.7572E+10
  0.7620E+02      0.0000E+00      0.7572E+10
  0.7685E+02      0.0000E+00      0.7638E+10
  0.7780E+02      0.0000E+00      0.7884E+10
  0.7814E+02      0.0000E+00      0.7889E+10
  0.7951E+02      0.0000E+00      0.8484E+10
  0.8088E+02      0.0000E+00      0.8540E+10
  0.8225E+02      0.0000E+00      0.8568E+10
  0.8362E+02      0.0000E+00      0.8611E+10
  0.8383E+02      0.0000E+00      0.8625E+10
  0.8465E+02      0.0000E+00      0.8721E+10
  0.8602E+02      0.0000E+00      0.8791E+10
  0.8633E+02      0.0000E+00      0.8794E+10
  0.8753E+02      0.0000E+00      0.9239E+10
  0.8860E+02      0.0000E+00      0.9468E+10
  0.8947E+02      0.0000E+00      0.9493E+10
  0.9049E+02      0.0000E+00      0.9538E+10
  0.9186E+02      0.0000E+00      0.9607E+10
  0.9214E+02      0.0000E+00      0.9612E+10
  0.9327E+02      0.0000E+00      0.9757E+10
  0.9408E+02      0.0000E+00      0.9772E+10
  0.9545E+02      0.0000E+00      0.9810E+10
  0.9589E+02      0.0000E+00      0.9818E+10
  0.9594E+02      0.0000E+00      0.9819E+10
  0.9635E+02      0.0000E+00      0.9840E+10
  0.9678E+02      0.0000E+00      0.9844E+10
  0.9805E+02      0.0000E+00      0.1028E+11
  0.9817E+02      0.0000E+00      0.1028E+11
  0.9919E+02      0.0000E+00      0.1030E+11
  0.9993E+02      0.0000E+00      0.1032E+11
  0.1005E+03      0.0000E+00      0.1030E+11
  0.1019E+03      0.0000E+00      0.1030E+11
  0.1031E+03      0.0000E+00      0.1030E+11
  0.1044E+03      0.0000E+00      0.1030E+11
  0.1057E+03      0.0000E+00      0.1030E+11
  0.1060E+03      0.0000E+00      0.1031E+11
  0.1061E+03      0.0000E+00      0.1031E+11
  0.1069E+03      0.0000E+00      0.1031E+11
  0.1080E+03      0.0000E+00      0.1032E+11
  0.1094E+03      0.0000E+00      0.1033E+11
  0.1108E+03      0.0000E+00      0.1033E+11
  0.1121E+03      0.2168E+04      0.1034E+11
  0.1133E+03      0.0000E+00      0.1036E+11
  0.1146E+03      0.0000E+00      0.1037E+11
  0.1151E+03      0.0000E+00      0.1038E+11
  0.1159E+03      0.0000E+00      0.1038E+11
  0.1170E+03      0.0000E+00      0.1039E+11
  0.1180E+03      0.0000E+00      0.1039E+11
  0.1193E+03      0.0000E+00      0.1040E+11
  0.1203E+03      0.0000E+00      0.1041E+11
  0.1216E+03      0.0000E+00      0.1041E+11
  0.1222E+03      0.0000E+00      0.1042E+11
  0.1235E+03      0.0000E+00      0.1042E+11
  0.1240E+03      0.0000E+00      0.1043E+11
  0.1245E+03      0.0000E+00      0.1043E+11
  0.1259E+03      0.0000E+00      0.1075E+11
  0.1272E+03      0.0000E+00      0.1077E+11
  0.1283E+03      0.0000E+00      0.1077E+11
  0.1290E+03      0.0000E+00      0.1078E+11
  0.1304E+03      0.0000E+00      0.1147E+11
  0.1318E+03      0.0000E+00      0.1149E+11
  0.1331E+03      0.0000E+00      0.1151E+11
  0.1345E+03      0.0000E+00      0.1152E+11
  0.1357E+03      0.0000E+00      0.1154E+11
  0.1360E+03      0.0000E+00      0.1154E+11
  0.1373E+03      0.0000E+00      0.1155E+11
  0.1387E+03      0.0000E+00      0.1157E+11
  0.1399E+03      0.0000E+00      0.1158E+11
  0.1411E+03      0.0000E+00      0.1177E+11
  0.1423E+03      0.0000E+00      0.1179E+11
  0.1424E+03      0.0000E+00      0.1179E+11
  0.1437E+03      0.0000E+00      0.1180E+11
  0.1450E+03      0.0000E+00      0.1182E+11
  0.1461E+03      0.0000E+00      0.1183E+11
  0.1463E+03      0.0000E+00      0.1183E+11
  0.1475E+03      0.0000E+00      0.1184E+11
  0.1489E+03      0.0000E+00      0.1186E+11
  0.1502E+03      0.0000E+00      0.1191E+11
  0.1512E+03      0.0000E+00      0.1192E+11
  0.1526E+03      0.0000E+00      0.1193E+11
  0.1540E+03      0.0000E+00      0.1195E+11
  0.1553E+03      0.0000E+00      0.1196E+11
  0.1564E+03      0.0000E+00      0.1197E+11
  0.1578E+03      0.0000E+00      0.1199E+11
  0.1592E+03      0.0000E+00      0.1200E+11
  0.1605E+03      0.0000E+00      0.1201E+11
  0.1619E+03      0.0000E+00      0.1202E+11
  0.1633E+03      0.0000E+00      0.1204E+11
  0.1639E+03      0.0000E+00      0.1204E+11
  0.1640E+03      0.0000E+00      0.1204E+11
  0.1651E+03      0.0000E+00      0.1205E+11
  0.1665E+03      0.0000E+00      0.1206E+11
  0.1679E+03      0.0000E+00      0.1207E+11
  0.1692E+03      0.0000E+00      0.1209E+11
  0.1706E+03      0.0000E+00      0.1266E+11
  0.1720E+03      0.0000E+00      0.1268E+11
  0.1733E+03      0.0000E+00      0.1269E+11
  0.1742E+03      0.0000E+00      0.1270E+11
  0.1745E+03      0.0000E+00      0.1271E+11
  0.1746E+03      0.0000E+00      0.1271E+11
  0.1754E+03      0.0000E+00      0.1272E+11
  0.1768E+03      0.0000E+00      0.1273E+11
  0.1780E+03      0.0000E+00      0.1274E+11
  0.1794E+03      0.0000E+00      0.1276E+11
  0.1796E+03      0.0000E+00      0.1276E+11
  0.1797E+03      0.0000E+00      0.1276E+11
  0.1799E+03      0.0000E+00      0.1276E+11
  0.1801E+03      0.0000E+00      0.1276E+11
  0.1806E+03      0.0000E+00      0.1277E+11
  0.1820E+03      0.0000E+00      0.1281E+11
  0.1833E+03      0.0000E+00      0.1282E+11
  0.1847E+03      0.0000E+00      0.1285E+11
  0.1861E+03      0.0000E+00      0.1286E+11
  0.1874E+03      0.0000E+00      0.1288E+11
  0.1886E+03      0.0000E+00      0.1289E+11
  0.1900E+03      0.0000E+00      0.1290E+11
  0.1914E+03      0.0000E+00      0.1292E+11
  0.1927E+03      0.0000E+00      0.1293E+11
  0.1941E+03      0.0000E+00      0.1294E+11
  0.1955E+03      0.0000E+00      0.1296E+11
  0.1969E+03      0.0000E+00      0.1297E+11
  0.1982E+03      0.0000E+00      0.1298E+11
  0.1996E+03      0.0000E+00      0.1299E+11
  0.1999E+03      0.0000E+00      0.1300E+11
  0.2009E+03      0.0000E+00      0.1301E+11
  0.2022E+03      0.0000E+00      0.1302E+11
  0.2035E+03      0.0000E+00      0.1303E+11
  0.2049E+03      0.0000E+00      0.1304E+11
  0.2063E+03      0.0000E+00      0.1305E+11
  0.2077E+03      0.0000E+00      0.1307E+11
  0.2090E+03      0.0000E+00      0.1308E+11
  0.2104E+03      0.0000E+00      0.1309E+11
  0.2118E+03      0.0000E+00      0.1310E+11
  0.2131E+03      0.0000E+00      0.1311E+11
  0.2145E+03      0.0000E+00      0.1312E+11
  0.2159E+03      0.0000E+00      0.1314E+11
  0.2172E+03      0.0000E+00      0.1315E+11
  0.2186E+03      0.0000E+00      0.1316E+11
  0.2200E+03      0.0000E+00      0.1317E+11
  0.2213E+03      0.0000E+00      0.1318E+11
  0.2227E+03      0.0000E+00      0.1319E+11
  0.2241E+03      0.0000E+00      0.1320E+11
  0.2254E+03      0.0000E+00      0.1321E+11
  0.2262E+03      0.0000E+00      0.1325E+11
  0.2263E+03      0.0000E+00      0.1325E+11
  0.2270E+03      0.0000E+00      0.1326E+11
  0.2283E+03      0.0000E+00      0.1327E+11
  0.2297E+03      0.0000E+00      0.1327E+11
  0.2310E+03      0.0000E+00      0.1328E+11
  0.2324E+03      0.0000E+00      0.1329E+11
  0.2337E+03      0.0000E+00      0.1330E+11
  0.2350E+03      0.0000E+00      0.1331E+11
  0.2362E+03      0.0000E+00      0.1332E+11
  0.2372E+03      0.0000E+00      0.1380E+11
  0.2386E+03      0.0000E+00      0.1381E+11
  0.2399E+03      0.0000E+00      0.1382E+11
  0.2413E+03      0.0000E+00      0.1383E+11
  0.2427E+03      0.0000E+00      0.1384E+11
  0.2438E+03      0.0000E+00      0.1385E+11
  0.2452E+03      0.0000E+00      0.1386E+11
  0.2466E+03      0.0000E+00      0.1387E+11
  0.2479E+03      0.0000E+00      0.1388E+11
  0.2493E+03      0.0000E+00      0.1390E+11
  0.2506E+03      0.0000E+00      0.1391E+11
  0.2520E+03      0.0000E+00      0.1392E+11
  0.2533E+03      0.0000E+00      0.1393E+11
  0.2547E+03      0.0000E+00      0.1394E+11
  0.2561E+03      0.0000E+00      0.1395E+11
  0.2574E+03      0.0000E+00      0.1396E+11
  0.2588E+03      0.0000E+00      0.1420E+11
  0.2598E+03      0.0000E+00      0.1421E+11
  0.2612E+03      0.0000E+00      0.1422E+11
  0.2626E+03      0.0000E+00      0.1423E+11
  0.2639E+03      0.0000E+00      0.1424E+11
  0.2643E+03      0.0000E+00      0.1424E+11
  0.2657E+03      0.0000E+00      0.1425E+11
  0.2670E+03      0.0000E+00      0.1426E+11
  0.2684E+03      0.6501E+00      0.1428E+11
  0.2698E+03      0.7265E+00      0.1429E+11
  0.2711E+03      0.7958E+00      0.1430E+11
  0.2724E+03      0.1496E+01      0.1432E+11
  0.2738E+03      0.1571E+01      0.1433E+11
  0.2752E+03      0.1641E+01      0.1434E+11
  0.2766E+03      0.1709E+01      0.1435E+11
  0.2775E+03      0.1755E+01      0.1436E+11
  0.2776E+03      0.1757E+01      0.1436E+11
  0.2784E+03      0.1795E+01      0.1436E+11
  0.2793E+03      0.1835E+01      0.1437E+11
  0.2795E+03      0.1845E+01      0.1437E+11
  0.2808E+03      0.1903E+01      0.1438E+11
  0.2822E+03      0.1960E+01      0.1439E+11
  0.2836E+03      0.2016E+01      0.1440E+11
  0.2849E+03      0.2068E+01      0.1441E+11
  0.2849E+03      0.2070E+01      0.1441E+11
  0.2850E+03      0.2073E+01      0.1441E+11
  0.2851E+03      0.2078E+01      0.1441E+11
  0.2854E+03      0.2086E+01      0.1441E+11
  0.2860E+03      0.2109E+01      0.1442E+11
  0.2873E+03      0.4698E+01      0.1443E+11
  0.2887E+03      0.4882E+01      0.1444E+11
  0.2901E+03      0.5059E+01      0.1445E+11
  0.2914E+03      0.5228E+01      0.1446E+11
  0.2928E+03      0.5386E+01      0.1447E+11
  0.2942E+03      0.5535E+01      0.1451E+11
  0.2955E+03      0.5676E+01      0.1452E+11
  0.2963E+03      0.5754E+01      0.1454E+11
  0.2977E+03      0.5880E+01      0.1455E+11
  0.2991E+03      0.5997E+01      0.1458E+11
  0.2998E+03      0.6057E+01      0.1459E+11
  0.3004E+03      0.6750E+01      0.1459E+11
  0.3015E+03      0.6928E+01      0.1460E+11
  0.3029E+03      0.7136E+01      0.1461E+11
  0.3042E+03      0.7337E+01      0.1462E+11
  0.3047E+03      0.7399E+01      0.1462E+11
  0.3049E+03      0.7435E+01      0.1462E+11
  0.3060E+03      0.7574E+01      0.1463E+11
  0.3073E+03      0.7757E+01      0.1464E+11
  0.3079E+03      0.7831E+01      0.1464E+11
  0.3081E+03      0.7856E+01      0.1464E+11
  0.3086E+03      0.1042E+02      0.1465E+11
  0.3099E+03      0.1089E+02      0.1466E+11
  0.3113E+03      0.1137E+02      0.1467E+11
  0.3127E+03      0.1184E+02      0.1467E+11
  0.3140E+03      0.1230E+02      0.1468E+11
  0.3154E+03      0.1276E+02      0.1469E+11
  0.3168E+03      0.1321E+02      0.1470E+11
  0.3181E+03      0.1363E+02      0.1471E+11
  0.3194E+03      0.1991E+02      0.1472E+11
  0.3207E+03      0.2082E+02      0.1473E+11
  0.3217E+03      0.2153E+02      0.1473E+11
  0.3231E+03      0.2248E+02      0.1474E+11
  0.3245E+03      0.2343E+02      0.1475E+11
  0.3258E+03      0.2436E+02      0.1476E+11
  0.3271E+03      0.2523E+02      0.1477E+11
  0.3285E+03      0.2613E+02      0.1477E+11
  0.3299E+03      0.2701E+02      0.1478E+11
  0.3312E+03      0.2787E+02      0.1479E+11
  0.3316E+03      0.2807E+02      0.1479E+11
  0.3317E+03      0.2815E+02      0.1591E+11
  0.3321E+03      0.2841E+02      0.1591E+11
  0.3335E+03      0.2922E+02      0.1593E+11
  0.3344E+03      0.2971E+02      0.1594E+11
  0.3344E+03      0.2974E+02      0.1594E+11
  0.3344E+03      0.2976E+02      0.1594E+11
  0.3345E+03      0.2981E+02      0.1594E+11
  0.3348E+03      0.2995E+02      0.1595E+11
  0.3348E+03      0.2998E+02      0.1595E+11
  0.3349E+03      0.3000E+02      0.1595E+11
  0.3350E+03      0.3008E+02      0.1595E+11
  0.3362E+03      0.3072E+02      0.1596E+11
  0.3375E+03      0.3144E+02      0.1598E+11
  0.3389E+03      0.3211E+02      0.1599E+11
  0.3403E+03      0.3275E+02      0.1601E+11
  0.3416E+03      0.3331E+02      0.1602E+11
  0.3429E+03      0.3386E+02      0.1603E+11
  0.3443E+03      0.3437E+02      0.1605E+11
  0.3457E+03      0.3484E+02      0.1611E+11
  0.3469E+03      0.3524E+02      0.1613E+11
  0.3475E+03      0.3541E+02      0.1613E+11
  0.3480E+03      0.3556E+02      0.1614E+11
  0.3485E+03      0.3636E+02      0.1614E+11
  0.3491E+03      0.3656E+02      0.1615E+11
  0.3496E+03      0.3674E+02      0.1615E+11
  0.3501E+03      0.3693E+02      0.1616E+11
  0.3506E+03      0.3711E+02      0.1617E+11
  0.3511E+03      0.3729E+02      0.1617E+11
  0.3517E+03      0.3747E+02      0.1618E+11
  0.3522E+03      0.3763E+02      0.1618E+11
  0.3527E+03      0.3779E+02      0.1619E+11
  0.3528E+03      0.3784E+02      0.1619E+11
  0.3529E+03      0.3785E+02      0.1619E+11
  0.3529E+03      0.3786E+02      0.1619E+11
  0.3530E+03      0.3788E+02      0.1619E+11
  0.3534E+03      0.3801E+02      0.1619E+11
  0.3547E+03      0.4109E+02      0.1621E+11
  0.3561E+03      0.4179E+02      0.1622E+11
  0.3575E+03      0.4248E+02      0.1625E+11
  0.3586E+03      0.4304E+02      0.1626E+11
  0.3600E+03      0.4370E+02      0.1627E+11
  0.3609E+03      0.4415E+02      0.1628E+11
  0.3621E+03      0.4471E+02      0.1629E+11
  0.3634E+03      0.4531E+02      0.1630E+11
  0.3643E+03      0.5615E+02      0.1631E+11
  0.3644E+03      0.5617E+02      0.1631E+11
  0.3645E+03      0.5622E+02      0.1631E+11
  0.3653E+03      0.5672E+02      0.1632E+11
  0.3667E+03      0.6353E+02      0.1633E+11
  0.3680E+03      0.6500E+02      0.1635E+11
  0.3694E+03      0.6650E+02      0.1636E+11
  0.3703E+03      0.6745E+02      0.1637E+11
  0.3703E+03      0.6754E+02      0.1637E+11
  0.3705E+03      0.6771E+02      0.1637E+11
  0.3710E+03      0.6830E+02      0.1637E+11
  0.3724E+03      0.6985E+02      0.1638E+11
  0.3738E+03      0.7142E+02      0.1640E+11
  0.3751E+03      0.7300E+02      0.1641E+11
  0.3759E+03      0.7391E+02      0.1641E+11
  0.3763E+03      0.7433E+02      0.1642E+11
  0.3770E+03      0.7524E+02      0.1642E+11
  0.3778E+03      0.7613E+02      0.1643E+11
  0.3785E+03      0.7700E+02      0.1644E+11
  0.3793E+03      0.8824E+02      0.1644E+11
  0.3794E+03      0.8856E+02      0.1644E+11
  0.3795E+03      0.8863E+02      0.1645E+11
  0.3796E+03      0.8887E+02      0.1645E+11
  0.3806E+03      0.9075E+02      0.1645E+11
  0.3819E+03      0.9341E+02      0.1647E+11
  0.3833E+03      0.9606E+02      0.1648E+11
  0.3847E+03      0.9867E+02      0.1652E+11
  0.3860E+03      0.1013E+03      0.1653E+11
  0.3874E+03      0.1038E+03      0.1660E+11
  0.3888E+03      0.1063E+03      0.1661E+11
  0.3901E+03      0.1087E+03      0.1662E+11
  0.3915E+03      0.1111E+03      0.1663E+11
  0.3929E+03      0.1134E+03      0.1664E+11
  0.3942E+03      0.1156E+03      0.1701E+11
  0.3956E+03      0.1177E+03      0.1703E+11
  0.3970E+03      0.1197E+03      0.1704E+11
  0.3984E+03      0.1216E+03      0.1705E+11
  0.3997E+03      0.1235E+03      0.1706E+11
  0.3997E+03      0.1235E+03      0.1706E+11
  0.4006E+03      0.1246E+03      0.1707E+11
  0.4007E+03      0.1247E+03      0.1707E+11
  0.4011E+03      0.1253E+03      0.1708E+11
  0.4016E+03      0.1259E+03      0.1708E+11
  0.4030E+03      0.1275E+03      0.1709E+11
  0.4043E+03      0.1291E+03      0.1711E+11
  0.4057E+03      0.1305E+03      0.1712E+11
  0.4067E+03      0.1315E+03      0.1712E+11
  0.4078E+03      0.1327E+03      0.1713E+11
  0.4083E+03      0.1331E+03      0.1714E+11
  0.4085E+03      0.1333E+03      0.1714E+11
  0.4098E+03      0.1345E+03      0.1715E+11
  0.4112E+03      0.1357E+03      0.1716E+11
  0.4126E+03      0.1368E+03      0.1717E+11
  0.4139E+03      0.1379E+03      0.1718E+11
  0.4153E+03      0.1389E+03      0.1720E+11
  0.4167E+03      0.1399E+03      0.1721E+11
  0.4180E+03      0.1409E+03      0.1722E+11
  0.4186E+03      0.1413E+03      0.1722E+11
  0.4190E+03      0.1415E+03      0.1723E+11
  0.4193E+03      0.1417E+03      0.1723E+11
  0.4195E+03      0.1418E+03      0.1723E+11
  0.4198E+03      0.1420E+03      0.1723E+11
  0.4201E+03      0.1422E+03      0.1723E+11
  0.4204E+03      0.1424E+03      0.1724E+11
  0.4207E+03      0.1426E+03      0.1724E+11
  0.4210E+03      0.1428E+03      0.1724E+11
  0.4213E+03      0.1429E+03      0.1724E+11
  0.4216E+03      0.1431E+03      0.1725E+11
  0.4219E+03      0.1433E+03      0.1725E+11
  0.4222E+03      0.1435E+03      0.1725E+11
  0.4225E+03      0.1436E+03      0.1725E+11
  0.4225E+03      0.1437E+03      0.1725E+11
  0.4226E+03      0.1437E+03      0.1725E+11
  0.4236E+03      0.1443E+03      0.1726E+11
  0.4250E+03      0.1451E+03      0.1727E+11
  0.4263E+03      0.1466E+03      0.1728E+11
  0.4277E+03      0.1474E+03      0.1729E+11
  0.4283E+03      0.1478E+03      0.1730E+11
  0.4284E+03      0.1478E+03      0.1730E+11
  0.4290E+03      0.1482E+03      0.1730E+11
  0.4303E+03      0.1673E+03      0.1731E+11
  0.4317E+03      0.1684E+03      0.1733E+11
  0.4331E+03      0.1695E+03      0.1734E+11
  0.4345E+03      0.1706E+03      0.1735E+11
  0.4353E+03      0.1713E+03      0.1735E+11
  0.4360E+03      0.1744E+03      0.1736E+11
  0.4373E+03      0.1757E+03      0.1737E+11
  0.4384E+03      0.1768E+03      0.1738E+11
  0.4389E+03      0.1772E+03      0.1738E+11
  0.4394E+03      0.1777E+03      0.1739E+11
  0.4399E+03      0.1782E+03      0.1811E+11
  0.4404E+03      0.1787E+03      0.1812E+11
  0.4409E+03      0.1792E+03      0.1812E+11
  0.4414E+03      0.1796E+03      0.1813E+11
  0.4418E+03      0.1801E+03      0.1813E+11
  0.4423E+03      0.1806E+03      0.1814E+11
  0.4428E+03      0.1810E+03      0.1814E+11
  0.4433E+03      0.1815E+03      0.1814E+11
  0.4438E+03      0.1819E+03      0.1815E+11
  0.4442E+03      0.1824E+03      0.1815E+11
  0.4445E+03      0.1826E+03      0.1816E+11
  0.4445E+03      0.1827E+03      0.1816E+11
  0.4447E+03      0.1828E+03      0.1816E+11
  0.4459E+03      0.1840E+03      0.1817E+11
  0.4473E+03      0.1853E+03      0.1818E+11
  0.4486E+03      0.1866E+03      0.1820E+11
  0.4500E+03      0.1878E+03      0.1821E+11
  0.4509E+03      0.1943E+03      0.1822E+11
  0.4522E+03      0.1961E+03      0.1823E+11
  0.4532E+03      0.1973E+03      0.1824E+11
  0.4541E+03      0.1985E+03      0.1825E+11
  0.4550E+03      0.1996E+03      0.1825E+11
  0.4563E+03      0.2014E+03      0.1827E+11
  0.4577E+03      0.2032E+03      0.1828E+11
  0.4591E+03      0.2049E+03      0.1829E+11
  0.4604E+03      0.2067E+03      0.1835E+11
  0.4618E+03      0.2084E+03      0.1837E+11
  0.4632E+03      0.2101E+03      0.1838E+11
  0.4645E+03      0.2118E+03      0.1839E+11
  0.4659E+03      0.2247E+03      0.1843E+11
  0.4673E+03      0.2272E+03      0.1844E+11
  0.4686E+03      0.2297E+03      0.1845E+11
  0.4700E+03      0.2321E+03      0.1846E+11
  0.4712E+03      0.2342E+03      0.1847E+11
  0.4726E+03      0.2366E+03      0.1848E+11
  0.4739E+03      0.2390E+03      0.1849E+11
  0.4753E+03      0.2413E+03      0.1851E+11
  0.4767E+03      0.2436E+03      0.1852E+11
  0.4780E+03      0.2458E+03      0.1853E+11
  0.4794E+03      0.2480E+03      0.1854E+11
  0.4808E+03      0.2502E+03      0.1855E+11
  0.4822E+03      0.2523E+03      0.1856E+11
  0.4832E+03      0.2539E+03      0.1857E+11
  0.4836E+03      0.2545E+03      0.1858E+11
  0.4848E+03      0.2562E+03      0.1859E+11
  0.4861E+03      0.2581E+03      0.1860E+11
  0.4867E+03      0.2589E+03      0.1860E+11
  0.4881E+03      0.2608E+03      0.1861E+11
  0.4894E+03      0.2627E+03      0.1862E+11
  0.4908E+03      0.2645E+03      0.1863E+11
  0.4916E+03      0.2655E+03      0.1864E+11
  0.4929E+03      0.2671E+03      0.1865E+11
  0.4942E+03      0.2687E+03      0.1866E+11
  0.4956E+03      0.2704E+03      0.1867E+11
  0.4968E+03      0.2717E+03      0.1868E+11
  0.4971E+03      0.2722E+03      0.1869E+11
  0.4984E+03      0.2736E+03      0.1870E+11
  0.4989E+03      0.2741E+03      0.1870E+11
  0.4997E+03      0.2750E+03      0.1871E+11
  0.5000E+03      0.2753E+03      0.1871E+11
  0.5000E+03      0.2753E+03      0.1871E+11
