  ---> start reading solute.inp
 '2-D CO2'                                                                         

                 ****** Writing solute transport input ******


 Options for controlling chemical calculations:
 *******************************************
  Using sequential non-iterative approach
  Initializing boundary & recharge input solution: Yes
  Iterative solver - See Tough2 V2 Manual
  Iterations: DH and Chemical Solver
  Number of gaseous species for transport=  1
  Print chemical speciation results at each grid block and each time step:  No
  Calculate porosity and permeability changes and affect fluid flow 
  CO2 reaction sources are considered in the flow simulation (only for EOS2 or ECO2 module)
  Not consider aqueous density changes due to  reactions

 Constraints for chemistry solver:
 *********************************
  Minimum liquid saturation = 0.1000E-04
  No Courant number limitation on transport time steps
  Maximum stoichiometric ionic strength = 0.6000E+01

 Input and output file names:
 ***************************
  Thermo. database: TherAkin10.dat      
  Iteration info:   iter.out            
  Plot aqueous:     co2d_conc.tec       
  Plot minerals:    co2d_min.tec        
  Plot gas:         co2d_gas.tec        
  Plot time series: co2d_tim.out        

 Time/space weighting factors and diffusion coefficients:
 *******************************************************
       WTIME      WUPC  DIFUN     DIFUNG 
        1.00      1.00 0.100E-08 0.110E-04

 Convergence tolerance data:
 **************************
  Maximum iterations for solving transport    =    1
  Relative tolerance for solving transport    = 0.100E-03
  Maximum iterations for whole chemical system=  200
  Relative tolerance for whole chemical system= 0.100E-05
  (absolute mass action tolerance set at min. 1.E-6)
  Maximum iterations for solving adsorption   =   30
  Relative tolerance for solving adsorption   = 0.100E-03
  Rel. con. change tolerance for steady-state = 0.000E+00
  Rel. con. change tolerance for steady-state = 0.000E+00

 Printout/output control flags:
 *****************************
  Writing frequency in time           =  100
  Number of nodes to output in time file =    2
  Number of primary species (total amounts) to output in time/plot files =   11
  Number of minerals to output time/plot files =   17
  Number of aqueous species to output time/plot files =    1
  Number of adsorbed species to output time/plot files =    0
  Number of exchange species to output time/plot files =    0
  ICONFLAG(0=mol/kg H2O,1=mol/L,2=g/L,mg/L(ppm) )=    0
  MINFLAG(0=change in mol/m3, 1=change in volume fraction,
          2=current volume fraction, 3=change in volume%)    1

 Elements for which to output time series:
 A1 10 A7 51

 Aqueous components for which to output data: 
    3    4    5    6    7    8    9   10   11   12   13

 Minerals for which to output data: 
    1    2    3    4    5    6    7    8    9   10   11   12   13   14   15   16   17

 Individual aqueous species for which to output molalities:
   32

 Surface complexes for which to output molalities:

 Exchanged species for which to output data: 

 Default values for chemical zones:
 *********************************
             IZIW IZBW IZMI IZGS IZAD IZEX IZPP IZKD
             ---- ---- ---- ---- ---- ---- ---- ----
                1    1    1    1    0    0    1    0

 Data for chemical zones:
 ***********************
   ELEM INDX IZIW IZBW IZMI IZGS IZAD IZEX IZPP IZKD
   ---- ---- ---- ---- ---- ---- ---- ---- ---- ----
  A1  1    1    1    1    1    1    0    0    1    0
  A2  1    2    1    1    1    1    0    0    1    0
  A3  1    3    1    1    1    1    0    0    1    0
  A4  1    4    1    1    1    1    0    0    1    0
  A5  1    5    1    1    1    1    0    0    1    0
  A6  1    6    1    1    1    1    0    0    1    0
  A7  1    7    1    1    1    1    0    0    1    0
  A8  1    8    1    1    1    1    0    0    1    0
  A9  1    9    1    1    1    1    0    0    1    0
  AA  1   10    1    1    1    1    0    0    1    0
  AB  1   11    1    1    1    1    0    0    1    0
  AC  1   12    1    1    1    1    0    0    1    0
  AD  1   13    1    1    1    1    0    0    1    0
  AE  1   14    1    1    1    1    0    0    1    0
  AF  1   15    1    1    1    1    0    0    1    0
  AG  1   16    1    1    1    1    0    0    1    0
  AH  1   17    1    1    1    1    0    0    1    0
  AI  1   18    1    1    1    1    0    0    1    0
  AJ  1   19    1    1    1    1    0    0    1    0
  AK  1   20    1    1    1    1    0    0    1    0
  A1  2   21    1    1    1    1    0    0    1    0
  A2  2   22    1    1    1    1    0    0    1    0
  A3  2   23    1    1    1    1    0    0    1    0
  A4  2   24    1    1    1    1    0    0    1    0
  A5  2   25    1    1    1    1    0    0    1    0
  A6  2   26    1    1    1    1    0    0    1    0
  A7  2   27    1    1    1    1    0    0    1    0
  A8  2   28    1    1    1    1    0    0    1    0
  A9  2   29    1    1    1    1    0    0    1    0
  AA  2   30    1    1    1    1    0    0    1    0
  AB  2   31    1    1    1    1    0    0    1    0
  AC  2   32    1    1    1    1    0    0    1    0
  AD  2   33    1    1    1    1    0    0    1    0
  AE  2   34    1    1    1    1    0    0    1    0
  AF  2   35    1    1    1    1    0    0    1    0
  AG  2   36    1    1    1    1    0    0    1    0
  AH  2   37    1    1    1    1    0    0    1    0
  AI  2   38    1    1    1    1    0    0    1    0
  AJ  2   39    1    1    1    1    0    0    1    0
  AK  2   40    1    1    1    1    0    0    1    0
  A1  3   41    1    1    1    1    0    0    1    0
  A2  3   42    1    1    1    1    0    0    1    0
  A3  3   43    1    1    1    1    0    0    1    0
  A4  3   44    1    1    1    1    0    0    1    0
  A5  3   45    1    1    1    1    0    0    1    0
  A6  3   46    1    1    1    1    0    0    1    0
  A7  3   47    1    1    1    1    0    0    1    0
  A8  3   48    1    1    1    1    0    0    1    0
  A9  3   49    1    1    1    1    0    0    1    0
  AA  3   50    1    1    1    1    0    0    1    0
  AB  3   51    1    1    1    1    0    0    1    0
  AC  3   52    1    1    1    1    0    0    1    0
  AD  3   53    1    1    1    1    0    0    1    0
  AE  3   54    1    1    1    1    0    0    1    0
  AF  3   55    1    1    1    1    0    0    1    0
  AG  3   56    1    1    1    1    0    0    1    0
  AH  3   57    1    1    1    1    0    0    1    0
  AI  3   58    1    1    1    1    0    0    1    0
  AJ  3   59    1    1    1    1    0    0    1    0
  AK  3   60    1    1    1    1    0    0    1    0
  A1  4   61    1    1    1    1    0    0    1    0
  A2  4   62    1    1    1    1    0    0    1    0
  A3  4   63    1    1    1    1    0    0    1    0
  A4  4   64    1    1    1    1    0    0    1    0
  A5  4   65    1    1    1    1    0    0    1    0
  A6  4   66    1    1    1    1    0    0    1    0
  A7  4   67    1    1    1    1    0    0    1    0
  A8  4   68    1    1    1    1    0    0    1    0
  A9  4   69    1    1    1    1    0    0    1    0
  AA  4   70    1    1    1    1    0    0    1    0
  AB  4   71    1    1    1    1    0    0    1    0
  AC  4   72    1    1    1    1    0    0    1    0
  AD  4   73    1    1    1    1    0    0    1    0
  AE  4   74    1    1    1    1    0    0    1    0
  AF  4   75    1    1    1    1    0    0    1    0
  AG  4   76    1    1    1    1    0    0    1    0
  AH  4   77    1    1    1    1    0    0    1    0
  AI  4   78    1    1    1    1    0    0    1    0
  AJ  4   79    1    1    1    1    0    0    1    0
  AK  4   80    1    1    1    1    0    0    1    0
  A1  5   81    1    1    1    1    0    0    1    0
  A2  5   82    1    1    1    1    0    0    1    0
  A3  5   83    1    1    1    1    0    0    1    0
  A4  5   84    1    1    1    1    0    0    1    0
  A5  5   85    1    1    1    1    0    0    1    0
  A6  5   86    1    1    1    1    0    0    1    0
  A7  5   87    1    1    1    1    0    0    1    0
  A8  5   88    1    1    1    1    0    0    1    0
  A9  5   89    1    1    1    1    0    0    1    0
  AA  5   90    1    1    1    1    0    0    1    0
  AB  5   91    1    1    1    1    0    0    1    0
  AC  5   92    1    1    1    1    0    0    1    0
  AD  5   93    1    1    1    1    0    0    1    0
  AE  5   94    1    1    1    1    0    0    1    0
  AF  5   95    1    1    1    1    0    0    1    0
  AG  5   96    1    1    1    1    0    0    1    0
  AH  5   97    1    1    1    1    0    0    1    0
  AI  5   98    1    1    1    1    0    0    1    0
  AJ  5   99    1    1    1    1    0    0    1    0
  AK  5  100    1    1    1    1    0    0    1    0
  A1  6  101    1    1    1    1    0    0    1    0
  A2  6  102    1    1    1    1    0    0    1    0
  A3  6  103    1    1    1    1    0    0    1    0
  A4  6  104    1    1    1    1    0    0    1    0
  A5  6  105    1    1    1    1    0    0    1    0
  A6  6  106    1    1    1    1    0    0    1    0
  A7  6  107    1    1    1    1    0    0    1    0
  A8  6  108    1    1    1    1    0    0    1    0
  A9  6  109    1    1    1    1    0    0    1    0
  AA  6  110    1    1    1    1    0    0    1    0
  AB  6  111    1    1    1    1    0    0    1    0
  AC  6  112    1    1    1    1    0    0    1    0
  AD  6  113    1    1    1    1    0    0    1    0
  AE  6  114    1    1    1    1    0    0    1    0
  AF  6  115    1    1    1    1    0    0    1    0
  AG  6  116    1    1    1    1    0    0    1    0
  AH  6  117    1    1    1    1    0    0    1    0
  AI  6  118    1    1    1    1    0    0    1    0
  AJ  6  119    1    1    1    1    0    0    1    0
  AK  6  120    1    1    1    1    0    0    1    0
  A1  7  121    1    1    1    1    0    0    1    0
  A2  7  122    1    1    1    1    0    0    1    0
  A3  7  123    1    1    1    1    0    0    1    0
  A4  7  124    1    1    1    1    0    0    1    0
  A5  7  125    1    1    1    1    0    0    1    0
  A6  7  126    1    1    1    1    0    0    1    0
  A7  7  127    1    1    1    1    0    0    1    0
  A8  7  128    1    1    1    1    0    0    1    0
  A9  7  129    1    1    1    1    0    0    1    0
  AA  7  130    1    1    1    1    0    0    1    0
  AB  7  131    1    1    1    1    0    0    1    0
  AC  7  132    1    1    1    1    0    0    1    0
  AD  7  133    1    1    1    1    0    0    1    0
  AE  7  134    1    1    1    1    0    0    1    0
  AF  7  135    1    1    1    1    0    0    1    0
  AG  7  136    1    1    1    1    0    0    1    0
  AH  7  137    1    1    1    1    0    0    1    0
  AI  7  138    1    1    1    1    0    0    1    0
  AJ  7  139    1    1    1    1    0    0    1    0
  AK  7  140    1    1    1    1    0    0    1    0
  A1  8  141    1    1    1    1    0    0    1    0
  A2  8  142    1    1    1    1    0    0    1    0
  A3  8  143    1    1    1    1    0    0    1    0
  A4  8  144    1    1    1    1    0    0    1    0
  A5  8  145    1    1    1    1    0    0    1    0
  A6  8  146    1    1    1    1    0    0    1    0
  A7  8  147    1    1    1    1    0    0    1    0
  A8  8  148    1    1    1    1    0    0    1    0
  A9  8  149    1    1    1    1    0    0    1    0
  AA  8  150    1    1    1    1    0    0    1    0
  AB  8  151    1    1    1    1    0    0    1    0
  AC  8  152    1    1    1    1    0    0    1    0
  AD  8  153    1    1    1    1    0    0    1    0
  AE  8  154    1    1    1    1    0    0    1    0
  AF  8  155    1    1    1    1    0    0    1    0
  AG  8  156    1    1    1    1    0    0    1    0
  AH  8  157    1    1    1    1    0    0    1    0
  AI  8  158    1    1    1    1    0    0    1    0
  AJ  8  159    1    1    1    1    0    0    1    0
  AK  8  160    1    1    1    1    0    0    1    0
  A1  9  161    1    1    1    1    0    0    1    0
  A2  9  162    1    1    1    1    0    0    1    0
  A3  9  163    1    1    1    1    0    0    1    0
  A4  9  164    1    1    1    1    0    0    1    0
  A5  9  165    1    1    1    1    0    0    1    0
  A6  9  166    1    1    1    1    0    0    1    0
  A7  9  167    1    1    1    1    0    0    1    0
  A8  9  168    1    1    1    1    0    0    1    0
  A9  9  169    1    1    1    1    0    0    1    0
  AA  9  170    1    1    1    1    0    0    1    0
  AB  9  171    1    1    1    1    0    0    1    0
  AC  9  172    1    1    1    1    0    0    1    0
  AD  9  173    1    1    1    1    0    0    1    0
  AE  9  174    1    1    1    1    0    0    1    0
  AF  9  175    1    1    1    1    0    0    1    0
  AG  9  176    1    1    1    1    0    0    1    0
  AH  9  177    1    1    1    1    0    0    1    0
  AI  9  178    1    1    1    1    0    0    1    0
  AJ  9  179    1    1    1    1    0    0    1    0
  AK  9  180    1    1    1    1    0    0    1    0
  A1 10  181    1    1    1    1    0    0    1    0
  A2 10  182    1    1    1    1    0    0    1    0
  A3 10  183    1    1    1    1    0    0    1    0
  A4 10  184    1    1    1    1    0    0    1    0
  A5 10  185    1    1    1    1    0    0    1    0
  A6 10  186    1    1    1    1    0    0    1    0
  A7 10  187    1    1    1    1    0    0    1    0
  A8 10  188    1    1    1    1    0    0    1    0
  A9 10  189    1    1    1    1    0    0    1    0
  AA 10  190    1    1    1    1    0    0    1    0
  AB 10  191    1    1    1    1    0    0    1    0
  AC 10  192    1    1    1    1    0    0    1    0
  AD 10  193    1    1    1    1    0    0    1    0
  AE 10  194    1    1    1    1    0    0    1    0
  AF 10  195    1    1    1    1    0    0    1    0
  AG 10  196    1    1    1    1    0    0    1    0
  AH 10  197    1    1    1    1    0    0    1    0
  AI 10  198    1    1    1    1    0    0    1    0
  AJ 10  199    1    1    1    1    0    0    1    0
  AK 10  200    1    1    1    1    0    0    1    0
  A1 11  201    1    1    1    1    0    0    1    0
  A2 11  202    1    1    1    1    0    0    1    0
  A3 11  203    1    1    1    1    0    0    1    0
  A4 11  204    1    1    1    1    0    0    1    0
  A5 11  205    1    1    1    1    0    0    1    0
  A6 11  206    1    1    1    1    0    0    1    0
  A7 11  207    1    1    1    1    0    0    1    0
  A8 11  208    1    1    1    1    0    0    1    0
  A9 11  209    1    1    1    1    0    0    1    0
  AA 11  210    1    1    1    1    0    0    1    0
  AB 11  211    1    1    1    1    0    0    1    0
  AC 11  212    1    1    1    1    0    0    1    0
  AD 11  213    1    1    1    1    0    0    1    0
  AE 11  214    1    1    1    1    0    0    1    0
  AF 11  215    1    1    1    1    0    0    1    0
  AG 11  216    1    1    1    1    0    0    1    0
  AH 11  217    1    1    1    1    0    0    1    0
  AI 11  218    1    1    1    1    0    0    1    0
  AJ 11  219    1    1    1    1    0    0    1    0
  AK 11  220    1    1    1    1    0    0    1    0
  A1 12  221    1    1    1    1    0    0    1    0
  A2 12  222    1    1    1    1    0    0    1    0
  A3 12  223    1    1    1    1    0    0    1    0
  A4 12  224    1    1    1    1    0    0    1    0
  A5 12  225    1    1    1    1    0    0    1    0
  A6 12  226    1    1    1    1    0    0    1    0
  A7 12  227    1    1    1    1    0    0    1    0
  A8 12  228    1    1    1    1    0    0    1    0
  A9 12  229    1    1    1    1    0    0    1    0
  AA 12  230    1    1    1    1    0    0    1    0
  AB 12  231    1    1    1    1    0    0    1    0
  AC 12  232    1    1    1    1    0    0    1    0
  AD 12  233    1    1    1    1    0    0    1    0
  AE 12  234    1    1    1    1    0    0    1    0
  AF 12  235    1    1    1    1    0    0    1    0
  AG 12  236    1    1    1    1    0    0    1    0
  AH 12  237    1    1    1    1    0    0    1    0
  AI 12  238    1    1    1    1    0    0    1    0
  AJ 12  239    1    1    1    1    0    0    1    0
  AK 12  240    1    1    1    1    0    0    1    0
  A1 13  241    1    1    1    1    0    0    1    0
  A2 13  242    1    1    1    1    0    0    1    0
  A3 13  243    1    1    1    1    0    0    1    0
  A4 13  244    1    1    1    1    0    0    1    0
  A5 13  245    1    1    1    1    0    0    1    0
  A6 13  246    1    1    1    1    0    0    1    0
  A7 13  247    1    1    1    1    0    0    1    0
  A8 13  248    1    1    1    1    0    0    1    0
  A9 13  249    1    1    1    1    0    0    1    0
  AA 13  250    1    1    1    1    0    0    1    0
  AB 13  251    1    1    1    1    0    0    1    0
  AC 13  252    1    1    1    1    0    0    1    0
  AD 13  253    1    1    1    1    0    0    1    0
  AE 13  254    1    1    1    1    0    0    1    0
  AF 13  255    1    1    1    1    0    0    1    0
  AG 13  256    1    1    1    1    0    0    1    0
  AH 13  257    1    1    1    1    0    0    1    0
  AI 13  258    1    1    1    1    0    0    1    0
  AJ 13  259    1    1    1    1    0    0    1    0
  AK 13  260    1    1    1    1    0    0    1    0
  A1 14  261    1    1    1    1    0    0    1    0
  A2 14  262    1    1    1    1    0    0    1    0
  A3 14  263    1    1    1    1    0    0    1    0
  A4 14  264    1    1    1    1    0    0    1    0
  A5 14  265    1    1    1    1    0    0    1    0
  A6 14  266    1    1    1    1    0    0    1    0
  A7 14  267    1    1    1    1    0    0    1    0
  A8 14  268    1    1    1    1    0    0    1    0
  A9 14  269    1    1    1    1    0    0    1    0
  AA 14  270    1    1    1    1    0    0    1    0
  AB 14  271    1    1    1    1    0    0    1    0
  AC 14  272    1    1    1    1    0    0    1    0
  AD 14  273    1    1    1    1    0    0    1    0
  AE 14  274    1    1    1    1    0    0    1    0
  AF 14  275    1    1    1    1    0    0    1    0
  AG 14  276    1    1    1    1    0    0    1    0
  AH 14  277    1    1    1    1    0    0    1    0
  AI 14  278    1    1    1    1    0    0    1    0
  AJ 14  279    1    1    1    1    0    0    1    0
  AK 14  280    1    1    1    1    0    0    1    0
  A1 15  281    1    1    1    1    0    0    1    0
  A2 15  282    1    1    1    1    0    0    1    0
  A3 15  283    1    1    1    1    0    0    1    0
  A4 15  284    1    1    1    1    0    0    1    0
  A5 15  285    1    1    1    1    0    0    1    0
  A6 15  286    1    1    1    1    0    0    1    0
  A7 15  287    1    1    1    1    0    0    1    0
  A8 15  288    1    1    1    1    0    0    1    0
  A9 15  289    1    1    1    1    0    0    1    0
  AA 15  290    1    1    1    1    0    0    1    0
  AB 15  291    1    1    1    1    0    0    1    0
  AC 15  292    1    1    1    1    0    0    1    0
  AD 15  293    1    1    1    1    0    0    1    0
  AE 15  294    1    1    1    1    0    0    1    0
  AF 15  295    1    1    1    1    0    0    1    0
  AG 15  296    1    1    1    1    0    0    1    0
  AH 15  297    1    1    1    1    0    0    1    0
  AI 15  298    1    1    1    1    0    0    1    0
  AJ 15  299    1    1    1    1    0    0    1    0
  AK 15  300    1    1    1    1    0    0    1    0
  A1 16  301    1    1    1    1    0    0    1    0
  A2 16  302    1    1    1    1    0    0    1    0
  A3 16  303    1    1    1    1    0    0    1    0
  A4 16  304    1    1    1    1    0    0    1    0
  A5 16  305    1    1    1    1    0    0    1    0
  A6 16  306    1    1    1    1    0    0    1    0
  A7 16  307    1    1    1    1    0    0    1    0
  A8 16  308    1    1    1    1    0    0    1    0
  A9 16  309    1    1    1    1    0    0    1    0
  AA 16  310    1    1    1    1    0    0    1    0
  AB 16  311    1    1    1    1    0    0    1    0
  AC 16  312    1    1    1    1    0    0    1    0
  AD 16  313    1    1    1    1    0    0    1    0
  AE 16  314    1    1    1    1    0    0    1    0
  AF 16  315    1    1    1    1    0    0    1    0
  AG 16  316    1    1    1    1    0    0    1    0
  AH 16  317    1    1    1    1    0    0    1    0
  AI 16  318    1    1    1    1    0    0    1    0
  AJ 16  319    1    1    1    1    0    0    1    0
  AK 16  320    1    1    1    1    0    0    1    0
  A1 17  321    1    1    1    1    0    0    1    0
  A2 17  322    1    1    1    1    0    0    1    0
  A3 17  323    1    1    1    1    0    0    1    0
  A4 17  324    1    1    1    1    0    0    1    0
  A5 17  325    1    1    1    1    0    0    1    0
  A6 17  326    1    1    1    1    0    0    1    0
  A7 17  327    1    1    1    1    0    0    1    0
  A8 17  328    1    1    1    1    0    0    1    0
  A9 17  329    1    1    1    1    0    0    1    0
  AA 17  330    1    1    1    1    0    0    1    0
  AB 17  331    1    1    1    1    0    0    1    0
  AC 17  332    1    1    1    1    0    0    1    0
  AD 17  333    1    1    1    1    0    0    1    0
  AE 17  334    1    1    1    1    0    0    1    0
  AF 17  335    1    1    1    1    0    0    1    0
  AG 17  336    1    1    1    1    0    0    1    0
  AH 17  337    1    1    1    1    0    0    1    0
  AI 17  338    1    1    1    1    0    0    1    0
  AJ 17  339    1    1    1    1    0    0    1    0
  AK 17  340    1    1    1    1    0    0    1    0
  A1 18  341    1    1    1    1    0    0    1    0
  A2 18  342    1    1    1    1    0    0    1    0
  A3 18  343    1    1    1    1    0    0    1    0
  A4 18  344    1    1    1    1    0    0    1    0
  A5 18  345    1    1    1    1    0    0    1    0
  A6 18  346    1    1    1    1    0    0    1    0
  A7 18  347    1    1    1    1    0    0    1    0
  A8 18  348    1    1    1    1    0    0    1    0
  A9 18  349    1    1    1    1    0    0    1    0
  AA 18  350    1    1    1    1    0    0    1    0
  AB 18  351    1    1    1    1    0    0    1    0
  AC 18  352    1    1    1    1    0    0    1    0
  AD 18  353    1    1    1    1    0    0    1    0
  AE 18  354    1    1    1    1    0    0    1    0
  AF 18  355    1    1    1    1    0    0    1    0
  AG 18  356    1    1    1    1    0    0    1    0
  AH 18  357    1    1    1    1    0    0    1    0
  AI 18  358    1    1    1    1    0    0    1    0
  AJ 18  359    1    1    1    1    0    0    1    0
  AK 18  360    1    1    1    1    0    0    1    0
  A1 19  361    1    1    1    1    0    0    1    0
  A2 19  362    1    1    1    1    0    0    1    0
  A3 19  363    1    1    1    1    0    0    1    0
  A4 19  364    1    1    1    1    0    0    1    0
  A5 19  365    1    1    1    1    0    0    1    0
  A6 19  366    1    1    1    1    0    0    1    0
  A7 19  367    1    1    1    1    0    0    1    0
  A8 19  368    1    1    1    1    0    0    1    0
  A9 19  369    1    1    1    1    0    0    1    0
  AA 19  370    1    1    1    1    0    0    1    0
  AB 19  371    1    1    1    1    0    0    1    0
  AC 19  372    1    1    1    1    0    0    1    0
  AD 19  373    1    1    1    1    0    0    1    0
  AE 19  374    1    1    1    1    0    0    1    0
  AF 19  375    1    1    1    1    0    0    1    0
  AG 19  376    1    1    1    1    0    0    1    0
  AH 19  377    1    1    1    1    0    0    1    0
  AI 19  378    1    1    1    1    0    0    1    0
  AJ 19  379    1    1    1    1    0    0    1    0
  AK 19  380    1    1    1    1    0    0    1    0
  A1 20  381    1    1    1    1    0    0    1    0
  A2 20  382    1    1    1    1    0    0    1    0
  A3 20  383    1    1    1    1    0    0    1    0
  A4 20  384    1    1    1    1    0    0    1    0
  A5 20  385    1    1    1    1    0    0    1    0
  A6 20  386    1    1    1    1    0    0    1    0
  A7 20  387    1    1    1    1    0    0    1    0
  A8 20  388    1    1    1    1    0    0    1    0
  A9 20  389    1    1    1    1    0    0    1    0
  AA 20  390    1    1    1    1    0    0    1    0
  AB 20  391    1    1    1    1    0    0    1    0
  AC 20  392    1    1    1    1    0    0    1    0
  AD 20  393    1    1    1    1    0    0    1    0
  AE 20  394    1    1    1    1    0    0    1    0
  AF 20  395    1    1    1    1    0    0    1    0
  AG 20  396    1    1    1    1    0    0    1    0
  AH 20  397    1    1    1    1    0    0    1    0
  AI 20  398    1    1    1    1    0    0    1    0
  AJ 20  399    1    1    1    1    0    0    1    0
  AK 20  400    1    1    1    1    0    0    1    0
  A1 21  401    1    1    1    1    0    0    1    0
  A2 21  402    1    1    1    1    0    0    1    0
  A3 21  403    1    1    1    1    0    0    1    0
  A4 21  404    1    1    1    1    0    0    1    0
  A5 21  405    1    1    1    1    0    0    1    0
  A6 21  406    1    1    1    1    0    0    1    0
  A7 21  407    1    1    1    1    0    0    1    0
  A8 21  408    1    1    1    1    0    0    1    0
  A9 21  409    1    1    1    1    0    0    1    0
  AA 21  410    1    1    1    1    0    0    1    0
  AB 21  411    1    1    1    1    0    0    1    0
  AC 21  412    1    1    1    1    0    0    1    0
  AD 21  413    1    1    1    1    0    0    1    0
  AE 21  414    1    1    1    1    0    0    1    0
  AF 21  415    1    1    1    1    0    0    1    0
  AG 21  416    1    1    1    1    0    0    1    0
  AH 21  417    1    1    1    1    0    0    1    0
  AI 21  418    1    1    1    1    0    0    1    0
  AJ 21  419    1    1    1    1    0    0    1    0
  AK 21  420    1    1    1    1    0    0    1    0
  A1 22  421    1    1    1    1    0    0    1    0
  A2 22  422    1    1    1    1    0    0    1    0
  A3 22  423    1    1    1    1    0    0    1    0
  A4 22  424    1    1    1    1    0    0    1    0
  A5 22  425    1    1    1    1    0    0    1    0
  A6 22  426    1    1    1    1    0    0    1    0
  A7 22  427    1    1    1    1    0    0    1    0
  A8 22  428    1    1    1    1    0    0    1    0
  A9 22  429    1    1    1    1    0    0    1    0
  AA 22  430    1    1    1    1    0    0    1    0
  AB 22  431    1    1    1    1    0    0    1    0
  AC 22  432    1    1    1    1    0    0    1    0
  AD 22  433    1    1    1    1    0    0    1    0
  AE 22  434    1    1    1    1    0    0    1    0
  AF 22  435    1    1    1    1    0    0    1    0
  AG 22  436    1    1    1    1    0    0    1    0
  AH 22  437    1    1    1    1    0    0    1    0
  AI 22  438    1    1    1    1    0    0    1    0
  AJ 22  439    1    1    1    1    0    0    1    0
  AK 22  440    1    1    1    1    0    0    1    0
  A1 23  441    1    1    1    1    0    0    1    0
  A2 23  442    1    1    1    1    0    0    1    0
  A3 23  443    1    1    1    1    0    0    1    0
  A4 23  444    1    1    1    1    0    0    1    0
  A5 23  445    1    1    1    1    0    0    1    0
  A6 23  446    1    1    1    1    0    0    1    0
  A7 23  447    1    1    1    1    0    0    1    0
  A8 23  448    1    1    1    1    0    0    1    0
  A9 23  449    1    1    1    1    0    0    1    0
  AA 23  450    1    1    1    1    0    0    1    0
  AB 23  451    1    1    1    1    0    0    1    0
  AC 23  452    1    1    1    1    0    0    1    0
  AD 23  453    1    1    1    1    0    0    1    0
  AE 23  454    1    1    1    1    0    0    1    0
  AF 23  455    1    1    1    1    0    0    1    0
  AG 23  456    1    1    1    1    0    0    1    0
  AH 23  457    1    1    1    1    0    0    1    0
  AI 23  458    1    1    1    1    0    0    1    0
  AJ 23  459    1    1    1    1    0    0    1    0
  AK 23  460    1    1    1    1    0    0    1    0
  A1 24  461    1    1    1    1    0    0    1    0
  A2 24  462    1    1    1    1    0    0    1    0
  A3 24  463    1    1    1    1    0    0    1    0
  A4 24  464    1    1    1    1    0    0    1    0
  A5 24  465    1    1    1    1    0    0    1    0
  A6 24  466    1    1    1    1    0    0    1    0
  A7 24  467    1    1    1    1    0    0    1    0
  A8 24  468    1    1    1    1    0    0    1    0
  A9 24  469    1    1    1    1    0    0    1    0
  AA 24  470    1    1    1    1    0    0    1    0
  AB 24  471    1    1    1    1    0    0    1    0
  AC 24  472    1    1    1    1    0    0    1    0
  AD 24  473    1    1    1    1    0    0    1    0
  AE 24  474    1    1    1    1    0    0    1    0
  AF 24  475    1    1    1    1    0    0    1    0
  AG 24  476    1    1    1    1    0    0    1    0
  AH 24  477    1    1    1    1    0    0    1    0
  AI 24  478    1    1    1    1    0    0    1    0
  AJ 24  479    1    1    1    1    0    0    1    0
  AK 24  480    1    1    1    1    0    0    1    0
  A1 25  481    1    1    1    1    0    0    1    0
  A2 25  482    1    1    1    1    0    0    1    0
  A3 25  483    1    1    1    1    0    0    1    0
  A4 25  484    1    1    1    1    0    0    1    0
  A5 25  485    1    1    1    1    0    0    1    0
  A6 25  486    1    1    1    1    0    0    1    0
  A7 25  487    1    1    1    1    0    0    1    0
  A8 25  488    1    1    1    1    0    0    1    0
  A9 25  489    1    1    1    1    0    0    1    0
  AA 25  490    1    1    1    1    0    0    1    0
  AB 25  491    1    1    1    1    0    0    1    0
  AC 25  492    1    1    1    1    0    0    1    0
  AD 25  493    1    1    1    1    0    0    1    0
  AE 25  494    1    1    1    1    0    0    1    0
  AF 25  495    1    1    1    1    0    0    1    0
  AG 25  496    1    1    1    1    0    0    1    0
  AH 25  497    1    1    1    1    0    0    1    0
  AI 25  498    1    1    1    1    0    0    1    0
  AJ 25  499    1    1    1    1    0    0    1    0
  AK 25  500    1    1    1    1    0    0    1    0
  A1 26  501    1    1    1    1    0    0    1    0
  A2 26  502    1    1    1    1    0    0    1    0
  A3 26  503    1    1    1    1    0    0    1    0
  A4 26  504    1    1    1    1    0    0    1    0
  A5 26  505    1    1    1    1    0    0    1    0
  A6 26  506    1    1    1    1    0    0    1    0
  A7 26  507    1    1    1    1    0    0    1    0
  A8 26  508    1    1    1    1    0    0    1    0
  A9 26  509    1    1    1    1    0    0    1    0
  AA 26  510    1    1    1    1    0    0    1    0
  AB 26  511    1    1    1    1    0    0    1    0
  AC 26  512    1    1    1    1    0    0    1    0
  AD 26  513    1    1    1    1    0    0    1    0
  AE 26  514    1    1    1    1    0    0    1    0
  AF 26  515    1    1    1    1    0    0    1    0
  AG 26  516    1    1    1    1    0    0    1    0
  AH 26  517    1    1    1    1    0    0    1    0
  AI 26  518    1    1    1    1    0    0    1    0
  AJ 26  519    1    1    1    1    0    0    1    0
  AK 26  520    1    1    1    1    0    0    1    0
  A1 27  521    1    1    1    1    0    0    1    0
  A2 27  522    1    1    1    1    0    0    1    0
  A3 27  523    1    1    1    1    0    0    1    0
  A4 27  524    1    1    1    1    0    0    1    0
  A5 27  525    1    1    1    1    0    0    1    0
  A6 27  526    1    1    1    1    0    0    1    0
  A7 27  527    1    1    1    1    0    0    1    0
  A8 27  528    1    1    1    1    0    0    1    0
  A9 27  529    1    1    1    1    0    0    1    0
  AA 27  530    1    1    1    1    0    0    1    0
  AB 27  531    1    1    1    1    0    0    1    0
  AC 27  532    1    1    1    1    0    0    1    0
  AD 27  533    1    1    1    1    0    0    1    0
  AE 27  534    1    1    1    1    0    0    1    0
  AF 27  535    1    1    1    1    0    0    1    0
  AG 27  536    1    1    1    1    0    0    1    0
  AH 27  537    1    1    1    1    0    0    1    0
  AI 27  538    1    1    1    1    0    0    1    0
  AJ 27  539    1    1    1    1    0    0    1    0
  AK 27  540    1    1    1    1    0    0    1    0
  A1 28  541    1    1    1    1    0    0    1    0
  A2 28  542    1    1    1    1    0    0    1    0
  A3 28  543    1    1    1    1    0    0    1    0
  A4 28  544    1    1    1    1    0    0    1    0
  A5 28  545    1    1    1    1    0    0    1    0
  A6 28  546    1    1    1    1    0    0    1    0
  A7 28  547    1    1    1    1    0    0    1    0
  A8 28  548    1    1    1    1    0    0    1    0
  A9 28  549    1    1    1    1    0    0    1    0
  AA 28  550    1    1    1    1    0    0    1    0
  AB 28  551    1    1    1    1    0    0    1    0
  AC 28  552    1    1    1    1    0    0    1    0
  AD 28  553    1    1    1    1    0    0    1    0
  AE 28  554    1    1    1    1    0    0    1    0
  AF 28  555    1    1    1    1    0    0    1    0
  AG 28  556    1    1    1    1    0    0    1    0
  AH 28  557    1    1    1    1    0    0    1    0
  AI 28  558    1    1    1    1    0    0    1    0
  AJ 28  559    1    1    1    1    0    0    1    0
  AK 28  560    1    1    1    1    0    0    1    0
  A1 29  561    1    1    1    1    0    0    1    0
  A2 29  562    1    1    1    1    0    0    1    0
  A3 29  563    1    1    1    1    0    0    1    0
  A4 29  564    1    1    1    1    0    0    1    0
  A5 29  565    1    1    1    1    0    0    1    0
  A6 29  566    1    1    1    1    0    0    1    0
  A7 29  567    1    1    1    1    0    0    1    0
  A8 29  568    1    1    1    1    0    0    1    0
  A9 29  569    1    1    1    1    0    0    1    0
  AA 29  570    1    1    1    1    0    0    1    0
  AB 29  571    1    1    1    1    0    0    1    0
  AC 29  572    1    1    1    1    0    0    1    0
  AD 29  573    1    1    1    1    0    0    1    0
  AE 29  574    1    1    1    1    0    0    1    0
  AF 29  575    1    1    1    1    0    0    1    0
  AG 29  576    1    1    1    1    0    0    1    0
  AH 29  577    1    1    1    1    0    0    1    0
  AI 29  578    1    1    1    1    0    0    1    0
  AJ 29  579    1    1    1    1    0    0    1    0
  AK 29  580    1    1    1    1    0    0    1    0
  A1 30  581    1    1    1    1    0    0    1    0
  A2 30  582    1    1    1    1    0    0    1    0
  A3 30  583    1    1    1    1    0    0    1    0
  A4 30  584    1    1    1    1    0    0    1    0
  A5 30  585    1    1    1    1    0    0    1    0
  A6 30  586    1    1    1    1    0    0    1    0
  A7 30  587    1    1    1    1    0    0    1    0
  A8 30  588    1    1    1    1    0    0    1    0
  A9 30  589    1    1    1    1    0    0    1    0
  AA 30  590    1    1    1    1    0    0    1    0
  AB 30  591    1    1    1    1    0    0    1    0
  AC 30  592    1    1    1    1    0    0    1    0
  AD 30  593    1    1    1    1    0    0    1    0
  AE 30  594    1    1    1    1    0    0    1    0
  AF 30  595    1    1    1    1    0    0    1    0
  AG 30  596    1    1    1    1    0    0    1    0
  AH 30  597    1    1    1    1    0    0    1    0
  AI 30  598    1    1    1    1    0    0    1    0
  AJ 30  599    1    1    1    1    0    0    1    0
  AK 30  600    1    1    1    1    0    0    1    0
  A1 31  601    1    1    1    1    0    0    1    0
  A2 31  602    1    1    1    1    0    0    1    0
  A3 31  603    1    1    1    1    0    0    1    0
  A4 31  604    1    1    1    1    0    0    1    0
  A5 31  605    1    1    1    1    0    0    1    0
  A6 31  606    1    1    1    1    0    0    1    0
  A7 31  607    1    1    1    1    0    0    1    0
  A8 31  608    1    1    1    1    0    0    1    0
  A9 31  609    1    1    1    1    0    0    1    0
  AA 31  610    1    1    1    1    0    0    1    0
  AB 31  611    1    1    1    1    0    0    1    0
  AC 31  612    1    1    1    1    0    0    1    0
  AD 31  613    1    1    1    1    0    0    1    0
  AE 31  614    1    1    1    1    0    0    1    0
  AF 31  615    1    1    1    1    0    0    1    0
  AG 31  616    1    1    1    1    0    0    1    0
  AH 31  617    1    1    1    1    0    0    1    0
  AI 31  618    1    1    1    1    0    0    1    0
  AJ 31  619    1    1    1    1    0    0    1    0
  AK 31  620    1    1    1    1    0    0    1    0
  A1 32  621    1    1    1    1    0    0    1    0
  A2 32  622    1    1    1    1    0    0    1    0
  A3 32  623    1    1    1    1    0    0    1    0
  A4 32  624    1    1    1    1    0    0    1    0
  A5 32  625    1    1    1    1    0    0    1    0
  A6 32  626    1    1    1    1    0    0    1    0
  A7 32  627    1    1    1    1    0    0    1    0
  A8 32  628    1    1    1    1    0    0    1    0
  A9 32  629    1    1    1    1    0    0    1    0
  AA 32  630    1    1    1    1    0    0    1    0
  AB 32  631    1    1    1    1    0    0    1    0
  AC 32  632    1    1    1    1    0    0    1    0
  AD 32  633    1    1    1    1    0    0    1    0
  AE 32  634    1    1    1    1    0    0    1    0
  AF 32  635    1    1    1    1    0    0    1    0
  AG 32  636    1    1    1    1    0    0    1    0
  AH 32  637    1    1    1    1    0    0    1    0
  AI 32  638    1    1    1    1    0    0    1    0
  AJ 32  639    1    1    1    1    0    0    1    0
  AK 32  640    1    1    1    1    0    0    1    0
  A1 33  641    1    1    1    1    0    0    1    0
  A2 33  642    1    1    1    1    0    0    1    0
  A3 33  643    1    1    1    1    0    0    1    0
  A4 33  644    1    1    1    1    0    0    1    0
  A5 33  645    1    1    1    1    0    0    1    0
  A6 33  646    1    1    1    1    0    0    1    0
  A7 33  647    1    1    1    1    0    0    1    0
  A8 33  648    1    1    1    1    0    0    1    0
  A9 33  649    1    1    1    1    0    0    1    0
  AA 33  650    1    1    1    1    0    0    1    0
  AB 33  651    1    1    1    1    0    0    1    0
  AC 33  652    1    1    1    1    0    0    1    0
  AD 33  653    1    1    1    1    0    0    1    0
  AE 33  654    1    1    1    1    0    0    1    0
  AF 33  655    1    1    1    1    0    0    1    0
  AG 33  656    1    1    1    1    0    0    1    0
  AH 33  657    1    1    1    1    0    0    1    0
  AI 33  658    1    1    1    1    0    0    1    0
  AJ 33  659    1    1    1    1    0    0    1    0
  AK 33  660    1    1    1    1    0    0    1    0
  A1 34  661    1    1    1    1    0    0    1    0
  A2 34  662    1    1    1    1    0    0    1    0
  A3 34  663    1    1    1    1    0    0    1    0
  A4 34  664    1    1    1    1    0    0    1    0
  A5 34  665    1    1    1    1    0    0    1    0
  A6 34  666    1    1    1    1    0    0    1    0
  A7 34  667    1    1    1    1    0    0    1    0
  A8 34  668    1    1    1    1    0    0    1    0
  A9 34  669    1    1    1    1    0    0    1    0
  AA 34  670    1    1    1    1    0    0    1    0
  AB 34  671    1    1    1    1    0    0    1    0
  AC 34  672    1    1    1    1    0    0    1    0
  AD 34  673    1    1    1    1    0    0    1    0
  AE 34  674    1    1    1    1    0    0    1    0
  AF 34  675    1    1    1    1    0    0    1    0
  AG 34  676    1    1    1    1    0    0    1    0
  AH 34  677    1    1    1    1    0    0    1    0
  AI 34  678    1    1    1    1    0    0    1    0
  AJ 34  679    1    1    1    1    0    0    1    0
  AK 34  680    1    1    1    1    0    0    1    0
  A1 35  681    1    1    1    1    0    0    1    0
  A2 35  682    1    1    1    1    0    0    1    0
  A3 35  683    1    1    1    1    0    0    1    0
  A4 35  684    1    1    1    1    0    0    1    0
  A5 35  685    1    1    1    1    0    0    1    0
  A6 35  686    1    1    1    1    0    0    1    0
  A7 35  687    1    1    1    1    0    0    1    0
  A8 35  688    1    1    1    1    0    0    1    0
  A9 35  689    1    1    1    1    0    0    1    0
  AA 35  690    1    1    1    1    0    0    1    0
  AB 35  691    1    1    1    1    0    0    1    0
  AC 35  692    1    1    1    1    0    0    1    0
  AD 35  693    1    1    1    1    0    0    1    0
  AE 35  694    1    1    1    1    0    0    1    0
  AF 35  695    1    1    1    1    0    0    1    0
  AG 35  696    1    1    1    1    0    0    1    0
  AH 35  697    1    1    1    1    0    0    1    0
  AI 35  698    1    1    1    1    0    0    1    0
  AJ 35  699    1    1    1    1    0    0    1    0
  AK 35  700    1    1    1    1    0    0    1    0
  A1 36  701    1    1    1    1    0    0    1    0
  A2 36  702    1    1    1    1    0    0    1    0
  A3 36  703    1    1    1    1    0    0    1    0
  A4 36  704    1    1    1    1    0    0    1    0
  A5 36  705    1    1    1    1    0    0    1    0
  A6 36  706    1    1    1    1    0    0    1    0
  A7 36  707    1    1    1    1    0    0    1    0
  A8 36  708    1    1    1    1    0    0    1    0
  A9 36  709    1    1    1    1    0    0    1    0
  AA 36  710    1    1    1    1    0    0    1    0
  AB 36  711    1    1    1    1    0    0    1    0
  AC 36  712    1    1    1    1    0    0    1    0
  AD 36  713    1    1    1    1    0    0    1    0
  AE 36  714    1    1    1    1    0    0    1    0
  AF 36  715    1    1    1    1    0    0    1    0
  AG 36  716    1    1    1    1    0    0    1    0
  AH 36  717    1    1    1    1    0    0    1    0
  AI 36  718    1    1    1    1    0    0    1    0
  AJ 36  719    1    1    1    1    0    0    1    0
  AK 36  720    1    1    1    1    0    0    1    0
  A1 37  721    1    1    1    1    0    0    1    0
  A2 37  722    1    1    1    1    0    0    1    0
  A3 37  723    1    1    1    1    0    0    1    0
  A4 37  724    1    1    1    1    0    0    1    0
  A5 37  725    1    1    1    1    0    0    1    0
  A6 37  726    1    1    1    1    0    0    1    0
  A7 37  727    1    1    1    1    0    0    1    0
  A8 37  728    1    1    1    1    0    0    1    0
  A9 37  729    1    1    1    1    0    0    1    0
  AA 37  730    1    1    1    1    0    0    1    0
  AB 37  731    1    1    1    1    0    0    1    0
  AC 37  732    1    1    1    1    0    0    1    0
  AD 37  733    1    1    1    1    0    0    1    0
  AE 37  734    1    1    1    1    0    0    1    0
  AF 37  735    1    1    1    1    0    0    1    0
  AG 37  736    1    1    1    1    0    0    1    0
  AH 37  737    1    1    1    1    0    0    1    0
  AI 37  738    1    1    1    1    0    0    1    0
  AJ 37  739    1    1    1    1    0    0    1    0
  AK 37  740    1    1    1    1    0    0    1    0
  A1 38  741    1    1    1    1    0    0    1    0
  A2 38  742    1    1    1    1    0    0    1    0
  A3 38  743    1    1    1    1    0    0    1    0
  A4 38  744    1    1    1    1    0    0    1    0
  A5 38  745    1    1    1    1    0    0    1    0
  A6 38  746    1    1    1    1    0    0    1    0
  A7 38  747    1    1    1    1    0    0    1    0
  A8 38  748    1    1    1    1    0    0    1    0
  A9 38  749    1    1    1    1    0    0    1    0
  AA 38  750    1    1    1    1    0    0    1    0
  AB 38  751    1    1    1    1    0    0    1    0
  AC 38  752    1    1    1    1    0    0    1    0
  AD 38  753    1    1    1    1    0    0    1    0
  AE 38  754    1    1    1    1    0    0    1    0
  AF 38  755    1    1    1    1    0    0    1    0
  AG 38  756    1    1    1    1    0    0    1    0
  AH 38  757    1    1    1    1    0    0    1    0
  AI 38  758    1    1    1    1    0    0    1    0
  AJ 38  759    1    1    1    1    0    0    1    0
  AK 38  760    1    1    1    1    0    0    1    0
  A1 39  761    1    1    1    1    0    0    1    0
  A2 39  762    1    1    1    1    0    0    1    0
  A3 39  763    1    1    1    1    0    0    1    0
  A4 39  764    1    1    1    1    0    0    1    0
  A5 39  765    1    1    1    1    0    0    1    0
  A6 39  766    1    1    1    1    0    0    1    0
  A7 39  767    1    1    1    1    0    0    1    0
  A8 39  768    1    1    1    1    0    0    1    0
  A9 39  769    1    1    1    1    0    0    1    0
  AA 39  770    1    1    1    1    0    0    1    0
  AB 39  771    1    1    1    1    0    0    1    0
  AC 39  772    1    1    1    1    0    0    1    0
  AD 39  773    1    1    1    1    0    0    1    0
  AE 39  774    1    1    1    1    0    0    1    0
  AF 39  775    1    1    1    1    0    0    1    0
  AG 39  776    1    1    1    1    0    0    1    0
  AH 39  777    1    1    1    1    0    0    1    0
  AI 39  778    1    1    1    1    0    0    1    0
  AJ 39  779    1    1    1    1    0    0    1    0
  AK 39  780    1    1    1    1    0    0    1    0
  A1 40  781    1    1    1    1    0    0    1    0
  A2 40  782    1    1    1    1    0    0    1    0
  A3 40  783    1    1    1    1    0    0    1    0
  A4 40  784    1    1    1    1    0    0    1    0
  A5 40  785    1    1    1    1    0    0    1    0
  A6 40  786    1    1    1    1    0    0    1    0
  A7 40  787    1    1    1    1    0    0    1    0
  A8 40  788    1    1    1    1    0    0    1    0
  A9 40  789    1    1    1    1    0    0    1    0
  AA 40  790    1    1    1    1    0    0    1    0
  AB 40  791    1    1    1    1    0    0    1    0
  AC 40  792    1    1    1    1    0    0    1    0
  AD 40  793    1    1    1    1    0    0    1    0
  AE 40  794    1    1    1    1    0    0    1    0
  AF 40  795    1    1    1    1    0    0    1    0
  AG 40  796    1    1    1    1    0    0    1    0
  AH 40  797    1    1    1    1    0    0    1    0
  AI 40  798    1    1    1    1    0    0    1    0
  AJ 40  799    1    1    1    1    0    0    1    0
  AK 40  800    1    1    1    1    0    0    1    0
  A1 41  801    1    1    1    1    0    0    1    0
  A2 41  802    1    1    1    1    0    0    1    0
  A3 41  803    1    1    1    1    0    0    1    0
  A4 41  804    1    1    1    1    0    0    1    0
  A5 41  805    1    1    1    1    0    0    1    0
  A6 41  806    1    1    1    1    0    0    1    0
  A7 41  807    1    1    1    1    0    0    1    0
  A8 41  808    1    1    1    1    0    0    1    0
  A9 41  809    1    1    1    1    0    0    1    0
  AA 41  810    1    1    1    1    0    0    1    0
  AB 41  811    1    1    1    1    0    0    1    0
  AC 41  812    1    1    1    1    0    0    1    0
  AD 41  813    1    1    1    1    0    0    1    0
  AE 41  814    1    1    1    1    0    0    1    0
  AF 41  815    1    1    1    1    0    0    1    0
  AG 41  816    1    1    1    1    0    0    1    0
  AH 41  817    1    1    1    1    0    0    1    0
  AI 41  818    1    1    1    1    0    0    1    0
  AJ 41  819    1    1    1    1    0    0    1    0
  AK 41  820    1    1    1    1    0    0    1    0
  A1 42  821    1    1    1    1    0    0    1    0
  A2 42  822    1    1    1    1    0    0    1    0
  A3 42  823    1    1    1    1    0    0    1    0
  A4 42  824    1    1    1    1    0    0    1    0
  A5 42  825    1    1    1    1    0    0    1    0
  A6 42  826    1    1    1    1    0    0    1    0
  A7 42  827    1    1    1    1    0    0    1    0
  A8 42  828    1    1    1    1    0    0    1    0
  A9 42  829    1    1    1    1    0    0    1    0
  AA 42  830    1    1    1    1    0    0    1    0
  AB 42  831    1    1    1    1    0    0    1    0
  AC 42  832    1    1    1    1    0    0    1    0
  AD 42  833    1    1    1    1    0    0    1    0
  AE 42  834    1    1    1    1    0    0    1    0
  AF 42  835    1    1    1    1    0    0    1    0
  AG 42  836    1    1    1    1    0    0    1    0
  AH 42  837    1    1    1    1    0    0    1    0
  AI 42  838    1    1    1    1    0    0    1    0
  AJ 42  839    1    1    1    1    0    0    1    0
  AK 42  840    1    1    1    1    0    0    1    0
  A1 43  841    1    1    1    1    0    0    1    0
  A2 43  842    1    1    1    1    0    0    1    0
  A3 43  843    1    1    1    1    0    0    1    0
  A4 43  844    1    1    1    1    0    0    1    0
  A5 43  845    1    1    1    1    0    0    1    0
  A6 43  846    1    1    1    1    0    0    1    0
  A7 43  847    1    1    1    1    0    0    1    0
  A8 43  848    1    1    1    1    0    0    1    0
  A9 43  849    1    1    1    1    0    0    1    0
  AA 43  850    1    1    1    1    0    0    1    0
  AB 43  851    1    1    1    1    0    0    1    0
  AC 43  852    1    1    1    1    0    0    1    0
  AD 43  853    1    1    1    1    0    0    1    0
  AE 43  854    1    1    1    1    0    0    1    0
  AF 43  855    1    1    1    1    0    0    1    0
  AG 43  856    1    1    1    1    0    0    1    0
  AH 43  857    1    1    1    1    0    0    1    0
  AI 43  858    1    1    1    1    0    0    1    0
  AJ 43  859    1    1    1    1    0    0    1    0
  AK 43  860    1    1    1    1    0    0    1    0
  A1 44  861    1    1    1    1    0    0    1    0
  A2 44  862    1    1    1    1    0    0    1    0
  A3 44  863    1    1    1    1    0    0    1    0
  A4 44  864    1    1    1    1    0    0    1    0
  A5 44  865    1    1    1    1    0    0    1    0
  A6 44  866    1    1    1    1    0    0    1    0
  A7 44  867    1    1    1    1    0    0    1    0
  A8 44  868    1    1    1    1    0    0    1    0
  A9 44  869    1    1    1    1    0    0    1    0
  AA 44  870    1    1    1    1    0    0    1    0
  AB 44  871    1    1    1    1    0    0    1    0
  AC 44  872    1    1    1    1    0    0    1    0
  AD 44  873    1    1    1    1    0    0    1    0
  AE 44  874    1    1    1    1    0    0    1    0
  AF 44  875    1    1    1    1    0    0    1    0
  AG 44  876    1    1    1    1    0    0    1    0
  AH 44  877    1    1    1    1    0    0    1    0
  AI 44  878    1    1    1    1    0    0    1    0
  AJ 44  879    1    1    1    1    0    0    1    0
  AK 44  880    1    1    1    1    0    0    1    0
  A1 45  881    1    1    1    1    0    0    1    0
  A2 45  882    1    1    1    1    0    0    1    0
  A3 45  883    1    1    1    1    0    0    1    0
  A4 45  884    1    1    1    1    0    0    1    0
  A5 45  885    1    1    1    1    0    0    1    0
  A6 45  886    1    1    1    1    0    0    1    0
  A7 45  887    1    1    1    1    0    0    1    0
  A8 45  888    1    1    1    1    0    0    1    0
  A9 45  889    1    1    1    1    0    0    1    0
  AA 45  890    1    1    1    1    0    0    1    0
  AB 45  891    1    1    1    1    0    0    1    0
  AC 45  892    1    1    1    1    0    0    1    0
  AD 45  893    1    1    1    1    0    0    1    0
  AE 45  894    1    1    1    1    0    0    1    0
  AF 45  895    1    1    1    1    0    0    1    0
  AG 45  896    1    1    1    1    0    0    1    0
  AH 45  897    1    1    1    1    0    0    1    0
  AI 45  898    1    1    1    1    0    0    1    0
  AJ 45  899    1    1    1    1    0    0    1    0
  AK 45  900    1    1    1    1    0    0    1    0
  A1 46  901    1    1    1    1    0    0    1    0
  A2 46  902    1    1    1    1    0    0    1    0
  A3 46  903    1    1    1    1    0    0    1    0
  A4 46  904    1    1    1    1    0    0    1    0
  A5 46  905    1    1    1    1    0    0    1    0
  A6 46  906    1    1    1    1    0    0    1    0
  A7 46  907    1    1    1    1    0    0    1    0
  A8 46  908    1    1    1    1    0    0    1    0
  A9 46  909    1    1    1    1    0    0    1    0
  AA 46  910    1    1    1    1    0    0    1    0
  AB 46  911    1    1    1    1    0    0    1    0
  AC 46  912    1    1    1    1    0    0    1    0
  AD 46  913    1    1    1    1    0    0    1    0
  AE 46  914    1    1    1    1    0    0    1    0
  AF 46  915    1    1    1    1    0    0    1    0
  AG 46  916    1    1    1    1    0    0    1    0
  AH 46  917    1    1    1    1    0    0    1    0
  AI 46  918    1    1    1    1    0    0    1    0
  AJ 46  919    1    1    1    1    0    0    1    0
  AK 46  920    1    1    1    1    0    0    1    0
  A1 47  921    1    1    1    1    0    0    1    0
  A2 47  922    1    1    1    1    0    0    1    0
  A3 47  923    1    1    1    1    0    0    1    0
  A4 47  924    1    1    1    1    0    0    1    0
  A5 47  925    1    1    1    1    0    0    1    0
  A6 47  926    1    1    1    1    0    0    1    0
  A7 47  927    1    1    1    1    0    0    1    0
  A8 47  928    1    1    1    1    0    0    1    0
  A9 47  929    1    1    1    1    0    0    1    0
  AA 47  930    1    1    1    1    0    0    1    0
  AB 47  931    1    1    1    1    0    0    1    0
  AC 47  932    1    1    1    1    0    0    1    0
  AD 47  933    1    1    1    1    0    0    1    0
  AE 47  934    1    1    1    1    0    0    1    0
  AF 47  935    1    1    1    1    0    0    1    0
  AG 47  936    1    1    1    1    0    0    1    0
  AH 47  937    1    1    1    1    0    0    1    0
  AI 47  938    1    1    1    1    0    0    1    0
  AJ 47  939    1    1    1    1    0    0    1    0
  AK 47  940    1    1    1    1    0    0    1    0
  A1 48  941    1    1    1    1    0    0    1    0
  A2 48  942    1    1    1    1    0    0    1    0
  A3 48  943    1    1    1    1    0    0    1    0
  A4 48  944    1    1    1    1    0    0    1    0
  A5 48  945    1    1    1    1    0    0    1    0
  A6 48  946    1    1    1    1    0    0    1    0
  A7 48  947    1    1    1    1    0    0    1    0
  A8 48  948    1    1    1    1    0    0    1    0
  A9 48  949    1    1    1    1    0    0    1    0
  AA 48  950    1    1    1    1    0    0    1    0
  AB 48  951    1    1    1    1    0    0    1    0
  AC 48  952    1    1    1    1    0    0    1    0
  AD 48  953    1    1    1    1    0    0    1    0
  AE 48  954    1    1    1    1    0    0    1    0
  AF 48  955    1    1    1    1    0    0    1    0
  AG 48  956    1    1    1    1    0    0    1    0
  AH 48  957    1    1    1    1    0    0    1    0
  AI 48  958    1    1    1    1    0    0    1    0
  AJ 48  959    1    1    1    1    0    0    1    0
  AK 48  960    1    1    1    1    0    0    1    0
  A1 49  961    1    1    1    1    0    0    1    0
  A2 49  962    1    1    1    1    0    0    1    0
  A3 49  963    1    1    1    1    0    0    1    0
  A4 49  964    1    1    1    1    0    0    1    0
  A5 49  965    1    1    1    1    0    0    1    0
  A6 49  966    1    1    1    1    0    0    1    0
  A7 49  967    1    1    1    1    0    0    1    0
  A8 49  968    1    1    1    1    0    0    1    0
  A9 49  969    1    1    1    1    0    0    1    0
  AA 49  970    1    1    1    1    0    0    1    0
  AB 49  971    1    1    1    1    0    0    1    0
  AC 49  972    1    1    1    1    0    0    1    0
  AD 49  973    1    1    1    1    0    0    1    0
  AE 49  974    1    1    1    1    0    0    1    0
  AF 49  975    1    1    1    1    0    0    1    0
  AG 49  976    1    1    1    1    0    0    1    0
  AH 49  977    1    1    1    1    0    0    1    0
  AI 49  978    1    1    1    1    0    0    1    0
  AJ 49  979    1    1    1    1    0    0    1    0
  AK 49  980    1    1    1    1    0    0    1    0
  A1 50  981    1    1    1    1    0    0    1    0
  A2 50  982    1    1    1    1    0    0    1    0
  A3 50  983    1    1    1    1    0    0    1    0
  A4 50  984    1    1    1    1    0    0    1    0
  A5 50  985    1    1    1    1    0    0    1    0
  A6 50  986    1    1    1    1    0    0    1    0
  A7 50  987    1    1    1    1    0    0    1    0
  A8 50  988    1    1    1    1    0    0    1    0
  A9 50  989    1    1    1    1    0    0    1    0
  AA 50  990    1    1    1    1    0    0    1    0
  AB 50  991    1    1    1    1    0    0    1    0
  AC 50  992    1    1    1    1    0    0    1    0
  AD 50  993    1    1    1    1    0    0    1    0
  AE 50  994    1    1    1    1    0    0    1    0
  AF 50  995    1    1    1    1    0    0    1    0
  AG 50  996    1    1    1    1    0    0    1    0
  AH 50  997    1    1    1    1    0    0    1    0
  AI 50  998    1    1    1    1    0    0    1    0
  AJ 50  999    1    1    1    1    0    0    1    0
  AK 50 1000    1    1    1    1    0    0    1    0
  A1 51 1001    1    1    1    1    0    0    1    0
  A2 51 1002    1    1    1    1    0    0    1    0
  A3 51 1003    1    1    1    1    0    0    1    0
  A4 51 1004    1    1    1    1    0    0    1    0
  A5 51 1005    1    1    1    1    0    0    1    0
  A6 51 1006    1    1    1    1    0    0    1    0
  A7 51 1007    1    1    1    1    0    0    1    0
  A8 51 1008    1    1    1    1    0    0    1    0
  A9 51 1009    1    1    1    1    0    0    1    0
  AA 51 1010    1    1    1    1    0    0    1    0
  AB 51 1011    1    1    1    1    0    0    1    0
  AC 51 1012    1    1    1    1    0    0    1    0
  AD 51 1013    1    1    1    1    0    0    1    0
  AE 51 1014    1    1    1    1    0    0    1    0
  AF 51 1015    1    1    1    1    0    0    1    0
  AG 51 1016    1    1    1    1    0    0    1    0
  AH 51 1017    1    1    1    1    0    0    1    0
  AI 51 1018    1    1    1    1    0    0    1    0
  AJ 51 1019    1    1    1    1    0    0    1    0
  AK 51 1020    1    1    1    1    0    0    1    0
  A1 52 1021    1    1    1    1    0    0    1    0
  A2 52 1022    1    1    1    1    0    0    1    0
  A3 52 1023    1    1    1    1    0    0    1    0
  A4 52 1024    1    1    1    1    0    0    1    0
  A5 52 1025    1    1    1    1    0    0    1    0
  A6 52 1026    1    1    1    1    0    0    1    0
  A7 52 1027    1    1    1    1    0    0    1    0
  A8 52 1028    1    1    1    1    0    0    1    0
  A9 52 1029    1    1    1    1    0    0    1    0
  AA 52 1030    1    1    1    1    0    0    1    0
  AB 52 1031    1    1    1    1    0    0    1    0
  AC 52 1032    1    1    1    1    0    0    1    0
  AD 52 1033    1    1    1    1    0    0    1    0
  AE 52 1034    1    1    1    1    0    0    1    0
  AF 52 1035    1    1    1    1    0    0    1    0
  AG 52 1036    1    1    1    1    0    0    1    0
  AH 52 1037    1    1    1    1    0    0    1    0
  AI 52 1038    1    1    1    1    0    0    1    0
  AJ 52 1039    1    1    1    1    0    0    1    0
  AK 52 1040    1    1    1    1    0    0    1    0
  A1 53 1041    1    1    1    1    0    0    1    0
  A2 53 1042    1    1    1    1    0    0    1    0
  A3 53 1043    1    1    1    1    0    0    1    0
  A4 53 1044    1    1    1    1    0    0    1    0
  A5 53 1045    1    1    1    1    0    0    1    0
  A6 53 1046    1    1    1    1    0    0    1    0
  A7 53 1047    1    1    1    1    0    0    1    0
  A8 53 1048    1    1    1    1    0    0    1    0
  A9 53 1049    1    1    1    1    0    0    1    0
  AA 53 1050    1    1    1    1    0    0    1    0
  AB 53 1051    1    1    1    1    0    0    1    0
  AC 53 1052    1    1    1    1    0    0    1    0
  AD 53 1053    1    1    1    1    0    0    1    0
  AE 53 1054    1    1    1    1    0    0    1    0
  AF 53 1055    1    1    1    1    0    0    1    0
  AG 53 1056    1    1    1    1    0    0    1    0
  AH 53 1057    1    1    1    1    0    0    1    0
  AI 53 1058    1    1    1    1    0    0    1    0
  AJ 53 1059    1    1    1    1    0    0    1    0
  AK 53 1060    1    1    1    1    0    0    1    0
  A1 54 1061    1    1    1    1    0    0    1    0
  A2 54 1062    1    1    1    1    0    0    1    0
  A3 54 1063    1    1    1    1    0    0    1    0
  A4 54 1064    1    1    1    1    0    0    1    0
  A5 54 1065    1    1    1    1    0    0    1    0
  A6 54 1066    1    1    1    1    0    0    1    0
  A7 54 1067    1    1    1    1    0    0    1    0
  A8 54 1068    1    1    1    1    0    0    1    0
  A9 54 1069    1    1    1    1    0    0    1    0
  AA 54 1070    1    1    1    1    0    0    1    0
  AB 54 1071    1    1    1    1    0    0    1    0
  AC 54 1072    1    1    1    1    0    0    1    0
  AD 54 1073    1    1    1    1    0    0    1    0
  AE 54 1074    1    1    1    1    0    0    1    0
  AF 54 1075    1    1    1    1    0    0    1    0
  AG 54 1076    1    1    1    1    0    0    1    0
  AH 54 1077    1    1    1    1    0    0    1    0
  AI 54 1078    1    1    1    1    0    0    1    0
  AJ 54 1079    1    1    1    1    0    0    1    0
  AK 54 1080    1    1    1    1    0    0    1    0
  A1 55 1081    1    1    1    1    0    0    1    0
  A2 55 1082    1    1    1    1    0    0    1    0
  A3 55 1083    1    1    1    1    0    0    1    0
  A4 55 1084    1    1    1    1    0    0    1    0
  A5 55 1085    1    1    1    1    0    0    1    0
  A6 55 1086    1    1    1    1    0    0    1    0
  A7 55 1087    1    1    1    1    0    0    1    0
  A8 55 1088    1    1    1    1    0    0    1    0
  A9 55 1089    1    1    1    1    0    0    1    0
  AA 55 1090    1    1    1    1    0    0    1    0
  AB 55 1091    1    1    1    1    0    0    1    0
  AC 55 1092    1    1    1    1    0    0    1    0
  AD 55 1093    1    1    1    1    0    0    1    0
  AE 55 1094    1    1    1    1    0    0    1    0
  AF 55 1095    1    1    1    1    0    0    1    0
  AG 55 1096    1    1    1    1    0    0    1    0
  AH 55 1097    1    1    1    1    0    0    1    0
  AI 55 1098    1    1    1    1    0    0    1    0
  AJ 55 1099    1    1    1    1    0    0    1    0
  AK 55 1100    1    1    1    1    0    0    1    0
  A1 56 1101    1    1    1    1    0    0    1    0
  A2 56 1102    1    1    1    1    0    0    1    0
  A3 56 1103    1    1    1    1    0    0    1    0
  A4 56 1104    1    1    1    1    0    0    1    0
  A5 56 1105    1    1    1    1    0    0    1    0
  A6 56 1106    1    1    1    1    0    0    1    0
  A7 56 1107    1    1    1    1    0    0    1    0
  A8 56 1108    1    1    1    1    0    0    1    0
  A9 56 1109    1    1    1    1    0    0    1    0
  AA 56 1110    1    1    1    1    0    0    1    0
  AB 56 1111    1    1    1    1    0    0    1    0
  AC 56 1112    1    1    1    1    0    0    1    0
  AD 56 1113    1    1    1    1    0    0    1    0
  AE 56 1114    1    1    1    1    0    0    1    0
  AF 56 1115    1    1    1    1    0    0    1    0
  AG 56 1116    1    1    1    1    0    0    1    0
  AH 56 1117    1    1    1    1    0    0    1    0
  AI 56 1118    1    1    1    1    0    0    1    0
  AJ 56 1119    1    1    1    1    0    0    1    0
  AK 56 1120    1    1    1    1    0    0    1    0
 
 end
 
  ---> finished reading solute.inp 
