

          ---- Modelling Progress and Iteration Messages ----


 Description of column-headers and variables:
   ITERFL  = Iterations to solve flow
   ITERSQ  = Sequential transport-chemistry iterations
   MAXITCH = Maximum iterations to solve chemistry
   AVGITCH = Average iterations to solve chemistry
   DELTA-T = Current time step (days)
   Dt limit = Criterion limiting timestep
   Maxitch ID = Grid block: maximum chemical iterations

     STEP   Time(yr)   ITERFL ITERSQ MAXITCH AVGITCH Delta-t(day)  Dt limit       Maxitch ID
 ----------------------------------------------------------------------------------------------------------
        0  0.000000E+00     0     0     33   33.000  0.00000E+00  Flo_Delta_t            
        1  0.316888E-07     3     1     38   38.000  0.11574E-04  Flo_Delta_t       A1  1
        2  0.792220E-07     3     1     12    9.011  0.17361E-04  Chm_Delta_t       AH  1
        3  0.174288E-06     3     1     14    9.018  0.34722E-04  Flo_Delta_t       AH  1
        4  0.364421E-06     3     1     15    9.021  0.69444E-04  Flo_Delta_t       AH  1
        5  0.744687E-06     7     1     38    9.173  0.13889E-03  Flo_Delta_t       AH  1
        6  0.112495E-05     4     1     21    9.104  0.13889E-03  Flo_Delta_t       AH  1
        7  0.188548E-05     6     1     22    9.120  0.27778E-03  Flo_Delta_t       AH  1
        8  0.264601E-05     4     1     21    9.104  0.27778E-03  Flo_Delta_t       AH  1
        9  0.416708E-05     7     1     27    9.202  0.55556E-03  Flo_Delta_t       AH  2
       10  0.568814E-05     4     1     22    9.174  0.55556E-03  Flo_Delta_t       AI  1
       11  0.873026E-05     6     1     22    9.186  0.11111E-02  Flo_Delta_t       AH  1
       12  0.117724E-04     5     1     21    9.154  0.11111E-02  Flo_Delta_t       AH  1
       13  0.148145E-04     7     1     32    9.279  0.11111E-02  Flo_Delta_t       AG  1
       14  0.178566E-04     4     1     21    9.232  0.11111E-02  Flo_Delta_t       AH  1
       15  0.239409E-04     5     1     22    9.246  0.22222E-02  Flo_Delta_t       AI  2
       16  0.300251E-04     5     1     21    9.233  0.22222E-02  Flo_Delta_t       AG  1
       17  0.361094E-04     7     1     27    9.336  0.22222E-02  Flo_Delta_t       AG  2
       18  0.421936E-04     4     1     21    9.298  0.22222E-02  Flo_Delta_t       AG  1
       19  0.543621E-04     5     1     22    9.327  0.44444E-02  Flo_Delta_t       AI  4
       20  0.665306E-04     6     1     26    9.324  0.44444E-02  Flo_Delta_t       AG  3
       30  0.273395E-03     7     1     30    9.517  0.88889E-02  Flo_Delta_t       AF  1
       40  0.784472E-03     7     1     29    9.779  0.35556E-01  Flo_Delta_t       AE  1
       50  0.175795E-02     7     1    125    9.903  0.35556E-01  Flo_Delta_t       AH  1
       60  0.360756E-02     6     1     27   10.185  0.71111E-01  Flo_Delta_t       AC  1
       70  0.691739E-02     8     1     27   10.508  0.14222E+00  Flo_Delta_t       AB  5
       80  0.108113E-01     4     1    186   10.654  0.14222E+00  Flo_Delta_t       AH  2
       90  0.150946E-01     6     1     28   10.865  0.14222E+00  Flo_Delta_t       A8  2
      100  0.195726E-01     6     1     28   10.964  0.14222E+00  Flo_Delta_t       A7  4
      110  0.265817E-01     6     1    200   11.208  0.14222E+00  Chm_Delta_t       AG  1
      120  0.302809E-01     3     1    200   11.310  0.71111E-01  Chm_Delta_t       AG  1
      130  0.371731E-01     6     1     27   11.526  0.34133E+00  Flo_Delta_t       A4  2
      140  0.502567E-01     7     1    200   12.227  0.68267E+00  Flo_Delta_t       AG  2
      150  0.689475E-01     7     1    200   12.020  0.68267E+00  Flo_Delta_t       AG  2
      160  0.876383E-01     7     1    102   12.264  0.68267E+00  Flo_Delta_t       AG  3
      170  0.992266E-01     6     1    200   12.088  0.81920E+00  Flo_Delta_t       AG  3
      180  0.111787E+00     5     1    200   12.262  0.49152E+00  Flo_Delta_t       AK  5
      190  0.130627E+00     4     1    188   12.273  0.49152E+00  Flo_Delta_t       AH  5
      200  0.154850E+00     4     1    200   12.481  0.49152E+00  Flo_Delta_t       AF  1
      210  0.160974E+00     6     1    200   12.288  0.29491E+00  Flo_Delta_t       AG  4
      220  0.189234E+00     5     1    200   12.593  0.11796E+01  Flo_Delta_t       AF  2
      230  0.200458E+00     3     1    200   12.491  0.17695E+00  Flo_Delta_t       AF  2
      240  0.238246E+00     7     1    200   12.819  0.28312E+01  Flo_Delta_t       AH  6
      250  0.315760E+00     4     1    200   12.804  0.28312E+01  Flo_Delta_t       AF  3
      260  0.380786E+00     6     1    200   13.316  0.25000E+01  Flo_Delta_t       AJ  7
      270  0.445811E+00     5     1    200   12.872  0.25000E+01  Flo_Delta_t       AF  4
      280  0.539071E+00     4     1    200   12.973  0.93750E+00  Chm_Delta_t       AE  1
      290  0.548851E+00     5     1    200   13.071  0.13500E+01  Flo_Delta_t       AE  1
      300  0.571779E+00     2     1    200   13.502  0.63281E-01  Chm_Delta_t       AE  2
      310  0.601477E+00     7     1    200   13.596  0.50000E+01  Max_Delta_t       AJ  8
      320  0.738373E+00     7     1    200   13.346  0.50000E+01  Max_Delta_t       AE  3
      330  0.858157E+00     6     1    200   14.162  0.50000E+01  Max_Delta_t       AH  8
      340  0.995052E+00     4     1    191   13.484  0.50000E+01  Max_Delta_t       AE  4
      350  0.113195E+01     5     1    200   13.578  0.50000E+01  Max_Delta_t       AK  9
      360  0.125515E+01     4     1    200   13.527  0.25000E+01  Flo_Delta_t       AF  7
      370  0.129828E+01     3     1    200   13.585  0.75000E+00  Chm_Delta_t       AD  1
      380  0.130505E+01     3     1    200   13.278  0.90000E+00  Flo_Delta_t       AH  9
      390  0.141183E+01     5     1    200   13.800  0.50000E+01  Max_Delta_t       AE  6
      400  0.149482E+01     3     1    200   13.897  0.18750E+00  Chm_Delta_t       AD  3
      410  0.153819E+01     6     1    192   13.714  0.50000E+01  Max_Delta_t       AD  3
      420  0.164599E+01     3     1    200   13.451  0.62500E+00  Chm_Delta_t       AD  4
      430  0.168843E+01     4     1    200   13.685  0.50000E+01  Max_Delta_t       AD  4
      440  0.180137E+01     4     1    200   13.670  0.50000E+01  Max_Delta_t       AK 10
      450  0.187803E+01     3     1    200   13.472  0.75000E+00  Flo_Delta_t       AI 10
      460  0.197249E+01     4     1    200   13.683  0.12500E+01  Flo_Delta_t       AE  7
      470  0.208269E+01     6     1     28   13.757  0.50000E+01  Max_Delta_t       AC 26
      480  0.219563E+01     5     1    200   13.715  0.12500E+01  Chm_Delta_t       AH 10
      490  0.231541E+01     4     1     31   13.761  0.50000E+01  Max_Delta_t       A1 31
      500  0.238814E+01     2     1    200   14.129  0.31250E+00  Chm_Delta_t       AD  6
      510  0.245539E+01     3     1    200   13.630  0.12500E+01  Chm_Delta_t       AC  1
      520  0.247433E+01     2     1    200   14.465  0.28125E-01  Chm_Delta_t       AC  1
      530  0.252811E+01     6     1    200   13.700  0.25000E+01  Chm_Delta_t       AC  2
      540  0.256234E+01     3     1    200   13.688  0.15000E+01  Flo_Delta_t       AC  2
      550  0.268691E+01     3     1    200   13.896  0.25000E+01  Chm_Delta_t       AC  3
      560  0.269732E+01     2     1    200   14.475  0.42188E-01  Flo_Delta_t       AC  3
      570  0.276663E+01     4     1     28   13.852  0.50000E+01  Max_Delta_t       AD 27
      580  0.285099E+01     4     1    200   14.320  0.18750E+00  Chm_Delta_t       AG 10
      590  0.288049E+01     4     1    183   13.912  0.50000E+01  Max_Delta_t       AG 10
      600  0.300370E+01     3     1    200   14.265  0.25000E+01  Chm_Delta_t       AC  4
      610  0.301226E+01     2     1    200   14.164  0.22500E+00  Flo_Delta_t       AD  7
      620  0.311287E+01     6     1     32   13.941  0.50000E+01  Max_Delta_t       A1 33
      630  0.316969E+01     3     1    200   13.805  0.15000E+01  Flo_Delta_t       AI 11
      640  0.330111E+01     5     1    200   14.120  0.50000E+01  Max_Delta_t       AC  5
      650  0.337623E+01     2     1    200   14.415  0.18750E+00  Chm_Delta_t       AC  5
      660  0.342342E+01     4     1    199   13.952  0.50000E+01  Max_Delta_t       AC  5
      670  0.356032E+01     8     1     28   14.016  0.50000E+01  Max_Delta_t       AB 29
      680  0.367531E+01     4     1    200   14.158  0.50000E+01  Max_Delta_t       AH 11
      690  0.380673E+01     4     1     28   14.014  0.50000E+01  Max_Delta_t       AD 28
      700  0.393815E+01     5     1    200   14.247  0.50000E+01  Max_Delta_t       AD  8
      710  0.405314E+01     3     1    200   14.076  0.50000E+01  Max_Delta_t       AD  8
      720  0.419004E+01     3     1     28   14.073  0.50000E+01  Max_Delta_t       AC 29
      730  0.432693E+01     5     1    200   14.305  0.50000E+01  Max_Delta_t       AB  1
      740  0.438528E+01     2     1    200   14.621  0.18750E+00  Chm_Delta_t       AB  1
      750  0.440530E+01     3     1    200   14.283  0.36000E+01  Flo_Delta_t       AB  1
      760  0.443093E+01     2     1    200   14.372  0.27000E+00  Flo_Delta_t       AB  2
      770  0.449332E+01     2     1    200   14.502  0.31250E+00  Chm_Delta_t       AG 11
      780  0.450391E+01     3     1    200   14.034  0.18000E+01  Flo_Delta_t       AG 11
      790  0.461131E+01     5     1    200   14.392  0.18750E+01  Chm_Delta_t       AB  3
      800  0.462363E+01     2     1    200   14.621  0.70312E-01  Flo_Delta_t       AB  3
      810  0.470127E+01     4     1     28   14.155  0.50000E+01  Max_Delta_t       A9 31
      820  0.483817E+01     3     1     45   14.153  0.50000E+01  Max_Delta_t       AK 27
      830  0.490525E+01     3     1    200   14.055  0.15000E+01  Flo_Delta_t       AB  4
      838  0.499669E+01     3     1     28   14.168  0.39748E+00  Max_Delta_t       AB 30
      840  0.500322E+01     3     1     26   14.033  0.15899E+01  Flo_Delta_t       A5 34
      850  0.505128E+01     2     1    200   14.532  0.31250E+00  Chm_Delta_t       AJ 12
      860  0.505941E+01     3     1    200   14.003  0.90000E+00  Flo_Delta_t       AK 12
      870  0.517604E+01     5     1     31   14.219  0.50000E+01  Max_Delta_t       A1 36
      880  0.527872E+01     3     1    200   14.227  0.75000E+00  Chm_Delta_t       AD  9
      890  0.529514E+01     3     1    200   14.113  0.18000E+01  Flo_Delta_t       AD  9
      900  0.532570E+01     3     1    200   14.126  0.21600E+01  Flo_Delta_t       AB  5
      910  0.546073E+01     3     1     28   14.196  0.50000E+01  Max_Delta_t       AA 31
      920  0.559763E+01     4     1     28   14.219  0.50000E+01  Max_Delta_t       A9 32
      930  0.573452E+01     4     1     28   14.233  0.50000E+01  Max_Delta_t       A9 32
      940  0.579134E+01     3     1    200   14.128  0.15000E+01  Flo_Delta_t       AC  8
      950  0.592276E+01     3     1     28   14.231  0.50000E+01  Max_Delta_t       A9 32
      960  0.596964E+01     2     1    200   14.292  0.37500E+00  Flo_Delta_t       AH 12
      970  0.607984E+01     5     1     31   14.303  0.50000E+01  Max_Delta_t       A1 37
      980  0.621674E+01     3     1     60   14.275  0.50000E+01  Max_Delta_t       AH 28
      990  0.635363E+01     3     1     28   14.296  0.50000E+01  Max_Delta_t       A7 34
     1000  0.649053E+01     3     1     28   14.322  0.50000E+01  Max_Delta_t       AB 31
     1010  0.662743E+01     3     1     28   14.351  0.50000E+01  Max_Delta_t       AA 32
     1020  0.676432E+01     3     1     28   14.344  0.50000E+01  Max_Delta_t       AA 32
     1030  0.690122E+01     5     1    200   14.522  0.50000E+01  Max_Delta_t       AB  7
     1040  0.694558E+01     2     1    200   14.799  0.70313E-01  Chm_Delta_t       AB  7
     1050  0.696836E+01     3     1    118   14.304  0.24300E+01  Flo_Delta_t       AD 31
     1060  0.709802E+01     3     1    200   14.545  0.50000E+01  Max_Delta_t       AG 12
     1070  0.711684E+01     2     1    200   15.067  0.28125E-01  Chm_Delta_t       AG 12
     1080  0.717199E+01     3     1    174   14.359  0.50000E+01  Max_Delta_t       AD 10
     1090  0.724899E+01     5     1    200   14.408  0.62500E+00  Chm_Delta_t       AA  2
     1100  0.730854E+01     4     1    200   14.451  0.50000E+01  Max_Delta_t       AA  2
     1110  0.740352E+01     2     1    200   14.506  0.31250E+00  Chm_Delta_t       AA  3
     1120  0.741481E+01     3     1    200   14.308  0.15000E+01  Flo_Delta_t       AA  3
     1130  0.753363E+01     3     1    125   14.371  0.24000E+01  Chm_Delta_t       AI 28
     1140  0.764107E+01     3     1    180   14.401  0.50000E+01  Max_Delta_t       AE 11
     1150  0.774203E+01     2     1    200   14.439  0.62500E+00  Chm_Delta_t       AA  4
     1160  0.774742E+01     2     1    200   14.705  0.22500E+00  Flo_Delta_t       AA  4
     1170  0.784804E+01     3     1     28   14.422  0.50000E+01  Max_Delta_t       A8 34
     1180  0.798493E+01     3     1     28   14.427  0.50000E+01  Max_Delta_t       A7 35
     1190  0.812183E+01     3     1     48   14.433  0.50000E+01  Max_Delta_t       AG 29
     1200  0.824161E+01     3     1    200   14.295  0.12500E+01  Chm_Delta_t       AA  5
     1210  0.825924E+01     2     1    200   14.405  0.37500E+00  Flo_Delta_t       AA  5
     1220  0.833351E+01     3     1    200   14.478  0.62500E+00  Chm_Delta_t       AB  8
     1230  0.835130E+01     3     1    200   14.414  0.30000E+01  Flo_Delta_t       AB  8
     1240  0.848820E+01     3     1     28   14.456  0.50000E+01  Max_Delta_t       AC 31
     1250  0.862509E+01     3     1     28   14.444  0.50000E+01  Max_Delta_t       A5 37
     1260  0.873803E+01     3     1    200   14.471  0.12500E+01  Chm_Delta_t       AJ 13
     1270  0.875720E+01     3     1    200   14.365  0.15000E+01  Flo_Delta_t       AJ 13
     1280  0.885953E+01     2     1    200   14.548  0.62500E+00  Chm_Delta_t       AF 12
     1290  0.886348E+01     2     1    200   14.845  0.22500E+00  Chm_Delta_t       AF 12
     1300  0.886973E+01     2     1    132   14.856  0.24300E+00  Chm_Delta_t       A8 36
     1310  0.892709E+01     5     1     51   14.525  0.50000E+01  Max_Delta_t       A8 36
     1320  0.901778E+01     2     1    200   14.533  0.62500E+00  Chm_Delta_t       AA  6
     1330  0.903737E+01     2     1    200   15.042  0.46875E-01  Chm_Delta_t       AI 13
     1340  0.910830E+01     3     1     28   14.506  0.50000E+01  Max_Delta_t       AC 31
     1350  0.924520E+01     3     1     28   14.492  0.50000E+01  Max_Delta_t       A9 34
     1360  0.937662E+01     4     1    116   14.518  0.50000E+01  Max_Delta_t       AJ 28
     1370  0.951351E+01     3     1     28   14.522  0.50000E+01  Max_Delta_t       A8 35
     1380  0.965041E+01     3     1     28   14.533  0.50000E+01  Max_Delta_t       A7 36
     1390  0.973408E+01     3     1    146   14.427  0.14400E+01  Chm_Delta_t       AK 28
     1400  0.985252E+01     3     1    188   14.532  0.50000E+01  Max_Delta_t       AC 10
     1410  0.995348E+01     2     1    200   14.480  0.62500E+00  Chm_Delta_t       AH 13
     1418  0.999338E+01     3     1    162   14.338  0.16967E+01  Max_Delta_t       AD 11
     1420  0.100164E+02     4     1     28   14.416  0.50000E+01  Max_Delta_t       A2 39
     1430  0.101190E+02     3     1     38   14.471  0.25000E+01  Flo_Delta_t       AA  4
     1440  0.101365E+02     3     1    200   14.846  0.18750E+00  Flo_Delta_t       AA  7
     1450  0.102340E+02     3     1     28   14.675  0.50000E+01  Max_Delta_t       A2 39
     1460  0.103709E+02     3     1     28   14.814  0.50000E+01  Max_Delta_t       AK 16
     1470  0.105010E+02     3     1    200   15.040  0.50000E+01  Max_Delta_t       AK 28
     1480  0.105348E+02     3     1    200   14.628  0.11250E+01  Chm_Delta_t       AK 28
     1490  0.105518E+02     2     1    200   15.178  0.25313E-01  Chm_Delta_t       AB  9
     1500  0.106105E+02     3     1     28   15.126  0.50000E+01  Max_Delta_t       AK 15
     1510  0.107474E+02     3     1     28   15.255  0.50000E+01  Max_Delta_t       AJ 15
     1520  0.108842E+02     3     1     28   15.334  0.50000E+01  Max_Delta_t       AJ 15
     1530  0.110211E+02     3     1     36   15.426  0.50000E+01  Max_Delta_t       AA  1
     1540  0.111409E+02     2     1    200   15.173  0.12500E+01  Chm_Delta_t       AJ 28
     1550  0.112005E+02     3     1    200   15.503  0.50000E+01  Max_Delta_t       AJ 28
     1560  0.113374E+02     3     1     28   15.573  0.50000E+01  Max_Delta_t       AD 14
     1570  0.114743E+02     3     1     62   15.819  0.50000E+01  Max_Delta_t       A1 40
     1580  0.115969E+02     2     1    191   15.416  0.18000E+01  Chm_Delta_t       A9 36
     1590  0.116130E+02     2     1    102   14.946  0.51840E+00  Chm_Delta_t       A9 36
     1600  0.116350E+02     2     1    191   15.278  0.11664E+01  Chm_Delta_t       A6 38
     1610  0.116429E+02     2     1    148   14.888  0.30233E+00  Chm_Delta_t       A6 38
     1620  0.116539E+02     2     1     61   14.981  0.68024E+00  Chm_Delta_t       A6 38
     1630  0.117360E+02     3     1     53   15.683  0.50000E+01  Max_Delta_t       A6 38
     1640  0.118729E+02     3     1     28   15.655  0.50000E+01  Max_Delta_t       AD 14
     1650  0.120098E+02     3     1     28   15.669  0.50000E+01  Max_Delta_t       AD 14
     1660  0.121467E+02     3     1     28   15.682  0.50000E+01  Max_Delta_t       AD 14
     1670  0.122836E+02     3     1     28   15.812  0.50000E+01  Max_Delta_t       AD 14
     1680  0.124205E+02     3     1     28   15.734  0.50000E+01  Max_Delta_t       AB 13
     1690  0.125574E+02     5     1     28   15.702  0.50000E+01  Max_Delta_t       AD 14
     1700  0.126943E+02     3     1     28   15.704  0.50000E+01  Max_Delta_t       AD 14
     1710  0.128311E+02     6     1     32   15.710  0.50000E+01  Max_Delta_t       AB  7
     1720  0.129680E+02     3     1     28   15.687  0.50000E+01  Max_Delta_t       AD 14
     1730  0.131049E+02     3     1     28   15.665  0.50000E+01  Max_Delta_t       AD 14
     1740  0.132418E+02     3     1     28   15.674  0.50000E+01  Max_Delta_t       AE 14
     1750  0.133787E+02     3     1     28   15.670  0.50000E+01  Max_Delta_t       AE 14
     1760  0.135156E+02     3     1     28   16.042  0.50000E+01  Max_Delta_t       AE 14
     1770  0.136525E+02     3     1     31   15.791  0.50000E+01  Max_Delta_t       AJ 12
     1780  0.137894E+02     3     1     68   15.736  0.50000E+01  Max_Delta_t       AK 13
     1790  0.139195E+02     3     1    200   15.869  0.50000E+01  Max_Delta_t       AE 31
     1800  0.139406E+02     2     1    200   15.220  0.78125E-01  Chm_Delta_t       AE 31
     1810  0.139953E+02     3     1     28   15.743  0.50000E+01  Max_Delta_t       AK 12
     1820  0.141322E+02     3     1     38   15.751  0.50000E+01  Max_Delta_t       AK 11
     1830  0.141801E+02     2     1    200   15.124  0.31250E+00  Chm_Delta_t       AD 32
     1840  0.141955E+02     3     1    200   15.445  0.25000E+01  Flo_Delta_t       AD 32
     1850  0.143324E+02     3     1     30   15.756  0.50000E+01  Max_Delta_t       AI 12
     1860  0.144073E+02     2     1    200   15.081  0.15625E+00  Chm_Delta_t       AI 28
     1870  0.144105E+02     2     1    200   15.031  0.18750E+00  Flo_Delta_t       AF 30
     1880  0.144866E+02     3     1     51   15.754  0.50000E+01  Max_Delta_t       AJ 13
     1890  0.146235E+02     3     1     29   15.783  0.50000E+01  Max_Delta_t       AK 11
     1900  0.146989E+02     2     1    198   15.076  0.51840E+00  Chm_Delta_t       A8 37
     1910  0.147146E+02     3     1     62   15.034  0.77760E+00  Chm_Delta_t       A8 37
     1920  0.147454E+02     3     1     56   15.384  0.17496E+01  Chm_Delta_t       A8 37
     1930  0.148640E+02     4     1     70   15.794  0.50000E+01  Max_Delta_t       AK 10
     1940  0.149230E+02     2     1    200   15.186  0.62500E+00  Flo_Delta_t       AC 33
     1950  0.149272E+02     2     1    200   15.071  0.15625E+00  Flo_Delta_t       AC 33
     1960  0.150222E+02     3     1     29   15.780  0.50000E+01  Max_Delta_t       AK 11
     1970  0.151591E+02     3     1     29   15.771  0.50000E+01  Max_Delta_t       AK 11
     1980  0.152905E+02     3     1     86   15.771  0.50000E+01  Max_Delta_t       AI 13
     1990  0.154274E+02     4     1     38   15.781  0.50000E+01  Max_Delta_t       AI 11
     2000  0.155643E+02     3     1     30   15.785  0.50000E+01  Max_Delta_t       AK 10
     2010  0.157012E+02     3     1     30   15.791  0.50000E+01  Max_Delta_t       AK 10
     2020  0.158203E+02     3     1    103   15.783  0.50000E+01  Max_Delta_t       AH 13
     2030  0.159572E+02     5     1     37   15.777  0.50000E+01  Max_Delta_t       AI 10
     2040  0.160941E+02     3     1     38   15.794  0.50000E+01  Max_Delta_t       AH 11
     2050  0.162310E+02     3     1     30   15.804  0.50000E+01  Max_Delta_t       AK  9
     2060  0.163679E+02     4     1     39   15.807  0.50000E+01  Max_Delta_t       AB 34
     2070  0.164115E+02     3     1    200   15.228  0.62500E+00  Flo_Delta_t       AB 34
     2080  0.164293E+02     3     1    200   15.555  0.30000E+01  Flo_Delta_t       AB 34
     2090  0.165648E+02     3     1     40   15.836  0.50000E+01  Max_Delta_t       AH 10
     2100  0.166487E+02     3     1    200   15.394  0.12500E+01  Flo_Delta_t       AG 29
     2110  0.166553E+02     2     1    200   15.236  0.28125E-01  Chm_Delta_t       AG 29
     2120  0.167159E+02     4     1     38   15.914  0.50000E+01  Max_Delta_t       AI  8
     2130  0.168528E+02     4     1    200   16.270  0.50000E+01  Max_Delta_t       AB  9
     2140  0.168728E+02     4     1    200   15.246  0.54000E+00  Chm_Delta_t       AB  9
     2150  0.168846E+02     3     1     69   15.238  0.43200E+00  Chm_Delta_t       AB  9
     2160  0.168989E+02     3     1     84   15.249  0.51840E+00  Chm_Delta_t       AB  9
     2170  0.169158E+02     3     1     75   15.247  0.62208E+00  Chm_Delta_t       AB  9
     2180  0.169414E+02     3     1     71   15.318  0.93312E+00  Chm_Delta_t       AB  9
     2190  0.169759E+02     3     1     65   15.438  0.13997E+01  Chm_Delta_t       AB  9
     2200  0.170324E+02     3     1     61   15.784  0.31493E+01  Chm_Delta_t       AB  9
     2210  0.171518E+02     4     1     73   16.025  0.50000E+01  Max_Delta_t       AH  8
     2220  0.172887E+02     4     1     48   15.984  0.50000E+01  Max_Delta_t       AJ  4
     2230  0.174256E+02     4     1     54   16.086  0.50000E+01  Max_Delta_t       AI  5
     2240  0.175625E+02     6     1     73   16.081  0.50000E+01  Max_Delta_t       AI  3
     2250  0.176994E+02     4     1     44   16.052  0.50000E+01  Max_Delta_t       AH  5
     2260  0.178363E+02     4     1     49   16.083  0.50000E+01  Max_Delta_t       AH  1
     2270  0.179732E+02     4     1     42   16.091  0.50000E+01  Max_Delta_t       AG  6
     2280  0.180625E+02     3     1    168   15.384  0.86400E+00  Chm_Delta_t       A5 39
     2290  0.180926E+02     3     1     64   15.703  0.19440E+01  Chm_Delta_t       A5 39
     2300  0.182120E+02     4     1     49   16.110  0.50000E+01  Max_Delta_t       A5 39
     2310  0.183489E+02     4     1     42   16.124  0.50000E+01  Max_Delta_t       AF  7
     2320  0.184732E+02     3     1    122   15.830  0.24000E+01  Chm_Delta_t       AF 12
     2330  0.185849E+02     4     1     59   16.090  0.50000E+01  Max_Delta_t       AF 12
     2340  0.187218E+02     3     1     43   16.111  0.50000E+01  Max_Delta_t       AE  9
     2350  0.188587E+02     3     1     43   16.129  0.50000E+01  Max_Delta_t       AE  8
     2360  0.189956E+02     4     1     43   16.192  0.50000E+01  Max_Delta_t       AE  6
     2370  0.191325E+02     4     1     52   16.210  0.50000E+01  Max_Delta_t       AE  1
     2380  0.192145E+02     2     1    200   15.337  0.25000E+00  Chm_Delta_t       AA  7
     2390  0.192257E+02     2     1    182   15.496  0.62208E+00  Flo_Delta_t       AA  7
     2400  0.192361E+02     2     1    136   15.470  0.35832E+00  Chm_Delta_t       AA  7
     2410  0.192480E+02     2     1     99   15.445  0.42998E+00  Chm_Delta_t       AA  7
     2420  0.192610E+02     2     1     84   15.454  0.51598E+00  Chm_Delta_t       AA  7
     2430  0.192759E+02     2     1     76   15.385  0.77397E+00  Chm_Delta_t       AA  7
     2440  0.192937E+02     3     1     71   15.462  0.92876E+00  Chm_Delta_t       AA  7
     2450  0.193191E+02     3     1     69   15.476  0.92876E+00  Chm_Delta_t       AA  7
     2460  0.193521E+02     3     1     66   15.635  0.13931E+01  Chm_Delta_t       AA  7
     2470  0.193998E+02     3     1     66   16.212  0.20897E+01  Chm_Delta_t       A1 41
     2480  0.194856E+02     3     1     57   16.169  0.47018E+01  Chm_Delta_t       AA  7
     2490  0.195982E+02     5     1    117   16.214  0.50000E+01  Max_Delta_t       AD 11
     2500  0.197351E+02     4     1     49   16.224  0.50000E+01  Max_Delta_t       AD  4
     2510  0.198720E+02     3     1     53   16.256  0.50000E+01  Max_Delta_t       AD  1
     2519  0.199868E+02     3     1     34   15.917  0.19268E+01  Max_Delta_t       AE  1
     2520  0.199947E+02     3     1     33   15.931  0.28902E+01  Chm_Delta_t       AE  1
     2530  0.201297E+02     3     1     34   16.177  0.50000E+01  Max_Delta_t       AE  1
     2540  0.202666E+02     3     1     38   16.174  0.50000E+01  Max_Delta_t       AB  4
     2550  0.204035E+02     5     1     47   16.782  0.50000E+01  Max_Delta_t       AC  7
     2560  0.204999E+02     3     1    153   15.836  0.18000E+01  Chm_Delta_t       AB  6
     2570  0.205266E+02     2     1    200   15.600  0.25312E+00  Flo_Delta_t       AA 35
     2580  0.205452E+02     3     1    196   15.962  0.24604E+01  Chm_Delta_t       AA 35
     2590  0.206785E+02     4     1     52   16.299  0.50000E+01  Max_Delta_t       AC  1
     2600  0.208072E+02     3     1     98   16.295  0.50000E+01  Max_Delta_t       AC 10
     2610  0.209441E+02     3     1     34   16.262  0.50000E+01  Max_Delta_t       AD  1
     2620  0.210810E+02     3     1     34   16.213  0.50000E+01  Max_Delta_t       AD  1
     2630  0.212179E+02     3     1     37   16.229  0.50000E+01  Max_Delta_t       AB  3
     2640  0.213548E+02     3     1     34   16.233  0.50000E+01  Max_Delta_t       AD  1
     2650  0.214917E+02     3     1     34   16.234  0.50000E+01  Max_Delta_t       AD  1
     2660  0.216286E+02     4     1     49   16.259  0.50000E+01  Max_Delta_t       AB  2
     2670  0.217655E+02     3     1     34   16.239  0.50000E+01  Max_Delta_t       AC  1
     2680  0.219024E+02     3     1     34   16.218  0.50000E+01  Max_Delta_t       AC  1
     2690  0.220393E+02     3     1     34   16.180  0.50000E+01  Max_Delta_t       AC  1
     2700  0.221762E+02     3     1     34   16.188  0.50000E+01  Max_Delta_t       AC  1
     2710  0.223131E+02     2     1     34   16.193  0.50000E+01  Max_Delta_t       AC  1
     2720  0.224500E+02     2     1     34   16.183  0.50000E+01  Max_Delta_t       AC  1
     2730  0.225869E+02     2     1     34   16.180  0.50000E+01  Max_Delta_t       AC  1
     2740  0.227238E+02     2     1     34   16.164  0.50000E+01  Max_Delta_t       AC  1
     2750  0.228607E+02     2     1     34   16.154  0.50000E+01  Max_Delta_t       AC  1
     2760  0.229976E+02     2     1     34   16.151  0.50000E+01  Max_Delta_t       AB  2
     2770  0.230300E+02     2     1    200   15.512  0.11719E+00  Chm_Delta_t       AH 28
     2780  0.230418E+02     2     1    200   15.666  0.16875E+01  Chm_Delta_t       AH 28
     2790  0.231686E+02     3     1     34   16.108  0.50000E+01  Max_Delta_t       AB  1
     2800  0.233055E+02     2     1     34   16.109  0.50000E+01  Max_Delta_t       AB  1
     2810  0.234424E+02     2     1     34   16.091  0.50000E+01  Max_Delta_t       AB  1
     2820  0.235793E+02     2     1     34   16.116  0.50000E+01  Max_Delta_t       AB  1
     2830  0.237162E+02     2     1     34   16.099  0.50000E+01  Max_Delta_t       AB  1
     2840  0.238531E+02     5     1     34   17.326  0.50000E+01  Max_Delta_t       AB  1
     2850  0.239900E+02     3     1     34   16.529  0.50000E+01  Max_Delta_t       AB  1
     2860  0.241269E+02     3     1     34   16.383  0.50000E+01  Max_Delta_t       AB  1
     2870  0.242638E+02     3     1     34   16.262  0.50000E+01  Max_Delta_t       AB  1
     2880  0.244007E+02     3     1    200   16.360  0.50000E+01  Max_Delta_t       AA  6
     2890  0.244279E+02     2     1    160   15.400  0.72000E+00  Chm_Delta_t       AA  6
     2900  0.244594E+02     3     1     64   16.916  0.16200E+01  Chm_Delta_t       AA  6
     2910  0.245656E+02     3     1     53   16.486  0.50000E+01  Max_Delta_t       AA  6
     2920  0.247025E+02     3     1     30   16.458  0.50000E+01  Max_Delta_t       AA  1
     2930  0.248394E+02     3     1     30   16.365  0.50000E+01  Max_Delta_t       AA  1
     2940  0.249763E+02     3     1     30   16.283  0.50000E+01  Max_Delta_t       AA  1
     2950  0.251132E+02     4     1     30   16.288  0.50000E+01  Max_Delta_t       AA  1
     2960  0.252501E+02     2     1     30   16.240  0.50000E+01  Max_Delta_t       AA  1
     2970  0.253869E+02     2     1     30   16.241  0.50000E+01  Max_Delta_t       AA  1
     2980  0.255238E+02     2     1     30   16.225  0.50000E+01  Max_Delta_t       AA  1
     2990  0.256607E+02     2     1     30   16.217  0.50000E+01  Max_Delta_t       AA  1
     3000  0.257976E+02     3     1     30   16.190  0.50000E+01  Max_Delta_t       AA  3
     3010  0.259345E+02     2     1     29   16.218  0.50000E+01  Max_Delta_t       AA  4
     3020  0.260714E+02     2     1     28   16.225  0.50000E+01  Max_Delta_t       A9  1
     3030  0.262083E+02     2     1     28   16.250  0.50000E+01  Max_Delta_t       A9  1
     3040  0.263452E+02     2     1     28   16.253  0.50000E+01  Max_Delta_t       A9  1
     3050  0.264027E+02     2     1    200   15.559  0.36000E+00  Chm_Delta_t       AA  5
     3060  0.264145E+02     2     1    112   15.448  0.58320E+00  Chm_Delta_t       AA  5
     3070  0.264273E+02     2     1     68   15.543  0.46656E+00  Chm_Delta_t       AA  5
     3080  0.264428E+02     2     1     79   15.417  0.55987E+00  Chm_Delta_t       AA  5
     3090  0.264658E+02     2     1     73   15.521  0.83981E+00  Chm_Delta_t       AA  5
     3100  0.264957E+02     2     1     66   15.671  0.12597E+01  Chm_Delta_t       AA  5
     3110  0.265405E+02     2     1     61   15.871  0.18896E+01  Chm_Delta_t       AA  5
     3120  0.266390E+02     3     1     57   16.289  0.50000E+01  Max_Delta_t       AA  5
     3130  0.267759E+02     2     1     42   16.273  0.50000E+01  Max_Delta_t       AA  5
     3140  0.269128E+02     2     1     28   16.249  0.50000E+01  Max_Delta_t       A9  1
     3150  0.270497E+02     2     1     28   16.260  0.50000E+01  Max_Delta_t       A9  1
     3160  0.271866E+02     2     1     28   16.259  0.50000E+01  Max_Delta_t       A9  1
     3170  0.273235E+02     2     1     28   16.269  0.50000E+01  Max_Delta_t       A9  1
     3180  0.274604E+02     2     1     28   16.276  0.50000E+01  Max_Delta_t       A9  1
     3190  0.275973E+02     2     1     28   16.279  0.50000E+01  Max_Delta_t       A9  1
     3200  0.277342E+02     2     1     28   16.262  0.50000E+01  Max_Delta_t       A8  1
     3210  0.278711E+02     2     1    200   16.420  0.50000E+01  Max_Delta_t       AK 27
     3220  0.279154E+02     2     1    200   15.692  0.78125E-01  Chm_Delta_t       AK 27
     3230  0.279727E+02     2     1     29   16.255  0.50000E+01  Max_Delta_t       AD  6
     3240  0.281096E+02     2     1     28   16.260  0.50000E+01  Max_Delta_t       A8  1
     3250  0.282465E+02     2     1     28   16.267  0.50000E+01  Max_Delta_t       A8  1
     3260  0.283834E+02     2     1     28   16.259  0.50000E+01  Max_Delta_t       A8  1
     3270  0.285203E+02     2     1     28   16.283  0.50000E+01  Max_Delta_t       A8  1
     3280  0.286572E+02     2     1     28   16.300  0.50000E+01  Max_Delta_t       A8  1
     3290  0.287941E+02     2     1     28   16.260  0.50000E+01  Max_Delta_t       A8  1
     3300  0.289310E+02     2     1     28   16.271  0.50000E+01  Max_Delta_t       A8  1
     3310  0.290679E+02     2     1     28   16.287  0.50000E+01  Max_Delta_t       A8  1
     3320  0.292048E+02     2     1     28   16.304  0.50000E+01  Max_Delta_t       A8  1
     3330  0.293417E+02     2     1     28   16.304  0.50000E+01  Max_Delta_t       A8  1
     3340  0.294786E+02     2     1     28   16.295  0.50000E+01  Max_Delta_t       A8  1
     3350  0.296155E+02     2     1     28   16.295  0.50000E+01  Max_Delta_t       A8  1
     3360  0.297524E+02     2     1     28   16.305  0.50000E+01  Max_Delta_t       A8  1
     3370  0.298893E+02     2     1     30   16.333  0.50000E+01  Max_Delta_t       AD  1
     3377  0.299801E+02     2     1     30   16.462  0.31907E+01  Max_Delta_t       AD  1
     3380  0.300212E+02     2     1     30   16.315  0.50000E+01  Max_Delta_t       AD  1
     3390  0.301581E+02     2     1     30   16.306  0.50000E+01  Max_Delta_t       AD  1
     3400  0.302950E+02     2     1     30   16.330  0.50000E+01  Max_Delta_t       AD  1
     3410  0.304319E+02     2     1     30   16.329  0.50000E+01  Max_Delta_t       AD  1
     3420  0.305688E+02     2     1     30   16.304  0.50000E+01  Max_Delta_t       AD  1
     3430  0.307057E+02     2     1     30   16.284  0.50000E+01  Max_Delta_t       AD  1
     3440  0.308426E+02     2     1     28   16.282  0.50000E+01  Max_Delta_t       A7  1
     3450  0.309795E+02     2     1     28   16.296  0.50000E+01  Max_Delta_t       A7  1
     3460  0.311164E+02     2     1     28   16.342  0.50000E+01  Max_Delta_t       A7  1
     3470  0.312533E+02     2     1     28   16.322  0.50000E+01  Max_Delta_t       A7  1
     3480  0.313902E+02     2     1     28   16.346  0.50000E+01  Max_Delta_t       A7  1
     3490  0.315271E+02     2     1     28   16.337  0.50000E+01  Max_Delta_t       A7  1
     3500  0.316639E+02     2     1     28   16.328  0.50000E+01  Max_Delta_t       A7  1
     3510  0.317598E+02     2     1    200   16.078  0.12500E+01  Chm_Delta_t       AJ 27
     3520  0.317733E+02     4     1    200   15.978  0.15000E+01  Flo_Delta_t       AJ 27
     3530  0.318992E+02     3     1     30   16.321  0.50000E+01  Max_Delta_t       AF  1
     3540  0.320361E+02     3     1     28   16.409  0.50000E+01  Max_Delta_t       A7  1
     3550  0.321730E+02     3     1     28   16.386  0.50000E+01  Max_Delta_t       A7  1
     3560  0.323099E+02     2     1     28   16.403  0.50000E+01  Max_Delta_t       A7  1
     3570  0.324468E+02     2     1     28   16.397  0.50000E+01  Max_Delta_t       A7  1
     3580  0.325837E+02     2     1     28   16.373  0.50000E+01  Max_Delta_t       A7  1
     3590  0.327206E+02     2     1     28   16.389  0.50000E+01  Max_Delta_t       A7  1
     3600  0.328575E+02     2     1     28   16.350  0.50000E+01  Max_Delta_t       A7  1
     3610  0.329944E+02     3     1     28   16.379  0.50000E+01  Max_Delta_t       A7  1
     3620  0.331313E+02     3     1     28   16.379  0.50000E+01  Max_Delta_t       A7  1
     3630  0.332682E+02     2     1     28   16.371  0.50000E+01  Max_Delta_t       A7  1
     3640  0.334051E+02     2     1     28   16.375  0.50000E+01  Max_Delta_t       A7  1
     3650  0.335420E+02     2     1     28   16.379  0.50000E+01  Max_Delta_t       A6  1
     3660  0.336789E+02     4     1     28   16.404  0.50000E+01  Max_Delta_t       A6  1
     3670  0.338158E+02     2     1     28   16.378  0.50000E+01  Max_Delta_t       A6  1
     3680  0.339527E+02     2     1     28   16.409  0.50000E+01  Max_Delta_t       A6  1
     3690  0.340896E+02     2     1     28   16.395  0.50000E+01  Max_Delta_t       A6  1
     3700  0.342265E+02     2     1     28   16.395  0.50000E+01  Max_Delta_t       A6  1
     3710  0.343634E+02     2     1     28   16.393  0.50000E+01  Max_Delta_t       A6  1
     3720  0.345003E+02     2     1     28   16.426  0.50000E+01  Max_Delta_t       A6  1
     3730  0.346371E+02     2     1     28   16.406  0.50000E+01  Max_Delta_t       A6  1
     3740  0.347740E+02     2     1     28   16.488  0.50000E+01  Max_Delta_t       A6  1
     3750  0.349109E+02     2     1     28   16.471  0.50000E+01  Max_Delta_t       A6  1
     3760  0.350478E+02     2     1     28   16.477  0.50000E+01  Max_Delta_t       A6  1
     3770  0.351847E+02     2     1     28   16.486  0.50000E+01  Max_Delta_t       A6  1
     3780  0.353216E+02     2     1     28   16.485  0.50000E+01  Max_Delta_t       A6  1
     3790  0.354585E+02     2     1     28   16.469  0.50000E+01  Max_Delta_t       A6  1
     3800  0.355954E+02     2     1     28   16.484  0.50000E+01  Max_Delta_t       A6  1
     3810  0.357323E+02     2     1     28   16.441  0.50000E+01  Max_Delta_t       A6  1
     3820  0.358692E+02     2     1     28   16.457  0.50000E+01  Max_Delta_t       A6  1
     3830  0.360061E+02     2     1     28   16.447  0.50000E+01  Max_Delta_t       A6  1
     3840  0.361430E+02     2     1     28   16.430  0.50000E+01  Max_Delta_t       A6  1
     3850  0.362799E+02     2     1     28   16.420  0.50000E+01  Max_Delta_t       A6  1
     3860  0.364168E+02     3     1     67   16.387  0.50000E+01  Max_Delta_t       A1 42
     3870  0.365537E+02     3     1     28   16.409  0.50000E+01  Max_Delta_t       A6  1
     3880  0.366906E+02     3     1     28   16.520  0.50000E+01  Max_Delta_t       A6  1
     3890  0.368275E+02     3     1     28   16.438  0.50000E+01  Max_Delta_t       A6  1
     3900  0.369644E+02     3     1     28   16.559  0.50000E+01  Max_Delta_t       A6  1
     3910  0.371013E+02     3     1     28   16.487  0.50000E+01  Max_Delta_t       A6  1
     3920  0.372382E+02     2     1     28   16.488  0.50000E+01  Max_Delta_t       A6  1
     3930  0.373751E+02     2     1     28   16.438  0.50000E+01  Max_Delta_t       A6  1
     3940  0.375120E+02     2     1     28   16.501  0.50000E+01  Max_Delta_t       A6  1
     3950  0.376489E+02     2     1     28   16.409  0.50000E+01  Max_Delta_t       A6  1
     3960  0.377857E+02     2     1     28   16.445  0.50000E+01  Max_Delta_t       A6  1
     3970  0.379226E+02     2     1     28   16.455  0.50000E+01  Max_Delta_t       A6  1
     3980  0.380595E+02     2     1     28   16.447  0.50000E+01  Max_Delta_t       A6  1
     3990  0.381964E+02     2     1     28   16.450  0.50000E+01  Max_Delta_t       A6  1
     4000  0.383333E+02     2     1     28   16.481  0.50000E+01  Max_Delta_t       A6  1
     4010  0.384702E+02     2     1     28   16.439  0.50000E+01  Max_Delta_t       A6  1
     4020  0.386071E+02     2     1     28   16.488  0.50000E+01  Max_Delta_t       A6  1
     4030  0.387440E+02     2     1     28   16.509  0.50000E+01  Max_Delta_t       A6  1
     4040  0.388809E+02     2     1     28   16.477  0.50000E+01  Max_Delta_t       A5  1
     4050  0.390178E+02     2     1     28   16.470  0.50000E+01  Max_Delta_t       A5  1
     4060  0.391547E+02     2     1     28   16.509  0.50000E+01  Max_Delta_t       A5  1
     4070  0.392916E+02     2     1     28   16.483  0.50000E+01  Max_Delta_t       A5  1
     4080  0.394285E+02     2     1     28   16.489  0.50000E+01  Max_Delta_t       A5  1
     4090  0.395654E+02     2     1     28   16.544  0.50000E+01  Max_Delta_t       A5  1
     4100  0.397023E+02     2     1     28   16.509  0.50000E+01  Max_Delta_t       A5  1
     4110  0.398392E+02     2     1     28   16.533  0.50000E+01  Max_Delta_t       A5  1
     4120  0.399735E+02     2     1     28   16.610  0.40625E+01  Max_Delta_t       A5  1
     4130  0.401104E+02     2     1     28   16.545  0.50000E+01  Max_Delta_t       A5  1
     4140  0.402473E+02     2     1     28   16.576  0.50000E+01  Max_Delta_t       A5  1
     4150  0.403842E+02     2     1     28   16.604  0.50000E+01  Max_Delta_t       A5  1
     4160  0.405211E+02     2     1     28   16.562  0.50000E+01  Max_Delta_t       A5  1
     4170  0.406580E+02     2     1     28   16.571  0.50000E+01  Max_Delta_t       A5  1
     4180  0.407949E+02     2     1     28   16.636  0.50000E+01  Max_Delta_t       A5  1
     4190  0.409318E+02     2     1     28   16.561  0.50000E+01  Max_Delta_t       A5  1
     4200  0.410687E+02     2     1     28   16.567  0.50000E+01  Max_Delta_t       A5  1
     4210  0.412056E+02     2     1     28   16.604  0.50000E+01  Max_Delta_t       A5  1
     4220  0.413425E+02     2     1     28   16.548  0.50000E+01  Max_Delta_t       A5  1
     4230  0.414794E+02     2     1     28   16.546  0.50000E+01  Max_Delta_t       A5  1
     4240  0.416163E+02     2     1     28   16.542  0.50000E+01  Max_Delta_t       A5  1
     4250  0.417532E+02     2     1     28   16.517  0.50000E+01  Max_Delta_t       A5  1
     4260  0.418900E+02     2     1     28   16.519  0.50000E+01  Max_Delta_t       A5  1
     4270  0.420269E+02     2     1     28   16.477  0.50000E+01  Max_Delta_t       A5  1
     4280  0.421638E+02     2     1     28   16.500  0.50000E+01  Max_Delta_t       A5  1
     4290  0.423007E+02     2     1     28   16.477  0.50000E+01  Max_Delta_t       A5  1
     4300  0.424376E+02     2     1     28   16.459  0.50000E+01  Max_Delta_t       A5  1
     4310  0.425745E+02     2     1     28   16.454  0.50000E+01  Max_Delta_t       A5  1
     4320  0.427114E+02     2     1     28   16.446  0.50000E+01  Max_Delta_t       A5  1
     4330  0.428483E+02     2     1     28   16.456  0.50000E+01  Max_Delta_t       A5  1
     4340  0.429852E+02     2     1     28   16.456  0.50000E+01  Max_Delta_t       A5  1
     4350  0.431221E+02     2     1     28   16.447  0.50000E+01  Max_Delta_t       A5  1
     4360  0.432590E+02     2     1     28   16.439  0.50000E+01  Max_Delta_t       A5  1
     4370  0.433959E+02     2     1     28   16.446  0.50000E+01  Max_Delta_t       A5  1
     4380  0.435328E+02     2     1     28   16.438  0.50000E+01  Max_Delta_t       A5  1
     4390  0.436697E+02     2     1     28   16.458  0.50000E+01  Max_Delta_t       A5  1
     4400  0.438066E+02     2     1     28   16.468  0.50000E+01  Max_Delta_t       A5  1
     4410  0.439435E+02     2     1     28   16.467  0.50000E+01  Max_Delta_t       A5  1
     4420  0.440804E+02     2     1     28   16.466  0.50000E+01  Max_Delta_t       A5  1
     4430  0.442173E+02     2     1     28   16.466  0.50000E+01  Max_Delta_t       A5  1
     4440  0.443542E+02     2     1     28   16.461  0.50000E+01  Max_Delta_t       A5  1
     4450  0.444911E+02     2     1     28   16.485  0.50000E+01  Max_Delta_t       A5  1
     4460  0.446280E+02     2     1     28   16.452  0.50000E+01  Max_Delta_t       A5  1
     4470  0.447649E+02     2     1     28   16.443  0.50000E+01  Max_Delta_t       A5  1
     4480  0.449017E+02     2     1     28   16.427  0.50000E+01  Max_Delta_t       A5  1
     4490  0.450386E+02     3     1     28   16.465  0.50000E+01  Max_Delta_t       A5  1
     4500  0.451755E+02     3     1     28   16.423  0.50000E+01  Max_Delta_t       A5  1
     4510  0.452953E+02     2     1     28   16.446  0.50000E+01  Max_Delta_t       A5  1
     4520  0.454322E+02     3     1     28   16.438  0.50000E+01  Max_Delta_t       A5  1
     4530  0.455691E+02     4     1     28   16.421  0.50000E+01  Max_Delta_t       A5  1
     4540  0.457060E+02     2     1     28   16.419  0.50000E+01  Max_Delta_t       A5  1
     4550  0.458429E+02     2     1     28   16.442  0.50000E+01  Max_Delta_t       A5  1
     4560  0.459798E+02     3     1     29   16.617  0.50000E+01  Max_Delta_t       A2 42
     4570  0.460525E+02     3     1     28   18.400  0.50000E+01  Max_Delta_t       A5  1
     4580  0.461894E+02     3     1     28   17.134  0.50000E+01  Max_Delta_t       A5  1
     4590  0.463263E+02     3     1     28   17.158  0.50000E+01  Max_Delta_t       A5  1
     4600  0.464632E+02     3     1     28   16.796  0.50000E+01  Max_Delta_t       A5  1
     4610  0.466001E+02     2     1     28   16.939  0.50000E+01  Max_Delta_t       A5  1
     4620  0.467370E+02     4     1     28   16.709  0.50000E+01  Max_Delta_t       A5  1
     4630  0.468739E+02     2     1     28   16.646  0.50000E+01  Max_Delta_t       A5  1
     4640  0.470108E+02     2     1     28   16.708  0.50000E+01  Max_Delta_t       A5  1
     4650  0.471477E+02     2     1     28   16.733  0.50000E+01  Max_Delta_t       A5  1
     4660  0.472846E+02     2     1     28   16.604  0.50000E+01  Max_Delta_t       A5  1
     4670  0.474215E+02     2     1     28   16.663  0.50000E+01  Max_Delta_t       A5  1
     4680  0.475584E+02     2     1     28   16.684  0.50000E+01  Max_Delta_t       A5  1
     4690  0.476953E+02     2     1     28   16.596  0.50000E+01  Max_Delta_t       A4  1
     4700  0.478322E+02     2     1     28   16.683  0.50000E+01  Max_Delta_t       A4  1
     4710  0.479691E+02     2     1     28   16.690  0.50000E+01  Max_Delta_t       A4  1
     4720  0.481060E+02     2     1     28   16.634  0.50000E+01  Max_Delta_t       A4  1
     4730  0.482429E+02     2     1     28   16.667  0.50000E+01  Max_Delta_t       A4  1
     4740  0.483798E+02     2     1     28   16.724  0.50000E+01  Max_Delta_t       A4  1
     4750  0.485166E+02     2     1     28   16.651  0.50000E+01  Max_Delta_t       A4  1
     4760  0.486535E+02     2     1     28   16.657  0.50000E+01  Max_Delta_t       A4  1
     4770  0.487904E+02     2     1     28   16.712  0.50000E+01  Max_Delta_t       A4  1
     4780  0.489273E+02     2     1     28   16.655  0.50000E+01  Max_Delta_t       A4  1
     4790  0.490642E+02     2     1     28   16.629  0.50000E+01  Max_Delta_t       A4  1
     4800  0.492011E+02     2     1     28   16.644  0.50000E+01  Max_Delta_t       A4  1
     4810  0.493380E+02     2     1     28   16.617  0.50000E+01  Max_Delta_t       A4  1
     4820  0.494749E+02     2     1     28   16.592  0.50000E+01  Max_Delta_t       A4  1
     4830  0.496118E+02     2     1     28   16.624  0.50000E+01  Max_Delta_t       A4  1
     4840  0.497316E+02     2     1     28   17.462  0.50000E+01  Max_Delta_t       A4  1
     4850  0.498685E+02     2     1     28   16.631  0.50000E+01  Max_Delta_t       A4  1
     4858  0.499669E+02     2     1     28   16.257  0.93750E+00  Max_Delta_t       A4  1
     4860  0.499823E+02     2     1     28   17.135  0.37500E+01  Flo_Delta_t       A6  1
     4862  0.500002E+02     2     1     28   16.143  0.15278E+01  Max_Delta_t       A4  1

  ...done!   simulation finished

