

 Mass (mol) balance for the whole system at time 0.23706E+04 days:

                        Total Moles    
 ---------------------------------------------------------------------------------------------
  Component     Input    Output        Initial           Current             Residual
                                   Aqueous Solid+gas Aqueous  Solid+gas   Tot(mol) Max(mol/m3)
 ---------------------------------------------------------------------------------------------
  ca+2       0.000E+00 0.000E+00 0.158E+13 0.343E+16 0.158E+13 0.343E+16 0.000E+00 0.000E+00
  mg+2       0.000E+00 0.000E+00 0.220E+09 0.114E+15 0.214E+09 0.114E+15 0.000E+00 0.000E+00
  na+        0.000E+00 0.000E+00 0.322E+15 0.000E+00 0.322E+15 0.915E+07 0.000E+00 0.000E+00
  k+         0.000E+00 0.000E+00 0.194E+13 0.243E+15 0.194E+13 0.243E+15 0.000E+00 0.000E+00
  fe+2       0.000E+00 0.000E+00 0.122E+11 0.825E+15 0.124E+11 0.825E+15 0.000E+00 0.000E+00
  sio2(aq)   0.000E+00 0.000E+00 0.339E+12 0.233E+17 0.337E+12 0.233E+17 0.000E+00 0.000E+00
  hco3-      0.000E+00 0.000E+00 0.149E+14 0.419E+16 0.149E+14 0.419E+16 0.000E+00 0.000E+00
  so4-2      0.000E+00 0.000E+00 0.430E+06 0.000E+00 0.430E+06 0.000E+00 0.000E+00 0.000E+00
  alo2-      0.000E+00 0.000E+00 0.181E+07 0.105E+16 0.111E+07 0.105E+16 0.000E+00 0.000E+00
  cl-        0.000E+00 0.000E+00 0.325E+15 0.000E+00 0.325E+15 0.000E+00 0.000E+00 0.000E+00
  o2(aq)     0.000E+00 0.000E+00-0.281E+14 0.000E+00-0.281E+14 0.512E+04 0.000E+00 0.000E+00
 
             Total Moles and Mass Balances     
               Input+Initial  Output+Current Difference   RelDiff%   DSol/liq%  Tdry/Tvol(mol/m3)
 ---------------------------------------------------------------------------------------------
 ca+2          0.3428E+16      0.3428E+16   0.7936E+08   0.2315E-05  -0.1009E+01   0.0000E+00
 mg+2          0.1142E+15      0.1142E+15   0.1515E+04   0.1327E-08   0.2454E-01   0.0000E+00
 na+           0.3220E+15      0.3220E+15   0.1644E+10   0.5105E-03  -0.1006E+03   0.0000E+00
 k+            0.2447E+15      0.2447E+15   0.9917E+07   0.4052E-05   0.3523E+01   0.0000E+00
 fe+2          0.8254E+15      0.8254E+15   0.3366E+06   0.4078E-07  -0.1715E+00   0.0000E+00
 sio2(aq)      0.2333E+17      0.2333E+17   0.1730E+07   0.7416E-08   0.8784E-01   0.0000E+00
 hco3-         0.4203E+16      0.4203E+16   0.4104E+11   0.9764E-03  -0.1778E+03   0.0000E+00
 so4-2         0.4303E+06      0.4304E+06   0.2087E+01   0.4850E-03  -0.1000E+03   0.0000E+00
 alo2-         0.1051E+16      0.1051E+16  -0.8000E+01  -0.7610E-12  -0.1127E-02   0.0000E+00
 cl-           0.3254E+15      0.3254E+15   0.1661E+10   0.5105E-03  -0.1000E+03   0.0000E+00
 o2(aq)       -0.2810E+14     -0.2810E+14  -0.1386E+09   0.4931E-03  -0.1000E+03   0.0000E+00
 ---------------------------------------------------------------------------------------------


 Mass (mol) balance for the whole system at time 0.56847E+04 days:

                        Total Moles    
 ---------------------------------------------------------------------------------------------
  Component     Input    Output        Initial           Current             Residual
                                   Aqueous Solid+gas Aqueous  Solid+gas   Tot(mol) Max(mol/m3)
 ---------------------------------------------------------------------------------------------
  ca+2       0.000E+00 0.000E+00 0.158E+13 0.343E+16 0.158E+13 0.343E+16 0.000E+00 0.000E+00
  mg+2       0.000E+00 0.000E+00 0.220E+09 0.114E+15 0.208E+09 0.114E+15 0.000E+00 0.000E+00
  na+        0.000E+00 0.000E+00 0.322E+15 0.000E+00 0.322E+15 0.221E+08 0.000E+00 0.000E+00
  k+         0.000E+00 0.000E+00 0.194E+13 0.243E+15 0.194E+13 0.243E+15 0.000E+00 0.000E+00
  fe+2       0.000E+00 0.000E+00 0.122E+11 0.825E+15 0.124E+11 0.825E+15 0.000E+00 0.000E+00
  sio2(aq)   0.000E+00 0.000E+00 0.339E+12 0.233E+17 0.334E+12 0.233E+17 0.000E+00 0.000E+00
  hco3-      0.000E+00 0.000E+00 0.149E+14 0.419E+16 0.149E+14 0.419E+16 0.000E+00 0.000E+00
  so4-2      0.000E+00 0.000E+00 0.430E+06 0.000E+00 0.430E+06 0.000E+00 0.000E+00 0.000E+00
  alo2-      0.000E+00 0.000E+00 0.181E+07 0.105E+16 0.113E+07 0.105E+16 0.000E+00 0.000E+00
  cl-        0.000E+00 0.000E+00 0.325E+15 0.000E+00 0.325E+15 0.000E+00 0.000E+00 0.000E+00
  o2(aq)     0.000E+00 0.000E+00-0.281E+14 0.000E+00-0.281E+14 0.123E+05 0.000E+00 0.000E+00
 
             Total Moles and Mass Balances     
               Input+Initial  Output+Current Difference   RelDiff%   DSol/liq%  Tdry/Tvol(mol/m3)
 ---------------------------------------------------------------------------------------------
 ca+2          0.3428E+16      0.3428E+16   0.1253E+09   0.3657E-05  -0.1493E+01   0.0000E+00
 mg+2          0.1142E+15      0.1142E+15   0.2603E+04   0.2280E-08   0.2246E-01   0.0000E+00
 na+           0.3220E+15      0.3220E+15   0.6781E+10   0.2106E-02  -0.1003E+03   0.0000E+00
 k+            0.2447E+15      0.2447E+15   0.4092E+08   0.1672E-04   0.6227E+01   0.0000E+00
 fe+2          0.8254E+15      0.8254E+15   0.7574E+05   0.9176E-08  -0.3745E-01   0.0000E+00
 sio2(aq)      0.2333E+17      0.2333E+17   0.7047E+07   0.3020E-07   0.1503E+00   0.0000E+00
 hco3-         0.4203E+16      0.4203E+16   0.6364E+11   0.1514E-02  -0.1918E+03   0.0000E+00
 so4-2         0.4303E+06      0.4304E+06   0.8841E+01   0.2054E-02  -0.1000E+03   0.0000E+00
 alo2-         0.1051E+16      0.1051E+16  -0.5400E+02  -0.5137E-11  -0.7945E-02   0.0000E+00
 cl-           0.3254E+15      0.3254E+15   0.6854E+10   0.2106E-02  -0.1000E+03   0.0000E+00
 o2(aq)       -0.2810E+14     -0.2810E+14  -0.5820E+09   0.2071E-02  -0.1000E+03   0.0000E+00
 ---------------------------------------------------------------------------------------------


 Mass (mol) balance for the whole system at time 0.94224E+04 days:

                        Total Moles    
 ---------------------------------------------------------------------------------------------
  Component     Input    Output        Initial           Current             Residual
                                   Aqueous Solid+gas Aqueous  Solid+gas   Tot(mol) Max(mol/m3)
 ---------------------------------------------------------------------------------------------
  ca+2       0.000E+00 0.000E+00 0.158E+13 0.343E+16 0.158E+13 0.343E+16 0.000E+00 0.000E+00
  mg+2       0.000E+00 0.000E+00 0.220E+09 0.114E+15 0.204E+09 0.114E+15 0.000E+00 0.000E+00
  na+        0.000E+00 0.000E+00 0.322E+15 0.000E+00 0.322E+15 0.366E+08 0.000E+00 0.000E+00
  k+         0.000E+00 0.000E+00 0.194E+13 0.243E+15 0.194E+13 0.243E+15 0.000E+00 0.000E+00
  fe+2       0.000E+00 0.000E+00 0.122E+11 0.825E+15 0.125E+11 0.825E+15 0.000E+00 0.000E+00
  sio2(aq)   0.000E+00 0.000E+00 0.339E+12 0.233E+17 0.331E+12 0.233E+17 0.000E+00 0.000E+00
  hco3-      0.000E+00 0.000E+00 0.149E+14 0.419E+16 0.149E+14 0.419E+16 0.000E+00 0.000E+00
  so4-2      0.000E+00 0.000E+00 0.430E+06 0.000E+00 0.430E+06 0.000E+00 0.000E+00 0.000E+00
  alo2-      0.000E+00 0.000E+00 0.181E+07 0.105E+16 0.116E+07 0.105E+16 0.000E+00 0.000E+00
  cl-        0.000E+00 0.000E+00 0.325E+15 0.000E+00 0.325E+15 0.000E+00 0.000E+00 0.000E+00
  o2(aq)     0.000E+00 0.000E+00-0.281E+14 0.000E+00-0.281E+14 0.204E+05 0.000E+00 0.000E+00
 
             Total Moles and Mass Balances     
               Input+Initial  Output+Current Difference   RelDiff%   DSol/liq%  Tdry/Tvol(mol/m3)
 ---------------------------------------------------------------------------------------------
 ca+2          0.3428E+16      0.3428E+16   0.1231E+09   0.3590E-05  -0.1410E+01   0.0000E+00
 mg+2          0.1142E+15      0.1142E+15   0.2118E+04   0.1855E-08   0.1362E-01   0.0000E+00
 na+           0.3220E+15      0.3220E+15   0.7812E+10   0.2426E-02  -0.1005E+03   0.0000E+00
 k+            0.2447E+15      0.2447E+15   0.4714E+08   0.1926E-04   0.4255E+01   0.0000E+00
 fe+2          0.8254E+15      0.8254E+15  -0.8233E+06  -0.9975E-07   0.3999E+00   0.0000E+00
 sio2(aq)      0.2333E+17      0.2333E+17   0.8095E+07   0.3470E-07   0.1049E+00   0.0000E+00
 hco3-         0.4203E+16      0.4203E+16   0.6696E+11   0.1593E-02  -0.1742E+03   0.0000E+00
 so4-2         0.4303E+06      0.4304E+06   0.1011E+02   0.2349E-02  -0.1000E+03   0.0000E+00
 alo2-         0.1051E+16      0.1051E+16  -0.1304E+03  -0.1240E-10  -0.1996E-01   0.0000E+00
 cl-           0.3254E+15      0.3254E+15   0.7896E+10   0.2426E-02  -0.1000E+03   0.0000E+00
 o2(aq)       -0.2810E+14     -0.2810E+14  -0.6670E+09   0.2373E-02  -0.1000E+03   0.0000E+00
 ---------------------------------------------------------------------------------------------


 Mass (mol) balance for the whole system at time 0.14001E+05 days:

                        Total Moles    
 ---------------------------------------------------------------------------------------------
  Component     Input    Output        Initial           Current             Residual
                                   Aqueous Solid+gas Aqueous  Solid+gas   Tot(mol) Max(mol/m3)
 ---------------------------------------------------------------------------------------------
  ca+2       0.000E+00 0.000E+00 0.158E+13 0.343E+16 0.159E+13 0.343E+16 0.000E+00 0.000E+00
  mg+2       0.000E+00 0.000E+00 0.220E+09 0.114E+15 0.201E+09 0.114E+15 0.000E+00 0.000E+00
  na+        0.000E+00 0.000E+00 0.322E+15 0.000E+00 0.322E+15 0.543E+08 0.000E+00 0.000E+00
  k+         0.000E+00 0.000E+00 0.194E+13 0.243E+15 0.194E+13 0.243E+15 0.000E+00 0.000E+00
  fe+2       0.000E+00 0.000E+00 0.122E+11 0.825E+15 0.125E+11 0.825E+15 0.000E+00 0.000E+00
  sio2(aq)   0.000E+00 0.000E+00 0.339E+12 0.233E+17 0.327E+12 0.233E+17 0.000E+00 0.000E+00
  hco3-      0.000E+00 0.000E+00 0.149E+14 0.419E+16 0.149E+14 0.419E+16 0.000E+00 0.000E+00
  so4-2      0.000E+00 0.000E+00 0.430E+06 0.000E+00 0.430E+06 0.000E+00 0.000E+00 0.000E+00
  alo2-      0.000E+00 0.000E+00 0.181E+07 0.105E+16 0.119E+07 0.105E+16 0.000E+00 0.000E+00
  cl-        0.000E+00 0.000E+00 0.325E+15 0.000E+00 0.325E+15 0.000E+00 0.000E+00 0.000E+00
  o2(aq)     0.000E+00 0.000E+00-0.281E+14 0.000E+00-0.281E+14 0.303E+05 0.000E+00 0.000E+00
 
             Total Moles and Mass Balances     
               Input+Initial  Output+Current Difference   RelDiff%   DSol/liq%  Tdry/Tvol(mol/m3)
 ---------------------------------------------------------------------------------------------
 ca+2          0.3428E+16      0.3428E+16   0.1204E+09   0.3514E-05  -0.1330E+01   0.0000E+00
 mg+2          0.1142E+15      0.1142E+15   0.1614E+04   0.1414E-08   0.8582E-02   0.0000E+00
 na+           0.3220E+15      0.3220E+15   0.7841E+10   0.2435E-02  -0.1007E+03   0.0000E+00
 k+            0.2447E+15      0.2447E+15   0.4731E+08   0.1933E-04   0.2844E+01   0.0000E+00
 fe+2          0.8254E+15      0.8254E+15  -0.1913E+07  -0.2318E-06   0.9147E+00   0.0000E+00
 sio2(aq)      0.2333E+17      0.2333E+17   0.8136E+07   0.3487E-07   0.7157E-01   0.0000E+00
 hco3-         0.4203E+16      0.4203E+16   0.6915E+11   0.1645E-02  -0.1639E+03   0.0000E+00
 so4-2         0.4303E+06      0.4304E+06   0.1004E+02   0.2332E-02  -0.1000E+03   0.0000E+00
 alo2-         0.1051E+16      0.1051E+16  -0.2231E+03  -0.2122E-10  -0.3592E-01   0.0000E+00
 cl-           0.3254E+15      0.3254E+15   0.7926E+10   0.2435E-02  -0.1000E+03   0.0000E+00
 o2(aq)       -0.2810E+14     -0.2810E+14  -0.6646E+09   0.2365E-02  -0.1000E+03   0.0000E+00
 ---------------------------------------------------------------------------------------------
